#
# There is insufficient memory for the Java Runtime Environment to continue.
# Native memory allocation (malloc) failed to allocate 2100016 bytes for Chunk::new
# Possible reasons:
#   The system is out of physical RAM or swap space
#   The process is running with CompressedOops enabled, and the Java Heap may be blocking the growth of the native heap
# Possible solutions:
#   Reduce memory load on the system
#   Increase physical memory or swap space
#   Check if swap backing store is full
#   Decrease Java heap size (-Xmx/-Xms)
#   Decrease number of Java threads
#   Decrease Java thread stack sizes (-Xss)
#   Set larger code cache with -XX:ReservedCodeCacheSize=
#   JVM is running with Unscaled Compressed Oops mode in which the Java heap is
#     placed in the first 4GB address space. The Java Heap base address is the
#     maximum limit for the native heap growth. Please use -XX:HeapBaseMinAddress
#     to set the Java Heap base and to place the Java Heap above 4GB virtual address.
# This output file may be truncated or incomplete.
#
#  Out of Memory Error (./src/hotspot/share/memory/arena.cpp:197), pid=8944, tid=15096
#
# JRE version: OpenJDK Runtime Environment (11.0.10) (build 11.0.10+0-b96-7249189)
# Java VM: OpenJDK 64-Bit Server VM (11.0.10+0-b96-7249189, mixed mode, tiered, compressed oops, g1 gc, windows-amd64)
# No core dump will be written. Minidumps are not enabled by default on client versions of Windows
#

---------------  S U M M A R Y ------------

Command Line: --add-opens=java.base/java.util=ALL-UNNAMED --add-opens=java.base/java.lang=ALL-UNNAMED --add-opens=java.base/java.lang.invoke=ALL-UNNAMED --add-opens=java.base/java.util=ALL-UNNAMED --add-opens=java.prefs/java.util.prefs=ALL-UNNAMED --add-opens=java.prefs/java.util.prefs=ALL-UNNAMED --add-opens=java.base/java.nio.charset=ALL-UNNAMED --add-opens=java.base/java.net=ALL-UNNAMED --add-opens=java.base/java.util.concurrent.atomic=ALL-UNNAMED -Xmx2048m -Dfile.encoding=UTF-8 -Duser.country=TR -Duser.language=tr -Duser.variant org.gradle.launcher.daemon.bootstrap.GradleDaemon 7.0.2

Host: AMD Ryzen 5 3500U with Radeon Vega Mobile Gfx  , 8 cores, 5G,  Windows 10 , 64 bit Build 19041 (10.0.19041.1151)
Time: Thu Sep 23 18:05:35 2021 Türkiye Standart Saati elapsed time: 37.106609 seconds (0d 0h 0m 37s)

---------------  T H R E A D  ---------------

Current thread (0x0000024963adf000):  JavaThread "C2 CompilerThread0" daemon [_thread_in_native, id=15096, stack(0x00000071b5c00000,0x00000071b5d00000)]


Current CompileTask:
C2:  37106 14320       4       org.gradle.internal.instantiation.generator.AbstractClassGenerator::inspectType (560 bytes)

Stack: [0x00000071b5c00000,0x00000071b5d00000]
Native frames: (J=compiled Java code, j=interpreted, Vv=VM code, C=native code)
V  [jvm.dll+0x5ecfaa]
V  [jvm.dll+0x722bd5]
V  [jvm.dll+0x72412d]
V  [jvm.dll+0x7247e3]
V  [jvm.dll+0x242928]
V  [jvm.dll+0xbc4fc]
V  [jvm.dll+0xbca0c]
V  [jvm.dll+0x352d7d]
V  [jvm.dll+0x320ad3]
V  [jvm.dll+0x31ffca]
V  [jvm.dll+0x1fb602]
V  [jvm.dll+0x1fa7f4]
V  [jvm.dll+0x18354c]
V  [jvm.dll+0x208ee7]
V  [jvm.dll+0x207731]
V  [jvm.dll+0x6eb1cf]
V  [jvm.dll+0x6e3d45]
V  [jvm.dll+0x5ebe96]
C  [ucrtbase.dll+0x21bb2]
C  [KERNEL32.DLL+0x17034]
C  [ntdll.dll+0x52651]


---------------  P R O C E S S  ---------------

Threads class SMR info:
_java_thread_list=0x0000024965df9af0, length=78, elements={
0x0000024948d1f000, 0x00000249631b0800, 0x00000249631bb000, 0x00000249631d0000,
0x00000249631d2000, 0x00000249631d3000, 0x0000024963adf000, 0x0000024963ae0000,
0x00000249631dd000, 0x0000024963c59000, 0x00000249663b8800, 0x0000024965108800,
0x00000249659c3800, 0x0000024963d91000, 0x0000024965453800, 0x00000249665e9000,
0x00000249654ea800, 0x0000024966086800, 0x0000024966bb3800, 0x00000249665f7000,
0x00000249665f5800, 0x00000249665f8000, 0x00000249665f6000, 0x00000249665f4800,
0x00000249665f2000, 0x00000249665f8800, 0x00000249665f3000, 0x000002496655e000,
0x000002496655e800, 0x000002496655f800, 0x0000024966560000, 0x000002496655a800,
0x0000024966561000, 0x0000024966563800, 0x0000024966566000, 0x0000024966567800,
0x0000024966566800, 0x0000024966564800, 0x0000024966568800, 0x0000024966562800,
0x0000024967516800, 0x0000024967519000, 0x0000024967518800, 0x000002496751b800,
0x000002496751d000, 0x0000024967517800, 0x000002496751f800, 0x000002496751a800,
0x000002496751e000, 0x000002496751f000, 0x0000024967521000, 0x0000024967522000,
0x000002496751c800, 0x0000024967525800, 0x0000024967523000, 0x0000024967523800,
0x0000024967524800, 0x000002496655d000, 0x000002496ab75000, 0x000002496ab71000,
0x000002496ab72000, 0x000002496ab72800, 0x000002496ab73800, 0x000002496ab76000,
0x000002496ab76800, 0x00000249665f3800, 0x000002496909a800, 0x0000024969098800,
0x0000024969094800, 0x0000024969095800, 0x000002496909b000, 0x000002496909c000,
0x0000024969096800, 0x000002496909d000, 0x000002496909d800, 0x0000024969098000,
0x000002496909e800, 0x000002496909f000
}

Java Threads: ( => current thread )
  0x0000024948d1f000 JavaThread "main" [_thread_blocked, id=14744, stack(0x00000071b5000000,0x00000071b5100000)]
  0x00000249631b0800 JavaThread "Reference Handler" daemon [_thread_blocked, id=6628, stack(0x00000071b5700000,0x00000071b5800000)]
  0x00000249631bb000 JavaThread "Finalizer" daemon [_thread_blocked, id=18952, stack(0x00000071b5800000,0x00000071b5900000)]
  0x00000249631d0000 JavaThread "Signal Dispatcher" daemon [_thread_blocked, id=21328, stack(0x00000071b5900000,0x00000071b5a00000)]
  0x00000249631d2000 JavaThread "Attach Listener" daemon [_thread_blocked, id=17716, stack(0x00000071b5a00000,0x00000071b5b00000)]
  0x00000249631d3000 JavaThread "Service Thread" daemon [_thread_blocked, id=6180, stack(0x00000071b5b00000,0x00000071b5c00000)]
=>0x0000024963adf000 JavaThread "C2 CompilerThread0" daemon [_thread_in_native, id=15096, stack(0x00000071b5c00000,0x00000071b5d00000)]
  0x0000024963ae0000 JavaThread "C1 CompilerThread0" daemon [_thread_blocked, id=5412, stack(0x00000071b5d00000,0x00000071b5e00000)]
  0x00000249631dd000 JavaThread "Sweeper thread" daemon [_thread_blocked, id=20856, stack(0x00000071b5e00000,0x00000071b5f00000)]
  0x0000024963c59000 JavaThread "Common-Cleaner" daemon [_thread_blocked, id=14648, stack(0x00000071b5f00000,0x00000071b6000000)]
  0x00000249663b8800 JavaThread "Daemon health stats" [_thread_blocked, id=19908, stack(0x00000071b6400000,0x00000071b6500000)]
  0x0000024965108800 JavaThread "Incoming local TCP Connector on port 51850" [_thread_in_native, id=20452, stack(0x00000071b6100000,0x00000071b6200000)]
  0x00000249659c3800 JavaThread "Daemon periodic checks" [_thread_blocked, id=16500, stack(0x00000071b6200000,0x00000071b6300000)]
  0x0000024963d91000 JavaThread "Daemon" [_thread_blocked, id=2136, stack(0x00000071b6800000,0x00000071b6900000)]
  0x0000024965453800 JavaThread "Handler for socket connection from /127.0.0.1:51850 to /127.0.0.1:51851" [_thread_in_native, id=11636, stack(0x00000071b6900000,0x00000071b6a00000)]
  0x00000249665e9000 JavaThread "Cancel handler" [_thread_blocked, id=17032, stack(0x00000071b6a00000,0x00000071b6b00000)]
  0x00000249654ea800 JavaThread "Daemon worker" [_thread_blocked, id=18204, stack(0x00000071b6b00000,0x00000071b6c00000)]
  0x0000024966086800 JavaThread "Asynchronous log dispatcher for DefaultDaemonConnection: socket connection from /127.0.0.1:51850 to /127.0.0.1:51851" [_thread_blocked, id=6264, stack(0x00000071b6d00000,0x00000071b6e00000)]
  0x0000024966bb3800 JavaThread "Stdin handler" [_thread_blocked, id=12440, stack(0x00000071b6e00000,0x00000071b6f00000)]
  0x00000249665f7000 JavaThread "Daemon client event forwarder" [_thread_blocked, id=4560, stack(0x00000071b6f00000,0x00000071b7000000)]
  0x00000249665f5800 JavaThread "Cache worker for file hash cache (C:\Users\rasim\.gradle\caches\7.0.2\fileHashes)" [_thread_blocked, id=18156, stack(0x00000071b7300000,0x00000071b7400000)]
  0x00000249665f8000 JavaThread "File lock request listener" [_thread_in_native, id=18568, stack(0x00000071b7400000,0x00000071b7500000)]
  0x00000249665f6000 JavaThread "Cache worker for journal cache (C:\Users\rasim\.gradle\caches\journal-1)" [_thread_blocked, id=12008, stack(0x00000071b7600000,0x00000071b7700000)]
  0x00000249665f4800 JavaThread "Cache worker for file hash cache (C:\Users\rasim\OneDrive\weatherApp\.gradle\7.0.2\fileHashes)" [_thread_blocked, id=4216, stack(0x00000071b7800000,0x00000071b7900000)]
  0x00000249665f2000 JavaThread "File watcher server" daemon [_thread_in_native, id=17856, stack(0x00000071b7900000,0x00000071b7a00000)]
  0x00000249665f8800 JavaThread "File watcher consumer" daemon [_thread_blocked, id=19820, stack(0x00000071b7a00000,0x00000071b7b00000)]
  0x00000249665f3000 JavaThread "Cache worker for checksums cache (C:\Users\rasim\OneDrive\weatherApp\.gradle\checksums)" [_thread_blocked, id=15912, stack(0x00000071b7b00000,0x00000071b7c00000)]
  0x000002496655e000 JavaThread "Cache worker for cache directory md-supplier (C:\Users\rasim\.gradle\caches\7.0.2\md-supplier)" [_thread_blocked, id=6132, stack(0x00000071b7c00000,0x00000071b7d00000)]
  0x000002496655e800 JavaThread "Cache worker for cache directory md-rule (C:\Users\rasim\.gradle\caches\7.0.2\md-rule)" [_thread_blocked, id=1268, stack(0x00000071b7e00000,0x00000071b7f00000)]
  0x000002496655f800 JavaThread "Cache worker for execution history cache (C:\Users\rasim\.gradle\caches\7.0.2\executionHistory)" [_thread_blocked, id=20748, stack(0x00000071b7f00000,0x00000071b8000000)]
  0x0000024966560000 JavaThread "jar transforms" [_thread_blocked, id=5136, stack(0x00000071b8000000,0x00000071b8100000)]
  0x000002496655a800 JavaThread "jar transforms Thread 2" [_thread_blocked, id=4580, stack(0x00000071b8100000,0x00000071b8200000)]
  0x0000024966561000 JavaThread "Cache worker for file content cache (C:\Users\rasim\.gradle\caches\7.0.2\fileContent)" [_thread_blocked, id=20664, stack(0x00000071b8200000,0x00000071b8300000)]
  0x0000024966563800 JavaThread "Cache worker for dependencies-accessors (C:\Users\rasim\OneDrive\weatherApp\.gradle\7.0.2\dependencies-accessors)" [_thread_blocked, id=6308, stack(0x00000071b8300000,0x00000071b8400000)]
  0x0000024966566000 JavaThread "jar transforms Thread 3" [_thread_blocked, id=9812, stack(0x00000071b8400000,0x00000071b8500000)]
  0x0000024966567800 JavaThread "Cache worker for Build Output Cleanup Cache (C:\Users\rasim\OneDrive\weatherApp\.gradle\buildOutputCleanup)" [_thread_blocked, id=16272, stack(0x00000071b8500000,0x00000071b8600000)]
  0x0000024966566800 JavaThread "Build operations" [_thread_blocked, id=14352, stack(0x00000071b8600000,0x00000071b8700000)]
  0x0000024966564800 JavaThread "Build operations Thread 2" [_thread_blocked, id=21476, stack(0x00000071b8700000,0x00000071b8800000)]
  0x0000024966568800 JavaThread "Build operations Thread 3" [_thread_blocked, id=9928, stack(0x00000071b8800000,0x00000071b8900000)]
  0x0000024966562800 JavaThread "Build operations Thread 4" [_thread_blocked, id=14628, stack(0x00000071b8900000,0x00000071b8a00000)]
  0x0000024967516800 JavaThread "Build operations Thread 5" [_thread_blocked, id=7724, stack(0x00000071b8a00000,0x00000071b8b00000)]
  0x0000024967519000 JavaThread "Build operations Thread 6" [_thread_blocked, id=5776, stack(0x00000071b8b00000,0x00000071b8c00000)]
  0x0000024967518800 JavaThread "Build operations Thread 7" [_thread_blocked, id=10276, stack(0x00000071b8c00000,0x00000071b8d00000)]
  0x000002496751b800 JavaThread "Build operations Thread 8" [_thread_blocked, id=19996, stack(0x00000071b8d00000,0x00000071b8e00000)]
  0x000002496751d000 JavaThread "jar transforms Thread 4" [_thread_blocked, id=11084, stack(0x00000071b8e00000,0x00000071b8f00000)]
  0x0000024967517800 JavaThread "jar transforms Thread 5" [_thread_blocked, id=2812, stack(0x00000071b8f00000,0x00000071b9000000)]
  0x000002496751f800 JavaThread "jar transforms Thread 6" [_thread_blocked, id=2120, stack(0x00000071b9000000,0x00000071b9100000)]
  0x000002496751a800 JavaThread "jar transforms Thread 7" [_thread_blocked, id=20292, stack(0x00000071b9100000,0x00000071b9200000)]
  0x000002496751e000 JavaThread "jar transforms Thread 8" [_thread_blocked, id=20824, stack(0x00000071b9200000,0x00000071b9300000)]
  0x000002496751f000 JavaThread "Memory manager" [_thread_blocked, id=6924, stack(0x00000071b9300000,0x00000071b9400000)]
  0x0000024967521000 JavaThread "build event listener" [_thread_blocked, id=20352, stack(0x00000071b7d00000,0x00000071b7e00000)]
  0x0000024967522000 JavaThread "Execution worker for ':'" [_thread_blocked, id=9324, stack(0x00000071b9400000,0x00000071b9500000)]
  0x000002496751c800 JavaThread "Execution worker for ':' Thread 2" [_thread_blocked, id=20928, stack(0x00000071b9500000,0x00000071b9600000)]
  0x0000024967525800 JavaThread "Execution worker for ':' Thread 3" [_thread_blocked, id=18988, stack(0x00000071b9600000,0x00000071b9700000)]
  0x0000024967523000 JavaThread "Execution worker for ':' Thread 4" [_thread_blocked, id=512, stack(0x00000071b9700000,0x00000071b9800000)]
  0x0000024967523800 JavaThread "Execution worker for ':' Thread 5" [_thread_blocked, id=1040, stack(0x00000071b9800000,0x00000071b9900000)]
  0x0000024967524800 JavaThread "Execution worker for ':' Thread 6" [_thread_blocked, id=5164, stack(0x00000071b9900000,0x00000071b9a00000)]
  0x000002496655d000 JavaThread "Execution worker for ':' Thread 7" [_thread_blocked, id=5068, stack(0x00000071b9a00000,0x00000071b9b00000)]
  0x000002496ab75000 JavaThread "Cache worker for execution history cache (C:\Users\rasim\OneDrive\weatherApp\.gradle\7.0.2\executionHistory)" [_thread_blocked, id=3284, stack(0x00000071b9b00000,0x00000071b9c00000)]
  0x000002496ab71000 JavaThread "WorkerExecutor Queue" [_thread_in_Java, id=7192, stack(0x00000071b9c00000,0x00000071b9d00000)]
  0x000002496ab72000 JavaThread "pool-3-thread-1" [_thread_blocked, id=6072, stack(0x00000071b9d00000,0x00000071b9e00000)]
  0x000002496ab72800 JavaThread "stderr" [_thread_in_native, id=7436, stack(0x00000071b9e00000,0x00000071b9f00000)]
  0x000002496ab73800 JavaThread "stdout" [_thread_in_native, id=20904, stack(0x00000071b9f00000,0x00000071ba000000)]
  0x000002496ab76000 JavaThread "RMI Scheduler(0)" daemon [_thread_blocked, id=20924, stack(0x00000071ba000000,0x00000071ba100000)]
  0x000002496ab76800 JavaThread "RMI GC Daemon" daemon [_thread_blocked, id=19380, stack(0x00000071ba200000,0x00000071ba300000)]
  0x00000249665f3800 JavaThread "RMI TCP Accept-0" daemon [_thread_in_native, id=15544, stack(0x00000071ba300000,0x00000071ba400000)]
  0x000002496909a800 JavaThread "RMI Reaper" [_thread_blocked, id=18192, stack(0x00000071ba400000,0x00000071ba500000)]
  0x0000024969098800 JavaThread "RMI TCP Connection(1)-127.0.0.1" daemon [_thread_in_native, id=20192, stack(0x00000071ba500000,0x00000071ba600000)]
  0x0000024969094800 JavaThread "Cache worker for Java compile cache (C:\Users\rasim\.gradle\caches\7.0.2\javaCompile)" [_thread_blocked, id=7452, stack(0x00000071b7700000,0x00000071b7800000)]
  0x0000024969095800 JavaThread "Cache worker for Java compile cache (C:\Users\rasim\OneDrive\weatherApp\.gradle\7.0.2\javaCompile)" [_thread_blocked, id=21044, stack(0x00000071ba600000,0x00000071ba700000)]
  0x000002496909b000 JavaThread "WorkerExecutor Queue Thread 2" [_thread_blocked, id=12804, stack(0x00000071ba800000,0x00000071ba900000)]
  0x000002496909c000 JavaThread "WorkerExecutor Queue Thread 3" [_thread_blocked, id=20276, stack(0x00000071ba900000,0x00000071baa00000)]
  0x0000024969096800 JavaThread "WorkerExecutor Queue Thread 4" [_thread_blocked, id=16356, stack(0x00000071baa00000,0x00000071bab00000)]
  0x000002496909d000 JavaThread "WorkerExecutor Queue Thread 5" [_thread_blocked, id=18956, stack(0x00000071bab00000,0x00000071bac00000)]
  0x000002496909d800 JavaThread "WorkerExecutor Queue Thread 6" [_thread_blocked, id=17404, stack(0x00000071bac00000,0x00000071bad00000)]
  0x0000024969098000 JavaThread "WorkerExecutor Queue Thread 7" [_thread_blocked, id=11612, stack(0x00000071bad00000,0x00000071bae00000)]
  0x000002496909e800 JavaThread "WorkerExecutor Queue Thread 8" [_thread_blocked, id=6504, stack(0x00000071bae00000,0x00000071baf00000)]
  0x000002496909f000 JavaThread "WorkerExecutor Queue Thread 10" [_thread_blocked, id=10384, stack(0x00000071baf00000,0x00000071bb000000)]

Other Threads:
  0x0000024963168800 VMThread "VM Thread" [stack: 0x00000071b5600000,0x00000071b5700000] [id=16612]
  0x0000024963c5a000 WatcherThread [stack: 0x00000071b6000000,0x00000071b6100000] [id=13564]
  0x0000024948d37000 GCTaskThread "GC Thread#0" [stack: 0x00000071b5100000,0x00000071b5200000] [id=20516]
  0x0000024964b54000 GCTaskThread "GC Thread#1" [stack: 0x00000071b6300000,0x00000071b6400000] [id=17788]
  0x0000024965b71000 GCTaskThread "GC Thread#2" [stack: 0x00000071b6500000,0x00000071b6600000] [id=2496]
  0x0000024965001000 GCTaskThread "GC Thread#3" [stack: 0x00000071b6600000,0x00000071b6700000] [id=18644]
  0x00000249664e3800 GCTaskThread "GC Thread#4" [stack: 0x00000071b6c00000,0x00000071b6d00000] [id=21008]
  0x0000024966828800 GCTaskThread "GC Thread#5" [stack: 0x00000071b7000000,0x00000071b7100000] [id=7824]
  0x0000024965af2800 GCTaskThread "GC Thread#6" [stack: 0x00000071b7100000,0x00000071b7200000] [id=10844]
  0x00000249660a4800 GCTaskThread "GC Thread#7" [stack: 0x00000071b7200000,0x00000071b7300000] [id=9348]
  0x0000024948d68000 ConcurrentGCThread "G1 Main Marker" [stack: 0x00000071b5200000,0x00000071b5300000] [id=7332]
  0x0000024948d69800 ConcurrentGCThread "G1 Conc#0" [stack: 0x00000071b5300000,0x00000071b5400000] [id=15012]
  0x00000249659ac800 ConcurrentGCThread "G1 Conc#1" [stack: 0x00000071b7500000,0x00000071b7600000] [id=7796]
  0x0000024948def000 ConcurrentGCThread "G1 Refine#0" [stack: 0x00000071b5400000,0x00000071b5500000] [id=2208]
  0x0000024965a0e800 ConcurrentGCThread "G1 Refine#1" [stack: 0x00000071b6700000,0x00000071b6800000] [id=13508]
  0x0000024948df0000 ConcurrentGCThread "G1 Young RemSet Sampling" [stack: 0x00000071b5500000,0x00000071b5600000] [id=20280]

Threads with active compile tasks:
C2 CompilerThread0  37179 14320       4       org.gradle.internal.instantiation.generator.AbstractClassGenerator::inspectType (560 bytes)

VM state:not at safepoint (normal execution)

VM Mutex/Monitor currently owned by a thread: None

Heap address: 0x0000000080000000, size: 2048 MB, Compressed Oops mode: 32-bit
Narrow klass base: 0x0000000000000000, Narrow klass shift: 3
Compressed class space size: 1073741824 Address: 0x0000000100000000

Heap:
 garbage-first heap   total 172032K, used 137626K [0x0000000080000000, 0x0000000100000000)
  region size 1024K, 33 young (33792K), 5 survivors (5120K)
 Metaspace       used 114674K, capacity 117610K, committed 118656K, reserved 1150976K
  class space    used 14989K, capacity 16114K, committed 16512K, reserved 1048576K
Heap Regions: E=young(eden), S=young(survivor), O=old, HS=humongous(starts), HC=humongous(continues), CS=collection set, F=free, A=archive, TAMS=top-at-mark-start (previous, next)
|   0|0x0000000080000000, 0x0000000080100000, 0x0000000080100000|100%| O|  |TAMS 0x0000000080100000, 0x0000000080000000| Untracked 
|   1|0x0000000080100000, 0x0000000080200000, 0x0000000080200000|100%| O|  |TAMS 0x0000000080200000, 0x0000000080100000| Untracked 
|   2|0x0000000080200000, 0x0000000080300000, 0x0000000080300000|100%| O|  |TAMS 0x0000000080300000, 0x0000000080200000| Untracked 
|   3|0x0000000080300000, 0x0000000080400000, 0x0000000080400000|100%|HS|  |TAMS 0x0000000080400000, 0x0000000080300000| Complete 
|   4|0x0000000080400000, 0x0000000080500000, 0x0000000080500000|100%|HC|  |TAMS 0x0000000080500000, 0x0000000080400000| Complete 
|   5|0x0000000080500000, 0x0000000080600000, 0x0000000080600000|100%|HC|  |TAMS 0x0000000080600000, 0x0000000080500000| Complete 
|   6|0x0000000080600000, 0x0000000080700000, 0x0000000080700000|100%| O|  |TAMS 0x0000000080700000, 0x0000000080600000| Untracked 
|   7|0x0000000080700000, 0x0000000080800000, 0x0000000080800000|100%| O|  |TAMS 0x0000000080800000, 0x0000000080700000| Untracked 
|   8|0x0000000080800000, 0x0000000080900000, 0x0000000080900000|100%| O|  |TAMS 0x0000000080900000, 0x0000000080800000| Untracked 
|   9|0x0000000080900000, 0x0000000080a00000, 0x0000000080a00000|100%| O|  |TAMS 0x0000000080a00000, 0x0000000080900000| Untracked 
|  10|0x0000000080a00000, 0x0000000080b00000, 0x0000000080b00000|100%| O|  |TAMS 0x0000000080b00000, 0x0000000080a00000| Untracked 
|  11|0x0000000080b00000, 0x0000000080c00000, 0x0000000080c00000|100%| O|  |TAMS 0x0000000080c00000, 0x0000000080b00000| Untracked 
|  12|0x0000000080c00000, 0x0000000080d00000, 0x0000000080d00000|100%| O|  |TAMS 0x0000000080d00000, 0x0000000080c00000| Untracked 
|  13|0x0000000080d00000, 0x0000000080e00000, 0x0000000080e00000|100%| O|  |TAMS 0x0000000080e00000, 0x0000000080d00000| Untracked 
|  14|0x0000000080e00000, 0x0000000080f00000, 0x0000000080f00000|100%| O|  |TAMS 0x0000000080f00000, 0x0000000080e00000| Untracked 
|  15|0x0000000080f00000, 0x0000000081000000, 0x0000000081000000|100%| O|  |TAMS 0x0000000081000000, 0x0000000080f00000| Untracked 
|  16|0x0000000081000000, 0x0000000081100000, 0x0000000081100000|100%| O|  |TAMS 0x0000000081100000, 0x0000000081000000| Untracked 
|  17|0x0000000081100000, 0x0000000081200000, 0x0000000081200000|100%| O|  |TAMS 0x0000000081200000, 0x0000000081100000| Untracked 
|  18|0x0000000081200000, 0x0000000081300000, 0x0000000081300000|100%| O|  |TAMS 0x0000000081300000, 0x0000000081200000| Untracked 
|  19|0x0000000081300000, 0x0000000081400000, 0x0000000081400000|100%| O|  |TAMS 0x0000000081400000, 0x0000000081300000| Untracked 
|  20|0x0000000081400000, 0x0000000081500000, 0x0000000081500000|100%| O|  |TAMS 0x0000000081500000, 0x0000000081400000| Untracked 
|  21|0x0000000081500000, 0x0000000081600000, 0x0000000081600000|100%| O|  |TAMS 0x0000000081600000, 0x0000000081500000| Untracked 
|  22|0x0000000081600000, 0x0000000081700000, 0x0000000081700000|100%| O|  |TAMS 0x0000000081700000, 0x0000000081600000| Untracked 
|  23|0x0000000081700000, 0x0000000081800000, 0x0000000081800000|100%| O|  |TAMS 0x0000000081800000, 0x0000000081700000| Untracked 
|  24|0x0000000081800000, 0x0000000081900000, 0x0000000081900000|100%| O|  |TAMS 0x0000000081900000, 0x0000000081800000| Untracked 
|  25|0x0000000081900000, 0x0000000081a00000, 0x0000000081a00000|100%|HS|  |TAMS 0x0000000081a00000, 0x0000000081900000| Complete 
|  26|0x0000000081a00000, 0x0000000081b00000, 0x0000000081b00000|100%|HS|  |TAMS 0x0000000081b00000, 0x0000000081a00000| Complete 
|  27|0x0000000081b00000, 0x0000000081c00000, 0x0000000081c00000|100%|HS|  |TAMS 0x0000000081c00000, 0x0000000081b00000| Complete 
|  28|0x0000000081c00000, 0x0000000081d00000, 0x0000000081d00000|100%|HS|  |TAMS 0x0000000081d00000, 0x0000000081c00000| Complete 
|  29|0x0000000081d00000, 0x0000000081e00000, 0x0000000081e00000|100%|HC|  |TAMS 0x0000000081e00000, 0x0000000081d00000| Complete 
|  30|0x0000000081e00000, 0x0000000081f00000, 0x0000000081f00000|100%|HC|  |TAMS 0x0000000081f00000, 0x0000000081e00000| Complete 
|  31|0x0000000081f00000, 0x0000000082000000, 0x0000000082000000|100%|HS|  |TAMS 0x0000000082000000, 0x0000000081f00000| Complete 
|  32|0x0000000082000000, 0x0000000082100000, 0x0000000082100000|100%|HC|  |TAMS 0x0000000082100000, 0x0000000082000000| Complete 
|  33|0x0000000082100000, 0x0000000082200000, 0x0000000082200000|100%| O|  |TAMS 0x0000000082200000, 0x0000000082100000| Untracked 
|  34|0x0000000082200000, 0x0000000082300000, 0x0000000082300000|100%| O|  |TAMS 0x0000000082300000, 0x0000000082200000| Untracked 
|  35|0x0000000082300000, 0x0000000082400000, 0x0000000082400000|100%| O|  |TAMS 0x0000000082400000, 0x0000000082300000| Untracked 
|  36|0x0000000082400000, 0x0000000082500000, 0x0000000082500000|100%| O|  |TAMS 0x0000000082500000, 0x0000000082400000| Untracked 
|  37|0x0000000082500000, 0x0000000082600000, 0x0000000082600000|100%| O|  |TAMS 0x0000000082600000, 0x0000000082500000| Untracked 
|  38|0x0000000082600000, 0x0000000082700000, 0x0000000082700000|100%| O|  |TAMS 0x0000000082700000, 0x0000000082600000| Untracked 
|  39|0x0000000082700000, 0x0000000082800000, 0x0000000082800000|100%| O|  |TAMS 0x0000000082800000, 0x0000000082700000| Untracked 
|  40|0x0000000082800000, 0x0000000082900000, 0x0000000082900000|100%| O|  |TAMS 0x0000000082900000, 0x0000000082800000| Untracked 
|  41|0x0000000082900000, 0x0000000082a00000, 0x0000000082a00000|100%| O|  |TAMS 0x0000000082a00000, 0x0000000082900000| Untracked 
|  42|0x0000000082a00000, 0x0000000082b00000, 0x0000000082b00000|100%| O|  |TAMS 0x0000000082b00000, 0x0000000082a00000| Untracked 
|  43|0x0000000082b00000, 0x0000000082c00000, 0x0000000082c00000|100%| O|  |TAMS 0x0000000082c00000, 0x0000000082b00000| Untracked 
|  44|0x0000000082c00000, 0x0000000082d00000, 0x0000000082d00000|100%| O|  |TAMS 0x0000000082d00000, 0x0000000082c00000| Untracked 
|  45|0x0000000082d00000, 0x0000000082e00000, 0x0000000082e00000|100%| O|  |TAMS 0x0000000082e00000, 0x0000000082d00000| Untracked 
|  46|0x0000000082e00000, 0x0000000082f00000, 0x0000000082f00000|100%| O|  |TAMS 0x0000000082f00000, 0x0000000082e00000| Untracked 
|  47|0x0000000082f00000, 0x0000000083000000, 0x0000000083000000|100%| O|  |TAMS 0x0000000083000000, 0x0000000082f00000| Untracked 
|  48|0x0000000083000000, 0x0000000083100000, 0x0000000083100000|100%| O|  |TAMS 0x0000000083100000, 0x0000000083000000| Untracked 
|  49|0x0000000083100000, 0x0000000083200000, 0x0000000083200000|100%| O|  |TAMS 0x0000000083200000, 0x0000000083100000| Untracked 
|  50|0x0000000083200000, 0x0000000083300000, 0x0000000083300000|100%| O|  |TAMS 0x0000000083300000, 0x0000000083200000| Untracked 
|  51|0x0000000083300000, 0x0000000083400000, 0x0000000083400000|100%| O|  |TAMS 0x0000000083400000, 0x0000000083300000| Untracked 
|  52|0x0000000083400000, 0x0000000083500000, 0x0000000083500000|100%| O|  |TAMS 0x0000000083500000, 0x0000000083400000| Untracked 
|  53|0x0000000083500000, 0x0000000083600000, 0x0000000083600000|100%| O|  |TAMS 0x0000000083600000, 0x0000000083500000| Untracked 
|  54|0x0000000083600000, 0x0000000083700000, 0x0000000083700000|100%| O|  |TAMS 0x0000000083700000, 0x0000000083600000| Untracked 
|  55|0x0000000083700000, 0x0000000083800000, 0x0000000083800000|100%| O|  |TAMS 0x0000000083800000, 0x0000000083700000| Untracked 
|  56|0x0000000083800000, 0x0000000083900000, 0x0000000083900000|100%| O|  |TAMS 0x0000000083900000, 0x0000000083800000| Untracked 
|  57|0x0000000083900000, 0x0000000083a00000, 0x0000000083a00000|100%| O|  |TAMS 0x0000000083a00000, 0x0000000083900000| Untracked 
|  58|0x0000000083a00000, 0x0000000083b00000, 0x0000000083b00000|100%| O|  |TAMS 0x0000000083b00000, 0x0000000083a00000| Untracked 
|  59|0x0000000083b00000, 0x0000000083c00000, 0x0000000083c00000|100%| O|  |TAMS 0x0000000083c00000, 0x0000000083b00000| Untracked 
|  60|0x0000000083c00000, 0x0000000083d00000, 0x0000000083d00000|100%| O|  |TAMS 0x0000000083d00000, 0x0000000083c00000| Untracked 
|  61|0x0000000083d00000, 0x0000000083e00000, 0x0000000083e00000|100%| O|  |TAMS 0x0000000083e00000, 0x0000000083d00000| Untracked 
|  62|0x0000000083e00000, 0x0000000083f00000, 0x0000000083f00000|100%| O|  |TAMS 0x0000000083f00000, 0x0000000083e00000| Untracked 
|  63|0x0000000083f00000, 0x0000000084000000, 0x0000000084000000|100%| O|  |TAMS 0x0000000084000000, 0x0000000083f00000| Untracked 
|  64|0x0000000084000000, 0x0000000084100000, 0x0000000084100000|100%| O|  |TAMS 0x0000000084100000, 0x0000000084000000| Untracked 
|  65|0x0000000084100000, 0x0000000084200000, 0x0000000084200000|100%| O|  |TAMS 0x0000000084200000, 0x0000000084100000| Untracked 
|  66|0x0000000084200000, 0x0000000084300000, 0x0000000084300000|100%| O|  |TAMS 0x0000000084300000, 0x0000000084200000| Untracked 
|  67|0x0000000084300000, 0x0000000084400000, 0x0000000084400000|100%| O|  |TAMS 0x0000000084400000, 0x0000000084300000| Untracked 
|  68|0x0000000084400000, 0x0000000084500000, 0x0000000084500000|100%| O|  |TAMS 0x0000000084500000, 0x0000000084400000| Untracked 
|  69|0x0000000084500000, 0x0000000084600000, 0x0000000084600000|100%| O|  |TAMS 0x0000000084600000, 0x0000000084500000| Untracked 
|  70|0x0000000084600000, 0x0000000084700000, 0x0000000084700000|100%| O|  |TAMS 0x0000000084700000, 0x0000000084600000| Untracked 
|  71|0x0000000084700000, 0x0000000084800000, 0x0000000084800000|100%| O|  |TAMS 0x0000000084800000, 0x0000000084700000| Untracked 
|  72|0x0000000084800000, 0x0000000084900000, 0x0000000084900000|100%| O|  |TAMS 0x0000000084900000, 0x0000000084800000| Untracked 
|  73|0x0000000084900000, 0x0000000084a00000, 0x0000000084a00000|100%| O|  |TAMS 0x0000000084a00000, 0x0000000084900000| Untracked 
|  74|0x0000000084a00000, 0x0000000084b00000, 0x0000000084b00000|100%| O|  |TAMS 0x0000000084b00000, 0x0000000084a00000| Untracked 
|  75|0x0000000084b00000, 0x0000000084c00000, 0x0000000084c00000|100%| O|  |TAMS 0x0000000084c00000, 0x0000000084b00000| Untracked 
|  76|0x0000000084c00000, 0x0000000084d00000, 0x0000000084d00000|100%| O|  |TAMS 0x0000000084d00000, 0x0000000084c00000| Untracked 
|  77|0x0000000084d00000, 0x0000000084e00000, 0x0000000084e00000|100%| O|  |TAMS 0x0000000084e00000, 0x0000000084d00000| Untracked 
|  78|0x0000000084e00000, 0x0000000084f00000, 0x0000000084f00000|100%| O|  |TAMS 0x0000000084f00000, 0x0000000084e00000| Untracked 
|  79|0x0000000084f00000, 0x0000000085000000, 0x0000000085000000|100%| O|  |TAMS 0x0000000085000000, 0x0000000084f00000| Untracked 
|  80|0x0000000085000000, 0x0000000085100000, 0x0000000085100000|100%| O|  |TAMS 0x0000000085100000, 0x0000000085000000| Untracked 
|  81|0x0000000085100000, 0x0000000085200000, 0x0000000085200000|100%| O|  |TAMS 0x0000000085200000, 0x0000000085100000| Untracked 
|  82|0x0000000085200000, 0x0000000085300000, 0x0000000085300000|100%| O|  |TAMS 0x0000000085300000, 0x0000000085200000| Untracked 
|  83|0x0000000085300000, 0x0000000085400000, 0x0000000085400000|100%| O|  |TAMS 0x0000000085400000, 0x0000000085300000| Untracked 
|  84|0x0000000085400000, 0x0000000085500000, 0x0000000085500000|100%| O|  |TAMS 0x0000000085500000, 0x0000000085400000| Untracked 
|  85|0x0000000085500000, 0x0000000085600000, 0x0000000085600000|100%| O|  |TAMS 0x0000000085600000, 0x0000000085500000| Untracked 
|  86|0x0000000085600000, 0x0000000085700000, 0x0000000085700000|100%| O|  |TAMS 0x0000000085700000, 0x0000000085600000| Untracked 
|  87|0x0000000085700000, 0x0000000085800000, 0x0000000085800000|100%| O|  |TAMS 0x0000000085800000, 0x0000000085700000| Untracked 
|  88|0x0000000085800000, 0x0000000085900000, 0x0000000085900000|100%| O|  |TAMS 0x0000000085900000, 0x0000000085800000| Untracked 
|  89|0x0000000085900000, 0x0000000085a00000, 0x0000000085a00000|100%| O|  |TAMS 0x0000000085a00000, 0x0000000085900000| Untracked 
|  90|0x0000000085a00000, 0x0000000085b00000, 0x0000000085b00000|100%| O|  |TAMS 0x0000000085b00000, 0x0000000085a00000| Untracked 
|  91|0x0000000085b00000, 0x0000000085b00000, 0x0000000085c00000|  0%| F|  |TAMS 0x0000000085b00000, 0x0000000085b00000| Untracked 
|  92|0x0000000085c00000, 0x0000000085c00000, 0x0000000085d00000|  0%| F|  |TAMS 0x0000000085c00000, 0x0000000085c00000| Untracked 
|  93|0x0000000085d00000, 0x0000000085e00000, 0x0000000085e00000|100%| O|  |TAMS 0x0000000085e00000, 0x0000000085d00000| Untracked 
|  94|0x0000000085e00000, 0x0000000085f00000, 0x0000000085f00000|100%| O|  |TAMS 0x0000000085f00000, 0x0000000085e00000| Untracked 
|  95|0x0000000085f00000, 0x0000000086000000, 0x0000000086000000|100%| O|  |TAMS 0x0000000086000000, 0x0000000085f00000| Untracked 
|  96|0x0000000086000000, 0x0000000086100000, 0x0000000086100000|100%| O|  |TAMS 0x0000000086100000, 0x0000000086000000| Untracked 
|  97|0x0000000086100000, 0x0000000086200000, 0x0000000086200000|100%| O|  |TAMS 0x0000000086200000, 0x0000000086100000| Untracked 
|  98|0x0000000086200000, 0x0000000086300000, 0x0000000086300000|100%| O|  |TAMS 0x0000000086300000, 0x0000000086200000| Untracked 
|  99|0x0000000086300000, 0x0000000086400000, 0x0000000086400000|100%| O|  |TAMS 0x0000000086400000, 0x0000000086300000| Untracked 
| 100|0x0000000086400000, 0x0000000086500000, 0x0000000086500000|100%| O|  |TAMS 0x0000000086500000, 0x0000000086400000| Untracked 
| 101|0x0000000086500000, 0x0000000086600000, 0x0000000086600000|100%| O|  |TAMS 0x0000000086600000, 0x0000000086500000| Untracked 
| 102|0x0000000086600000, 0x0000000086700000, 0x0000000086700000|100%| O|  |TAMS 0x0000000086700000, 0x0000000086600000| Untracked 
| 103|0x0000000086700000, 0x0000000086800000, 0x0000000086800000|100%| O|  |TAMS 0x0000000086800000, 0x0000000086700000| Untracked 
| 104|0x0000000086800000, 0x000000008684ea00, 0x0000000086900000| 30%| O|  |TAMS 0x000000008684ea00, 0x0000000086800000| Untracked 
| 105|0x0000000086900000, 0x0000000086a00000, 0x0000000086a00000|100%|HS|  |TAMS 0x0000000086900000, 0x0000000086900000| Complete 
| 106|0x0000000086a00000, 0x0000000086b00000, 0x0000000086b00000|100%|HS|  |TAMS 0x0000000086a00000, 0x0000000086a00000| Complete 
| 107|0x0000000086b00000, 0x0000000086b00000, 0x0000000086c00000|  0%| F|  |TAMS 0x0000000086b00000, 0x0000000086b00000| Untracked 
| 108|0x0000000086c00000, 0x0000000086c00000, 0x0000000086d00000|  0%| F|  |TAMS 0x0000000086c00000, 0x0000000086c00000| Untracked 
| 109|0x0000000086d00000, 0x0000000086d00000, 0x0000000086e00000|  0%| F|  |TAMS 0x0000000086d00000, 0x0000000086d00000| Untracked 
| 110|0x0000000086e00000, 0x0000000086e00000, 0x0000000086f00000|  0%| F|  |TAMS 0x0000000086e00000, 0x0000000086e00000| Untracked 
| 111|0x0000000086f00000, 0x0000000086f00000, 0x0000000087000000|  0%| F|  |TAMS 0x0000000086f00000, 0x0000000086f00000| Untracked 
| 112|0x0000000087000000, 0x0000000087000000, 0x0000000087100000|  0%| F|  |TAMS 0x0000000087000000, 0x0000000087000000| Untracked 
| 113|0x0000000087100000, 0x0000000087100000, 0x0000000087200000|  0%| F|  |TAMS 0x0000000087100000, 0x0000000087100000| Untracked 
| 114|0x0000000087200000, 0x0000000087200000, 0x0000000087300000|  0%| F|  |TAMS 0x0000000087200000, 0x0000000087200000| Untracked 
| 115|0x0000000087300000, 0x0000000087300000, 0x0000000087400000|  0%| F|  |TAMS 0x0000000087300000, 0x0000000087300000| Untracked 
| 116|0x0000000087400000, 0x0000000087400000, 0x0000000087500000|  0%| F|  |TAMS 0x0000000087400000, 0x0000000087400000| Untracked 
| 117|0x0000000087500000, 0x0000000087500000, 0x0000000087600000|  0%| F|  |TAMS 0x0000000087500000, 0x0000000087500000| Untracked 
| 118|0x0000000087600000, 0x0000000087600000, 0x0000000087700000|  0%| F|  |TAMS 0x0000000087600000, 0x0000000087600000| Untracked 
| 119|0x0000000087700000, 0x0000000087700000, 0x0000000087800000|  0%| F|  |TAMS 0x0000000087700000, 0x0000000087700000| Untracked 
| 120|0x0000000087800000, 0x0000000087800000, 0x0000000087900000|  0%| F|  |TAMS 0x0000000087800000, 0x0000000087800000| Untracked 
| 121|0x0000000087900000, 0x0000000087900000, 0x0000000087a00000|  0%| F|  |TAMS 0x0000000087900000, 0x0000000087900000| Untracked 
| 122|0x0000000087a00000, 0x0000000087a00000, 0x0000000087b00000|  0%| F|  |TAMS 0x0000000087a00000, 0x0000000087a00000| Untracked 
| 123|0x0000000087b00000, 0x0000000087b00000, 0x0000000087c00000|  0%| F|  |TAMS 0x0000000087b00000, 0x0000000087b00000| Untracked 
| 124|0x0000000087c00000, 0x0000000087c00000, 0x0000000087d00000|  0%| F|  |TAMS 0x0000000087c00000, 0x0000000087c00000| Untracked 
| 125|0x0000000087d00000, 0x0000000087d00000, 0x0000000087e00000|  0%| F|  |TAMS 0x0000000087d00000, 0x0000000087d00000| Untracked 
| 126|0x0000000087e00000, 0x0000000087e00000, 0x0000000087f00000|  0%| F|  |TAMS 0x0000000087e00000, 0x0000000087e00000| Untracked 
| 127|0x0000000087f00000, 0x0000000087f00000, 0x0000000088000000|  0%| F|  |TAMS 0x0000000087f00000, 0x0000000087f00000| Untracked 
| 128|0x0000000088000000, 0x0000000088000000, 0x0000000088100000|  0%| F|  |TAMS 0x0000000088000000, 0x0000000088000000| Untracked 
| 129|0x0000000088100000, 0x0000000088100000, 0x0000000088200000|  0%| F|  |TAMS 0x0000000088100000, 0x0000000088100000| Untracked 
| 130|0x0000000088200000, 0x0000000088200000, 0x0000000088300000|  0%| F|  |TAMS 0x0000000088200000, 0x0000000088200000| Untracked 
| 131|0x0000000088300000, 0x0000000088300000, 0x0000000088400000|  0%| F|  |TAMS 0x0000000088300000, 0x0000000088300000| Untracked 
| 132|0x0000000088400000, 0x0000000088400000, 0x0000000088500000|  0%| F|  |TAMS 0x0000000088400000, 0x0000000088400000| Untracked 
| 133|0x0000000088500000, 0x0000000088500000, 0x0000000088600000|  0%| F|  |TAMS 0x0000000088500000, 0x0000000088500000| Untracked 
| 134|0x0000000088600000, 0x0000000088600000, 0x0000000088700000|  0%| F|  |TAMS 0x0000000088600000, 0x0000000088600000| Untracked 
| 135|0x0000000088700000, 0x00000000887d3928, 0x0000000088800000| 82%| E|  |TAMS 0x0000000088700000, 0x0000000088700000| Complete 
| 136|0x0000000088800000, 0x0000000088900000, 0x0000000088900000|100%| E|CS|TAMS 0x0000000088800000, 0x0000000088800000| Complete 
| 137|0x0000000088900000, 0x0000000088a00000, 0x0000000088a00000|100%| E|CS|TAMS 0x0000000088900000, 0x0000000088900000| Complete 
| 138|0x0000000088a00000, 0x0000000088b00000, 0x0000000088b00000|100%| E|CS|TAMS 0x0000000088a00000, 0x0000000088a00000| Complete 
| 139|0x0000000088b00000, 0x0000000088c00000, 0x0000000088c00000|100%| E|CS|TAMS 0x0000000088b00000, 0x0000000088b00000| Complete 
| 140|0x0000000088c00000, 0x0000000088d00000, 0x0000000088d00000|100%| E|CS|TAMS 0x0000000088c00000, 0x0000000088c00000| Complete 
| 141|0x0000000088d00000, 0x0000000088e00000, 0x0000000088e00000|100%| E|CS|TAMS 0x0000000088d00000, 0x0000000088d00000| Complete 
| 142|0x0000000088e00000, 0x0000000088e18030, 0x0000000088f00000|  9%| S|CS|TAMS 0x0000000088e00000, 0x0000000088e00000| Complete 
| 143|0x0000000088f00000, 0x0000000089000000, 0x0000000089000000|100%| S|CS|TAMS 0x0000000088f00000, 0x0000000088f00000| Complete 
| 144|0x0000000089000000, 0x0000000089100000, 0x0000000089100000|100%| S|CS|TAMS 0x0000000089000000, 0x0000000089000000| Complete 
| 145|0x0000000089100000, 0x0000000089200000, 0x0000000089200000|100%| S|CS|TAMS 0x0000000089100000, 0x0000000089100000| Complete 
| 146|0x0000000089200000, 0x0000000089300000, 0x0000000089300000|100%| S|CS|TAMS 0x0000000089200000, 0x0000000089200000| Complete 
| 147|0x0000000089300000, 0x0000000089400000, 0x0000000089400000|100%| E|CS|TAMS 0x0000000089300000, 0x0000000089300000| Complete 
| 148|0x0000000089400000, 0x0000000089500000, 0x0000000089500000|100%| E|CS|TAMS 0x0000000089400000, 0x0000000089400000| Complete 
| 149|0x0000000089500000, 0x0000000089600000, 0x0000000089600000|100%| E|CS|TAMS 0x0000000089500000, 0x0000000089500000| Complete 
| 150|0x0000000089600000, 0x0000000089700000, 0x0000000089700000|100%| E|CS|TAMS 0x0000000089600000, 0x0000000089600000| Complete 
| 151|0x0000000089700000, 0x0000000089800000, 0x0000000089800000|100%| E|CS|TAMS 0x0000000089700000, 0x0000000089700000| Complete 
| 152|0x0000000089800000, 0x0000000089900000, 0x0000000089900000|100%| E|CS|TAMS 0x0000000089800000, 0x0000000089800000| Complete 
| 153|0x0000000089900000, 0x0000000089a00000, 0x0000000089a00000|100%| E|CS|TAMS 0x0000000089900000, 0x0000000089900000| Complete 
| 154|0x0000000089a00000, 0x0000000089b00000, 0x0000000089b00000|100%| E|CS|TAMS 0x0000000089a00000, 0x0000000089a00000| Complete 
| 155|0x0000000089b00000, 0x0000000089c00000, 0x0000000089c00000|100%| E|CS|TAMS 0x0000000089b00000, 0x0000000089b00000| Complete 
| 156|0x0000000089c00000, 0x0000000089d00000, 0x0000000089d00000|100%| E|CS|TAMS 0x0000000089c00000, 0x0000000089c00000| Complete 
| 157|0x0000000089d00000, 0x0000000089e00000, 0x0000000089e00000|100%| E|  |TAMS 0x0000000089d00000, 0x0000000089d00000| Complete 
| 158|0x0000000089e00000, 0x0000000089f00000, 0x0000000089f00000|100%| E|CS|TAMS 0x0000000089e00000, 0x0000000089e00000| Complete 
| 159|0x0000000089f00000, 0x000000008a000000, 0x000000008a000000|100%| E|CS|TAMS 0x0000000089f00000, 0x0000000089f00000| Complete 
| 160|0x000000008a000000, 0x000000008a100000, 0x000000008a100000|100%| E|CS|TAMS 0x000000008a000000, 0x000000008a000000| Complete 
| 161|0x000000008a100000, 0x000000008a200000, 0x000000008a200000|100%| E|CS|TAMS 0x000000008a100000, 0x000000008a100000| Complete 
| 162|0x000000008a200000, 0x000000008a300000, 0x000000008a300000|100%| E|CS|TAMS 0x000000008a200000, 0x000000008a200000| Complete 
| 163|0x000000008a300000, 0x000000008a400000, 0x000000008a400000|100%| E|CS|TAMS 0x000000008a300000, 0x000000008a300000| Complete 
| 164|0x000000008a400000, 0x000000008a500000, 0x000000008a500000|100%| E|CS|TAMS 0x000000008a400000, 0x000000008a400000| Complete 
| 165|0x000000008a500000, 0x000000008a600000, 0x000000008a600000|100%| E|CS|TAMS 0x000000008a500000, 0x000000008a500000| Complete 
| 166|0x000000008a600000, 0x000000008a700000, 0x000000008a700000|100%| E|CS|TAMS 0x000000008a600000, 0x000000008a600000| Complete 
| 167|0x000000008a700000, 0x000000008a800000, 0x000000008a800000|100%| E|CS|TAMS 0x000000008a700000, 0x000000008a700000| Complete 

Card table byte_map: [0x000002495bf40000,0x000002495c340000] _byte_map_base: 0x000002495bb40000

Marking Bits (Prev, Next): (CMBitMap*) 0x0000024948d5f578, (CMBitMap*) 0x0000024948d5f5b0
 Prev Bits: [0x000002495c740000, 0x000002495e740000)
 Next Bits: [0x000002495e740000, 0x0000024960740000)

Polling page: 0x0000024946c30000

Metaspace:

Usage:
  Non-class:     99.12 MB capacity,    97.35 MB ( 98%) used,     1.41 MB (  1%) free+waste,   363.00 KB ( <1%) overhead. 
      Class:     15.74 MB capacity,    14.64 MB ( 93%) used,   959.99 KB (  6%) free+waste,   164.50 KB (  1%) overhead. 
       Both:    114.85 MB capacity,   111.99 MB ( 98%) used,     2.35 MB (  2%) free+waste,   527.50 KB ( <1%) overhead. 

Virtual space:
  Non-class space:      100.00 MB reserved,      99.75 MB (>99%) committed 
      Class space:        1.00 GB reserved,      16.13 MB (  2%) committed 
             Both:        1.10 GB reserved,     115.88 MB ( 10%) committed 

Chunk freelists:
   Non-Class:  520.00 KB
       Class:  366.00 KB
        Both:  886.00 KB

MaxMetaspaceSize: 17179869184.00 GB
CompressedClassSpaceSize: 1.00 GB

CodeHeap 'non-profiled nmethods': size=120000Kb used=7785Kb max_used=7785Kb free=112214Kb
 bounds [0x00000249542e0000, 0x0000024954a80000, 0x000002495b810000]
CodeHeap 'profiled nmethods': size=120000Kb used=29619Kb max_used=29619Kb free=90380Kb
 bounds [0x000002494cdb0000, 0x000002494eaa0000, 0x00000249542e0000]
CodeHeap 'non-nmethods': size=5760Kb used=2357Kb max_used=2374Kb free=3402Kb
 bounds [0x000002494c810000, 0x000002494ca80000, 0x000002494cdb0000]
 total_blobs=15319 nmethods=14332 adapters=898
 compilation: enabled
              stopped_count=0, restarted_count=0
 full_count=0

Compilation events (20 events):
Event: 37.093 Thread 0x0000024963ae0000 14663       2       com.android.tools.r8.graph.P::a (32 bytes)
Event: 37.094 Thread 0x0000024963ae0000 nmethod 14663 0x000002494ea93c90 code [0x000002494ea93ea0, 0x000002494ea94158]
Event: 37.094 Thread 0x0000024963ae0000 14664       2       com.android.tools.r8.graph.E::a (30 bytes)
Event: 37.094 Thread 0x0000024963ae0000 nmethod 14664 0x000002494ea94390 code [0x000002494ea94560, 0x000002494ea94708]
Event: 37.094 Thread 0x0000024963ae0000 14666       2       com.android.tools.r8.graph.Z$$Lambda$1930/0x0000000100f9f040::get$Lambda (9 bytes)
Event: 37.094 Thread 0x0000024963ae0000 nmethod 14666 0x000002494ea94810 code [0x000002494ea949c0, 0x000002494ea94b38]
Event: 37.094 Thread 0x0000024963ae0000 14667       2       com.android.tools.r8.graph.Z$$Lambda$1930/0x0000000100f9f040::<init> (10 bytes)
Event: 37.095 Thread 0x0000024963ae0000 nmethod 14667 0x000002494ea94c10 code [0x000002494ea94dc0, 0x000002494ea94ef8]
Event: 37.095 Thread 0x0000024963ae0000 14668       2       com.android.tools.r8.graph.T0::a (15 bytes)
Event: 37.095 Thread 0x0000024963ae0000 nmethod 14668 0x000002494ea94f90 code [0x000002494ea95160, 0x000002494ea952b8]
Event: 37.095 Thread 0x0000024963ae0000 14649       2       com.android.tools.r8.internal.du$a::next (25 bytes)
Event: 37.095 Thread 0x0000024963ae0000 nmethod 14649 0x000002494ea95390 code [0x000002494ea95560, 0x000002494ea957c8]
Event: 37.095 Thread 0x0000024963ae0000 14651       2       com.android.tools.r8.internal.du$d::<init> (15 bytes)
Event: 37.095 Thread 0x0000024963ae0000 nmethod 14651 0x000002494ea95890 code [0x000002494ea95a40, 0x000002494ea95b98]
Event: 37.095 Thread 0x0000024963ae0000 14658       2       java.io.StringWriter::write (11 bytes)
Event: 37.095 Thread 0x0000024963ae0000 nmethod 14658 0x000002494ea95c10 code [0x000002494ea95dc0, 0x000002494ea960a8]
Event: 37.095 Thread 0x0000024963ae0000 14645       2       com.android.tools.r8.dex.j$$Lambda$2072/0x0000000100ecc040::a (9 bytes)
Event: 37.096 Thread 0x0000024963ae0000 nmethod 14645 0x000002494ea96190 code [0x000002494ea96340, 0x000002494ea96438]
Event: 37.096 Thread 0x0000024963ae0000 14669       3       java.util.TimSort::mergeHi (732 bytes)
Event: 37.099 Thread 0x0000024963ae0000 nmethod 14669 0x000002494ea96510 code [0x000002494ea968a0, 0x000002494ea98cf8]

GC Heap History (20 events):
Event: 25.342 GC heap before
{Heap before GC invocations=37 (full 0):
 garbage-first heap   total 143360K, used 116503K [0x0000000080000000, 0x0000000100000000)
  region size 1024K, 40 young (40960K), 6 survivors (6144K)
 Metaspace       used 89536K, capacity 91566K, committed 92032K, reserved 1128448K
  class space    used 11503K, capacity 12278K, committed 12416K, reserved 1048576K
}
Event: 25.353 GC heap after
{Heap after GC invocations=38 (full 0):
 garbage-first heap   total 143360K, used 84037K [0x0000000080000000, 0x0000000100000000)
  region size 1024K, 3 young (3072K), 3 survivors (3072K)
 Metaspace       used 89536K, capacity 91566K, committed 92032K, reserved 1128448K
  class space    used 11503K, capacity 12278K, committed 12416K, reserved 1048576K
}
Event: 26.040 GC heap before
{Heap before GC invocations=39 (full 0):
 garbage-first heap   total 143360K, used 117829K [0x0000000080000000, 0x0000000100000000)
  region size 1024K, 36 young (36864K), 3 survivors (3072K)
 Metaspace       used 91591K, capacity 93685K, committed 94080K, reserved 1130496K
  class space    used 11746K, capacity 12511K, committed 12672K, reserved 1048576K
}
Event: 26.049 GC heap after
{Heap after GC invocations=40 (full 0):
 garbage-first heap   total 172032K, used 86611K [0x0000000080000000, 0x0000000100000000)
  region size 1024K, 5 young (5120K), 5 survivors (5120K)
 Metaspace       used 91591K, capacity 93685K, committed 94080K, reserved 1130496K
  class space    used 11746K, capacity 12511K, committed 12672K, reserved 1048576K
}
Event: 32.285 GC heap before
{Heap before GC invocations=40 (full 0):
 garbage-first heap   total 172032K, used 131667K [0x0000000080000000, 0x0000000100000000)
  region size 1024K, 49 young (50176K), 5 survivors (5120K)
 Metaspace       used 94413K, capacity 96786K, committed 97024K, reserved 1132544K
  class space    used 12152K, capacity 13024K, committed 13056K, reserved 1048576K
}
Event: 32.293 GC heap after
{Heap after GC invocations=41 (full 0):
 garbage-first heap   total 172032K, used 88121K [0x0000000080000000, 0x0000000100000000)
  region size 1024K, 5 young (5120K), 5 survivors (5120K)
 Metaspace       used 94413K, capacity 96786K, committed 97024K, reserved 1132544K
  class space    used 12152K, capacity 13024K, committed 13056K, reserved 1048576K
}
Event: 33.323 GC heap before
{Heap before GC invocations=42 (full 0):
 garbage-first heap   total 172032K, used 133177K [0x0000000080000000, 0x0000000100000000)
  region size 1024K, 50 young (51200K), 5 survivors (5120K)
 Metaspace       used 99761K, capacity 102084K, committed 102400K, reserved 1138688K
  class space    used 12832K, capacity 13703K, committed 13824K, reserved 1048576K
}
Event: 33.334 GC heap after
{Heap after GC invocations=43 (full 0):
 garbage-first heap   total 172032K, used 93574K [0x0000000080000000, 0x0000000100000000)
  region size 1024K, 7 young (7168K), 7 survivors (7168K)
 Metaspace       used 99761K, capacity 102084K, committed 102400K, reserved 1138688K
  class space    used 12832K, capacity 13703K, committed 13824K, reserved 1048576K
}
Event: 33.502 GC heap before
{Heap before GC invocations=43 (full 0):
 garbage-first heap   total 172032K, used 98694K [0x0000000080000000, 0x0000000100000000)
  region size 1024K, 13 young (13312K), 7 survivors (7168K)
 Metaspace       used 101221K, capacity 103614K, committed 103808K, reserved 1138688K
  class space    used 13018K, capacity 13896K, committed 13952K, reserved 1048576K
}
Event: 33.520 GC heap after
{Heap after GC invocations=44 (full 0):
 garbage-first heap   total 172032K, used 94167K [0x0000000080000000, 0x0000000100000000)
  region size 1024K, 1 young (1024K), 1 survivors (1024K)
 Metaspace       used 101221K, capacity 103614K, committed 103808K, reserved 1138688K
  class space    used 13018K, capacity 13896K, committed 13952K, reserved 1048576K
}
Event: 34.590 GC heap before
{Heap before GC invocations=45 (full 0):
 garbage-first heap   total 172032K, used 123863K [0x0000000080000000, 0x0000000100000000)
  region size 1024K, 30 young (30720K), 1 survivors (1024K)
 Metaspace       used 102221K, capacity 104629K, committed 104704K, reserved 1140736K
  class space    used 13144K, capacity 14060K, committed 14080K, reserved 1048576K
}
Event: 34.594 GC heap after
{Heap after GC invocations=46 (full 0):
 garbage-first heap   total 172032K, used 97336K [0x0000000080000000, 0x0000000100000000)
  region size 1024K, 3 young (3072K), 3 survivors (3072K)
 Metaspace       used 102221K, capacity 104629K, committed 104704K, reserved 1140736K
  class space    used 13144K, capacity 14060K, committed 14080K, reserved 1048576K
}
Event: 35.285 GC heap before
{Heap before GC invocations=47 (full 0):
 garbage-first heap   total 172032K, used 136248K [0x0000000080000000, 0x0000000100000000)
  region size 1024K, 40 young (40960K), 3 survivors (3072K)
 Metaspace       used 106309K, capacity 108885K, committed 108928K, reserved 1142784K
  class space    used 13744K, capacity 14712K, committed 14720K, reserved 1048576K
}
Event: 35.298 GC heap after
{Heap after GC invocations=48 (full 0):
 garbage-first heap   total 172032K, used 103923K [0x0000000080000000, 0x0000000100000000)
  region size 1024K, 5 young (5120K), 5 survivors (5120K)
 Metaspace       used 106309K, capacity 108885K, committed 108928K, reserved 1142784K
  class space    used 13744K, capacity 14712K, committed 14720K, reserved 1048576K
}
Event: 35.827 GC heap before
{Heap before GC invocations=48 (full 0):
 garbage-first heap   total 172032K, used 136691K [0x0000000080000000, 0x0000000100000000)
  region size 1024K, 38 young (38912K), 5 survivors (5120K)
 Metaspace       used 111181K, capacity 114255K, committed 114432K, reserved 1148928K
  class space    used 14571K, capacity 15748K, committed 15872K, reserved 1048576K
}
Event: 35.847 GC heap after
{Heap after GC invocations=49 (full 0):
 garbage-first heap   total 172032K, used 108701K [0x0000000080000000, 0x0000000100000000)
  region size 1024K, 5 young (5120K), 5 survivors (5120K)
 Metaspace       used 111181K, capacity 114255K, committed 114432K, reserved 1148928K
  class space    used 14571K, capacity 15748K, committed 15872K, reserved 1048576K
}
Event: 36.257 GC heap before
{Heap before GC invocations=50 (full 0):
 garbage-first heap   total 172032K, used 139421K [0x0000000080000000, 0x0000000100000000)
  region size 1024K, 35 young (35840K), 5 survivors (5120K)
 Metaspace       used 112376K, capacity 115478K, committed 115584K, reserved 1148928K
  class space    used 14748K, capacity 15961K, committed 16000K, reserved 1048576K
}
Event: 36.266 GC heap after
{Heap after GC invocations=51 (full 0):
 garbage-first heap   total 172032K, used 108127K [0x0000000080000000, 0x0000000100000000)
  region size 1024K, 2 young (2048K), 2 survivors (2048K)
 Metaspace       used 112376K, capacity 115478K, committed 115584K, reserved 1148928K
  class space    used 14748K, capacity 15961K, committed 16000K, reserved 1048576K
}
Event: 36.513 GC heap before
{Heap before GC invocations=51 (full 0):
 garbage-first heap   total 172032K, used 128607K [0x0000000080000000, 0x0000000100000000)
  region size 1024K, 23 young (23552K), 2 survivors (2048K)
 Metaspace       used 113561K, capacity 116787K, committed 117120K, reserved 1150976K
  class space    used 14905K, capacity 16177K, committed 16256K, reserved 1048576K
}
Event: 36.519 GC heap after
{Heap after GC invocations=52 (full 0):
 garbage-first heap   total 172032K, used 111002K [0x0000000080000000, 0x0000000100000000)
  region size 1024K, 5 young (5120K), 5 survivors (5120K)
 Metaspace       used 113561K, capacity 116787K, committed 117120K, reserved 1150976K
  class space    used 14905K, capacity 16177K, committed 16256K, reserved 1048576K
}

Deoptimization events (20 events):
Event: 36.884 Thread 0x000002496909d000 Uncommon trap: trap_request=0xffffff4d fr.pc=0x000002495468c7dc relative=0x00000000000000bc
Event: 36.884 Thread 0x000002496ab71000 Uncommon trap: trap_request=0xffffff4d fr.pc=0x000002495468c7dc relative=0x00000000000000bc
Event: 36.884 Thread 0x000002496909d000 Uncommon trap: reason=unstable_if action=reinterpret pc=0x000002495468c7dc method=jdk.internal.misc.Unsafe.convEndian(ZS)S @ 4 c2
Event: 36.884 Thread 0x000002496909b000 Uncommon trap: trap_request=0xffffff4d fr.pc=0x000002495468c7dc relative=0x00000000000000bc
Event: 36.884 Thread 0x000002496ab71000 Uncommon trap: reason=unstable_if action=reinterpret pc=0x000002495468c7dc method=jdk.internal.misc.Unsafe.convEndian(ZS)S @ 4 c2
Event: 36.884 Thread 0x000002496909d000 DEOPT PACKING pc=0x000002495468c7dc sp=0x00000071babfd720
Event: 36.884 Thread 0x000002496ab71000 DEOPT PACKING pc=0x000002495468c7dc sp=0x00000071b9cfd280
Event: 36.884 Thread 0x000002496909b000 Uncommon trap: reason=unstable_if action=reinterpret pc=0x000002495468c7dc method=jdk.internal.misc.Unsafe.convEndian(ZS)S @ 4 c2
Event: 36.884 Thread 0x000002496909b000 DEOPT PACKING pc=0x000002495468c7dc sp=0x00000071ba8fd660
Event: 36.884 Thread 0x000002496909d000 DEOPT UNPACKING pc=0x000002494c8378af sp=0x00000071babfd5e0 mode 2
Event: 36.884 Thread 0x000002496ab71000 DEOPT UNPACKING pc=0x000002494c8378af sp=0x00000071b9cfd140 mode 2
Event: 36.884 Thread 0x000002496909b000 DEOPT UNPACKING pc=0x000002494c8378af sp=0x00000071ba8fd520 mode 2
Event: 36.967 Thread 0x000002496909b000 Uncommon trap: trap_request=0xffffff4d fr.pc=0x0000024954a75e68 relative=0x0000000000000328
Event: 36.968 Thread 0x000002496909b000 Uncommon trap: reason=unstable_if action=reinterpret pc=0x0000024954a75e68 method=com.android.tools.r8.graph.c0.a(Lcom/android/tools/r8/graph/c0;)I @ 83 c2
Event: 36.968 Thread 0x000002496909b000 DEOPT PACKING pc=0x0000024954a75e68 sp=0x00000071ba8fc8a0
Event: 36.968 Thread 0x000002496909b000 DEOPT UNPACKING pc=0x000002494c8378af sp=0x00000071ba8fc828 mode 2
Event: 37.077 Thread 0x000002496ab71000 DEOPT PACKING pc=0x000002494e9fe7b8 sp=0x00000071b9cfd100
Event: 37.077 Thread 0x000002496ab71000 DEOPT UNPACKING pc=0x000002494c8376ce sp=0x00000071b9cfc5b8 mode 0
Event: 37.096 Thread 0x000002496ab71000 DEOPT PACKING pc=0x000002494e977a3c sp=0x00000071b9cfc5b0
Event: 37.096 Thread 0x000002496ab71000 DEOPT UNPACKING pc=0x000002494c8376ce sp=0x00000071b9cfbaa0 mode 0

Classes redefined (0 events):
No events

Internal exceptions (20 events):
Event: 35.644 Thread 0x0000024969098000 Exception <a 'java/lang/NoSuchMethodError'{0x00000000894a38e0}: 'void java.lang.invoke.DirectMethodHandle$Holder.invokeVirtual(java.lang.Object, java.lang.Object, int, java.lang.Object)'> (0x00000000894a38e0) thrown at [./src/hotspot/share/interpreter/linkResolver.cpp, line 773]
Event: 35.660 Thread 0x000002496909c000 Exception <a 'java/lang/IncompatibleClassChangeError'{0x00000000893f04f0}: Found class java.lang.Object, but interface was expected> (0x00000000893f04f0) thrown at [./src/hotspot/share/interpreter/linkResolver.cpp, line 839]
Event: 35.661 Thread 0x000002496909c000 Exception <a 'java/lang/IncompatibleClassChangeError'{0x000000008926d798}: Found class java.lang.Object, but interface was expected> (0x000000008926d798) thrown at [./src/hotspot/share/interpreter/linkResolver.cpp, line 839]
Event: 35.748 Thread 0x000002496909c000 Exception <a 'java/lang/NoSuchMethodError'{0x0000000088c34a68}: 'java.lang.Object java.lang.invoke.DirectMethodHandle$Holder.newInvokeSpecial(java.lang.Object, int)'> (0x0000000088c34a68) thrown at [./src/hotspot/share/interpreter/linkResolver.cpp, line 773]
Event: 35.889 Thread 0x000002496909c000 Exception <a 'java/lang/NoSuchMethodError'{0x000000008a0823f8}: 'java.lang.Object java.lang.invoke.DirectMethodHandle$Holder.invokeInterface(java.lang.Object, java.lang.Object, int)'> (0x000000008a0823f8) thrown at [./src/hotspot/share/interpreter/linkResolver.cpp, line 773]
Event: 36.165 Thread 0x000002496909d000 Exception <a 'java/lang/NoSuchMethodError'{0x00000000893f12d8}: 'void java.lang.invoke.DirectMethodHandle$Holder.invokeSpecial(java.lang.Object, java.lang.Object, int, java.lang.Object, java.lang.Object, java.lang.Object, java.lang.Object)'> (0x00000000893f12d8) thrown at [./src/hotspot/share/interpreter/linkResolver.cpp, line 773]
Event: 36.167 Thread 0x000002496909d000 Exception <a 'java/lang/NoSuchMethodError'{0x0000000089263a58}: 'java.lang.Object java.lang.invoke.Invokers$Holder.linkToTargetMethod(java.lang.Object, int, java.lang.Object, java.lang.Object, java.lang.Object, java.lang.Object)'> (0x0000000089263a58) thrown at [./src/hotspot/share/interpreter/linkResolver.cpp, line 773]
Event: 36.168 Thread 0x000002496909d000 Exception <a 'java/lang/NoSuchMethodError'{0x0000000089267710}: 'void java.lang.invoke.DirectMethodHandle$Holder.invokeSpecial(java.lang.Object, java.lang.Object, java.lang.Object, java.lang.Object, java.lang.Object, java.lang.Object, java.lang.Object, java.lang.Object, java.lang.Object)'> (0x0000000089267710) thrown at [./src/hotspot/share/interpreter/linkResolver.cpp, line 773]
Event: 36.184 Thread 0x000002496909d000 Exception <a 'java/lang/NoSuchMethodError'{0x0000000089150d90}: 'void java.lang.invoke.DirectMethodHandle$Holder.invokeStatic(java.lang.Object, java.lang.Object, java.lang.Object, java.lang.Object, java.lang.Object, java.lang.Object, java.lang.Object, java.lang.Object)'> (0x0000000089150d90) thrown at [./src/hotspot/share/interpreter/linkResolver.cpp, line 773]
Event: 36.294 Thread 0x000002496909c000 Exception <a 'java/lang/NoSuchMethodError'{0x000000008a5e0208}: 'long java.lang.invoke.DirectMethodHandle$Holder.invokeStatic(java.lang.Object, java.lang.Object)'> (0x000000008a5e0208) thrown at [./src/hotspot/share/interpreter/linkResolver.cpp, line 773]
Event: 36.320 Thread 0x0000024969098000 Exception <a 'java/lang/IncompatibleClassChangeError'{0x000000008a25f658}: Found class java.lang.Object, but interface was expected> (0x000000008a25f658) thrown at [./src/hotspot/share/interpreter/linkResolver.cpp, line 839]
Event: 36.473 Thread 0x000002496909d000 Exception <a 'java/lang/NoSuchMethodError'{0x000000008958f370}: 'void java.lang.invoke.DirectMethodHandle$Holder.invokeVirtual(java.lang.Object, java.lang.Object, int)'> (0x000000008958f370) thrown at [./src/hotspot/share/interpreter/linkResolver.cpp, line 773]
Event: 36.473 Thread 0x0000024969098000 Exception <a 'java/lang/NoSuchMethodError'{0x0000000089411fa8}: 'void java.lang.invoke.DirectMethodHandle$Holder.invokeVirtual(java.lang.Object, java.lang.Object, int)'> (0x0000000089411fa8) thrown at [./src/hotspot/share/interpreter/linkResolver.cpp, line 773]
Event: 36.544 Thread 0x000002496909c000 Exception <a 'sun/nio/fs/WindowsException'{0x000000008a7eb2d0}> (0x000000008a7eb2d0) thrown at [./src/hotspot/share/prims/jni.cpp, line 615]
Event: 36.709 Thread 0x000002496751c800 Exception <a 'java/lang/NoSuchMethodError'{0x000000008a44b488}: <clinit>> (0x000000008a44b488) thrown at [./src/hotspot/share/prims/jni.cpp, line 1362]
Event: 36.835 Thread 0x000002496909b000 Exception <a 'sun/nio/fs/WindowsException'{0x000000008a0b2300}> (0x000000008a0b2300) thrown at [./src/hotspot/share/prims/jni.cpp, line 615]
Event: 36.836 Thread 0x000002496ab71000 Exception <a 'sun/nio/fs/WindowsException'{0x000000008a05a890}> (0x000000008a05a890) thrown at [./src/hotspot/share/prims/jni.cpp, line 615]
Event: 36.836 Thread 0x000002496909d000 Exception <a 'sun/nio/fs/WindowsException'{0x000000008a654198}> (0x000000008a654198) thrown at [./src/hotspot/share/prims/jni.cpp, line 615]
Event: 36.968 Thread 0x000002496909d000 Exception <a 'sun/nio/fs/WindowsException'{0x00000000894574f8}> (0x00000000894574f8) thrown at [./src/hotspot/share/prims/jni.cpp, line 615]
Event: 36.973 Thread 0x000002496909b000 Exception <a 'sun/nio/fs/WindowsException'{0x00000000893ca330}> (0x00000000893ca330) thrown at [./src/hotspot/share/prims/jni.cpp, line 615]

Events (20 events):
Event: 36.960 loading class java/util/AbstractList$SubList$1
Event: 36.960 loading class com/android/tools/r8/synthesis/t
Event: 36.960 loading class com/android/tools/r8/synthesis/t done
Event: 36.960 loading class java/util/AbstractList$SubList$1 done
Event: 36.961 loading class com/android/tools/r8/internal/DE
Event: 36.961 loading class com/android/tools/r8/internal/DE done
Event: 36.961 loading class com/android/tools/r8/internal/DE
Event: 36.961 loading class com/android/tools/r8/internal/DE done
Event: 36.961 loading class com/android/tools/r8/internal/CE
Event: 36.961 loading class com/android/tools/r8/internal/CE done
Event: 36.961 loading class com/android/tools/r8/graph/d0
Event: 36.961 loading class com/android/tools/r8/graph/d0 done
Event: 36.961 loading class com/android/tools/r8/graph/Q
Event: 36.961 loading class com/android/tools/r8/graph/Q done
Event: 36.962 loading class com/android/tools/r8/graph/c0
Event: 36.962 loading class com/android/tools/r8/graph/c0 done
Event: 36.962 loading class com/android/tools/r8/graph/Q
Event: 36.962 loading class com/android/tools/r8/graph/Q done
Event: 36.962 loading class com/android/tools/r8/graph/d0
Event: 36.962 loading class com/android/tools/r8/graph/d0 done


Dynamic libraries:
0x00007ff6370a0000 - 0x00007ff6370aa000 	C:\Program Files\Android\Android Studio\jre\bin\java.exe
0x00007ffcb7ab0000 - 0x00007ffcb7ca5000 	C:\WINDOWS\SYSTEM32\ntdll.dll
0x00007ffcb5bb0000 - 0x00007ffcb5c6d000 	C:\WINDOWS\System32\KERNEL32.DLL
0x00007ffcb5730000 - 0x00007ffcb59f9000 	C:\WINDOWS\System32\KERNELBASE.dll
0x00007ffcb5540000 - 0x00007ffcb5640000 	C:\WINDOWS\System32\ucrtbase.dll
0x00007ffcb2970000 - 0x00007ffcb2989000 	C:\Program Files\Android\Android Studio\jre\bin\jli.dll
0x00007ffcb13a0000 - 0x00007ffcb13b7000 	C:\Program Files\Android\Android Studio\jre\bin\VCRUNTIME140.dll
0x00007ffcb5d10000 - 0x00007ffcb5eb0000 	C:\WINDOWS\System32\USER32.dll
0x00007ffcb5a00000 - 0x00007ffcb5a22000 	C:\WINDOWS\System32\win32u.dll
0x00007ffca4430000 - 0x00007ffca46ca000 	C:\WINDOWS\WinSxS\amd64_microsoft.windows.common-controls_6595b64144ccf1df_6.0.19041.1110_none_60b5254171f9507e\COMCTL32.dll
0x00007ffcb6880000 - 0x00007ffcb68aa000 	C:\WINDOWS\System32\GDI32.dll
0x00007ffcb5b10000 - 0x00007ffcb5bae000 	C:\WINDOWS\System32\msvcrt.dll
0x00007ffcb5390000 - 0x00007ffcb549b000 	C:\WINDOWS\System32\gdi32full.dll
0x00007ffcb54a0000 - 0x00007ffcb553d000 	C:\WINDOWS\System32\msvcp_win.dll
0x00007ffcb5f10000 - 0x00007ffcb5f40000 	C:\WINDOWS\System32\IMM32.DLL
0x00007ffca0e10000 - 0x00007ffca0ead000 	C:\Program Files\Android\Android Studio\jre\bin\msvcp140.dll
0x00007ffc67240000 - 0x00007ffc67d0f000 	C:\Program Files\Android\Android Studio\jre\bin\server\jvm.dll
0x00007ffcb6d50000 - 0x00007ffcb6dfc000 	C:\WINDOWS\System32\ADVAPI32.dll
0x00007ffcb5c70000 - 0x00007ffcb5d0b000 	C:\WINDOWS\System32\sechost.dll
0x00007ffcb7550000 - 0x00007ffcb767a000 	C:\WINDOWS\System32\RPCRT4.dll
0x00007ffcb6b00000 - 0x00007ffcb6b08000 	C:\WINDOWS\System32\PSAPI.DLL
0x00007ffcb2810000 - 0x00007ffcb2819000 	C:\WINDOWS\SYSTEM32\WSOCK32.dll
0x00007ffcaba90000 - 0x00007ffcabab7000 	C:\WINDOWS\SYSTEM32\WINMM.dll
0x00007ffcae780000 - 0x00007ffcae78a000 	C:\WINDOWS\SYSTEM32\VERSION.dll
0x00007ffcb6800000 - 0x00007ffcb686b000 	C:\WINDOWS\System32\WS2_32.dll
0x00007ffcb30f0000 - 0x00007ffcb3102000 	C:\WINDOWS\SYSTEM32\kernel.appcore.dll
0x00007ffcafa70000 - 0x00007ffcafa81000 	C:\Program Files\Android\Android Studio\jre\bin\verify.dll
0x00007ffcad680000 - 0x00007ffcad864000 	C:\WINDOWS\SYSTEM32\DBGHELP.DLL
0x00007ffca3c20000 - 0x00007ffca3c4c000 	C:\WINDOWS\SYSTEM32\dbgcore.DLL
0x00007ffcb56a0000 - 0x00007ffcb5723000 	C:\WINDOWS\System32\bcryptPrimitives.dll
0x00007ffcae5d0000 - 0x00007ffcae5f9000 	C:\Program Files\Android\Android Studio\jre\bin\java.dll
0x00007ffcb0c90000 - 0x00007ffcb0c9b000 	C:\Program Files\Android\Android Studio\jre\bin\jimage.dll
0x00007ffcafa50000 - 0x00007ffcafa68000 	C:\Program Files\Android\Android Studio\jre\bin\zip.dll
0x00007ffcb60c0000 - 0x00007ffcb67ff000 	C:\WINDOWS\System32\SHELL32.dll
0x00007ffcb32f0000 - 0x00007ffcb3a80000 	C:\WINDOWS\SYSTEM32\windows.storage.dll
0x00007ffcb7710000 - 0x00007ffcb7a65000 	C:\WINDOWS\System32\combase.dll
0x00007ffcb4b70000 - 0x00007ffcb4b9c000 	C:\WINDOWS\SYSTEM32\Wldp.dll
0x00007ffcb6010000 - 0x00007ffcb60be000 	C:\WINDOWS\System32\SHCORE.dll
0x00007ffcb5eb0000 - 0x00007ffcb5f05000 	C:\WINDOWS\System32\shlwapi.dll
0x00007ffcb5120000 - 0x00007ffcb513f000 	C:\WINDOWS\SYSTEM32\profapi.dll
0x00007ffcaeec0000 - 0x00007ffcaeeda000 	C:\Program Files\Android\Android Studio\jre\bin\net.dll
0x00007ffca8d70000 - 0x00007ffca8e78000 	C:\WINDOWS\SYSTEM32\WINHTTP.dll
0x00007ffcb48d0000 - 0x00007ffcb493a000 	C:\WINDOWS\system32\mswsock.dll
0x00007ffcae520000 - 0x00007ffcae534000 	C:\Program Files\Android\Android Studio\jre\bin\nio.dll
0x00007ffca2fe0000 - 0x00007ffca3007000 	C:\Users\rasim\.gradle\native\8bec1ad78214c89d9ad589b4d07fe93259594b29d510b10fafb7a158f7737e5d\windows-amd64\native-platform.dll
0x00007ffc6d7d0000 - 0x00007ffc6d90d000 	C:\Users\rasim\.gradle\native\53dbd7edfb1c66fb8903c78663c9afc45aea4f116125fa6feffd364cf09443e8\windows-amd64\native-platform-file-events.dll
0x00007ffcb0c60000 - 0x00007ffcb0c6a000 	C:\Program Files\Android\Android Studio\jre\bin\management.dll
0x00007ffcb0380000 - 0x00007ffcb038c000 	C:\Program Files\Android\Android Studio\jre\bin\management_ext.dll
0x00007ffcb4ad0000 - 0x00007ffcb4ae8000 	C:\WINDOWS\SYSTEM32\CRYPTSP.dll
0x00007ffcb4250000 - 0x00007ffcb4284000 	C:\WINDOWS\system32\rsaenh.dll
0x00007ffcb5ae0000 - 0x00007ffcb5b07000 	C:\WINDOWS\System32\bcrypt.dll
0x00007ffcb50a0000 - 0x00007ffcb50ce000 	C:\WINDOWS\SYSTEM32\USERENV.dll
0x00007ffcb4ac0000 - 0x00007ffcb4acc000 	C:\WINDOWS\SYSTEM32\CRYPTBASE.dll
0x00007ffcb45c0000 - 0x00007ffcb45fb000 	C:\WINDOWS\SYSTEM32\IPHLPAPI.DLL
0x00007ffcb6870000 - 0x00007ffcb6878000 	C:\WINDOWS\System32\NSI.dll
0x00007ffcad4e0000 - 0x00007ffcad4f7000 	C:\WINDOWS\SYSTEM32\dhcpcsvc6.DLL
0x00007ffcae7b0000 - 0x00007ffcae7cd000 	C:\WINDOWS\SYSTEM32\dhcpcsvc.DLL
0x00007ffcb4600000 - 0x00007ffcb46cc000 	C:\WINDOWS\SYSTEM32\DNSAPI.dll
0x00007ffcb1390000 - 0x00007ffcb1398000 	C:\Program Files\Android\Android Studio\jre\bin\rmi.dll

dbghelp: loaded successfully - version: 4.0.5 - missing functions: none
symbol engine: initialized successfully - sym options: 0x614 - pdb path: .;C:\Program Files\Android\Android Studio\jre\bin;C:\WINDOWS\SYSTEM32;C:\WINDOWS\WinSxS\amd64_microsoft.windows.common-controls_6595b64144ccf1df_6.0.19041.1110_none_60b5254171f9507e;C:\Program Files\Android\Android Studio\jre\bin\server;C:\Users\rasim\.gradle\native\8bec1ad78214c89d9ad589b4d07fe93259594b29d510b10fafb7a158f7737e5d\windows-amd64;C:\Users\rasim\.gradle\native\53dbd7edfb1c66fb8903c78663c9afc45aea4f116125fa6feffd364cf09443e8\windows-amd64

VM Arguments:
jvm_args: --add-opens=java.base/java.util=ALL-UNNAMED --add-opens=java.base/java.lang=ALL-UNNAMED --add-opens=java.base/java.lang.invoke=ALL-UNNAMED --add-opens=java.base/java.util=ALL-UNNAMED --add-opens=java.prefs/java.util.prefs=ALL-UNNAMED --add-opens=java.prefs/java.util.prefs=ALL-UNNAMED --add-opens=java.base/java.nio.charset=ALL-UNNAMED --add-opens=java.base/java.net=ALL-UNNAMED --add-opens=java.base/java.util.concurrent.atomic=ALL-UNNAMED -Xmx2048m -Dfile.encoding=UTF-8 -Duser.country=TR -Duser.language=tr -Duser.variant 
java_command: org.gradle.launcher.daemon.bootstrap.GradleDaemon 7.0.2
java_class_path (initial): C:\Users\rasim\.gradle\wrapper\dists\gradle-7.0.2-bin\857tjihv64xamwrf0h14cai3r\gradle-7.0.2\lib\gradle-launcher-7.0.2.jar
Launcher Type: SUN_STANDARD

[Global flags]
     intx CICompilerCount                          = 4                                         {product} {ergonomic}
     uint ConcGCThreads                            = 2                                         {product} {ergonomic}
     uint G1ConcRefinementThreads                  = 8                                         {product} {ergonomic}
   size_t G1HeapRegionSize                         = 1048576                                   {product} {ergonomic}
    uintx GCDrainStackTargetSize                   = 64                                        {product} {ergonomic}
   size_t InitialHeapSize                          = 100663296                                 {product} {ergonomic}
   size_t MarkStackSize                            = 4194304                                   {product} {ergonomic}
   size_t MaxHeapSize                              = 2147483648                                {product} {command line}
   size_t MaxNewSize                               = 1287651328                                {product} {ergonomic}
   size_t MinHeapDeltaBytes                        = 1048576                                   {product} {ergonomic}
    uintx NonNMethodCodeHeapSize                   = 5836300                                {pd product} {ergonomic}
    uintx NonProfiledCodeHeapSize                  = 122910970                              {pd product} {ergonomic}
    uintx ProfiledCodeHeapSize                     = 122910970                              {pd product} {ergonomic}
    uintx ReservedCodeCacheSize                    = 251658240                              {pd product} {ergonomic}
     bool SegmentedCodeCache                       = true                                      {product} {ergonomic}
     bool UseCompressedClassPointers               = true                                 {lp64_product} {ergonomic}
     bool UseCompressedOops                        = true                                 {lp64_product} {ergonomic}
     bool UseG1GC                                  = true                                      {product} {ergonomic}
     bool UseLargePagesIndividualAllocation        = false                                  {pd product} {ergonomic}

Logging:
Log output configuration:
 #0: stdout all=warning uptime,level,tags
 #1: stderr all=off uptime,level,tags

Environment Variables:
PATH=C:\Program Files (x86)\Common Files\Oracle\Java\javapath;C:\Program Files (x86)\Qualcomm\QDART\\bin;C:\WINDOWS\system32;C:\WINDOWS;C:\WINDOWS\System32\Wbem;C:\WINDOWS\System32\WindowsPowerShell\v1.0\;C:\WINDOWS\System32\OpenSSH\;C:\Program Files (x86)\AMD\ATI.ACE\Core-Static;C:\Program Files\Git\cmd;C:\Program Files\PuTTY\;C:\Users\rasim\AppData\Local\Microsoft\WindowsApps;C:\Program Files\JetBrains\PyCharm 2020.2.1\bin;C:\Program Files\JetBrains\CLion 2020.3.2\bin;C:\Users\rasim\AppData\Local\GitHubDesktop\bin
USERNAME=rasim
OS=Windows_NT
PROCESSOR_IDENTIFIER=AMD64 Family 23 Model 24 Stepping 1, AuthenticAMD



---------------  S Y S T E M  ---------------

OS: Windows 10 , 64 bit Build 19041 (10.0.19041.1151)
OS uptime: 16 days 21:14 hours

CPU:total 8 (initial active 8) (8 cores per cpu, 2 threads per core) family 23 model 24 stepping 1 microcode 0x0, cmov, cx8, fxsr, mmx, sse, sse2, sse3, ssse3, sse4.1, sse4.2, popcnt, avx, avx2, aes, clmul, mmxext, 3dnowpref, lzcnt, sse4a, ht, tsc, tscinvbit, tscinv, bmi1, bmi2, adx, s

Memory: 4k page, system-wide physical 6091M (365M free)
TotalPageFile size 24523M (AvailPageFile size 5M)
current process WorkingSet (physical memory assigned to process): 431M, peak: 433M
current process commit charge ("private bytes"): 496M, peak: 498M

vm_info: OpenJDK 64-Bit Server VM (11.0.10+0-b96-7249189) for windows-amd64 JRE (11.0.10+0-b96-7249189), built on Mar 31 2021 21:44:00 by "builder" with MS VC++ 14.0 (VS2015)

END.
