#
# There is insufficient memory for the Java Runtime Environment to continue.
# Native memory allocation (malloc) failed to allocate 2025936 bytes for Chunk::new
# Possible reasons:
#   The system is out of physical RAM or swap space
#   The process is running with CompressedOops enabled, and the Java Heap may be blocking the growth of the native heap
# Possible solutions:
#   Reduce memory load on the system
#   Increase physical memory or swap space
#   Check if swap backing store is full
#   Decrease Java heap size (-Xmx/-Xms)
#   Decrease number of Java threads
#   Decrease Java thread stack sizes (-Xss)
#   Set larger code cache with -XX:ReservedCodeCacheSize=
#   JVM is running with Unscaled Compressed Oops mode in which the Java heap is
#     placed in the first 4GB address space. The Java Heap base address is the
#     maximum limit for the native heap growth. Please use -XX:HeapBaseMinAddress
#     to set the Java Heap base and to place the Java Heap above 4GB virtual address.
# This output file may be truncated or incomplete.
#
#  Out of Memory Error (./src/hotspot/share/memory/arena.cpp:197), pid=8696, tid=13440
#
# JRE version: OpenJDK Runtime Environment (11.0.10) (build 11.0.10+0-b96-7249189)
# Java VM: OpenJDK 64-Bit Server VM (11.0.10+0-b96-7249189, mixed mode, tiered, compressed oops, g1 gc, windows-amd64)
# No core dump will be written. Minidumps are not enabled by default on client versions of Windows
#

---------------  S U M M A R Y ------------

Command Line: --add-opens=java.base/java.util=ALL-UNNAMED --add-opens=java.base/java.lang=ALL-UNNAMED --add-opens=java.base/java.lang.invoke=ALL-UNNAMED --add-opens=java.base/java.util=ALL-UNNAMED --add-opens=java.prefs/java.util.prefs=ALL-UNNAMED --add-opens=java.prefs/java.util.prefs=ALL-UNNAMED --add-opens=java.base/java.nio.charset=ALL-UNNAMED --add-opens=java.base/java.net=ALL-UNNAMED --add-opens=java.base/java.util.concurrent.atomic=ALL-UNNAMED -Xmx2048m -Dfile.encoding=UTF-8 -Duser.country=TR -Duser.language=tr -Duser.variant org.gradle.launcher.daemon.bootstrap.GradleDaemon 7.0.2

Host: AMD Ryzen 5 3500U with Radeon Vega Mobile Gfx  , 8 cores, 5G,  Windows 10 , 64 bit Build 19041 (10.0.19041.1151)
Time: Thu Sep 23 18:06:05 2021 Türkiye Standart Saati elapsed time: 25.212725 seconds (0d 0h 0m 25s)

---------------  T H R E A D  ---------------

Current thread (0x000002302a0e3000):  JavaThread "C2 CompilerThread1" daemon [_thread_in_native, id=13440, stack(0x000000b0f5700000,0x000000b0f5800000)]


Current CompileTask:
C2:  25212 11852       4       org.gradle.internal.instantiation.generator.AbstractClassGenerator$PropertyMetadata::hasAnnotation (40 bytes)

Stack: [0x000000b0f5700000,0x000000b0f5800000]
Native frames: (J=compiled Java code, j=interpreted, Vv=VM code, C=native code)
V  [jvm.dll+0x5ecfaa]
V  [jvm.dll+0x722bd5]
V  [jvm.dll+0x72412d]
V  [jvm.dll+0x7247e3]
V  [jvm.dll+0x242928]
V  [jvm.dll+0xbc4fc]
V  [jvm.dll+0xbca0c]
V  [jvm.dll+0x352d7d]
V  [jvm.dll+0x197e0c]
V  [jvm.dll+0x1fb70e]
V  [jvm.dll+0x1fa7f4]
V  [jvm.dll+0x18354c]
V  [jvm.dll+0x208ee7]
V  [jvm.dll+0x207731]
V  [jvm.dll+0x6eb1cf]
V  [jvm.dll+0x6e3d45]
V  [jvm.dll+0x5ebe96]
C  [ucrtbase.dll+0x21bb2]
C  [KERNEL32.DLL+0x17034]
C  [ntdll.dll+0x52651]


---------------  P R O C E S S  ---------------

Threads class SMR info:
_java_thread_list=0x0000023029eac0b0, length=68, elements={
0x0000023008c8e800, 0x00000230238e9800, 0x00000230238ea800, 0x0000023023905000,
0x0000023023905800, 0x0000023023907000, 0x000002302390a000, 0x000002302390f000,
0x000002302393d000, 0x00000230243f6000, 0x0000023025666800, 0x00000230259cd800,
0x0000023026222800, 0x0000023026730000, 0x0000023025a6d800, 0x0000023025633800,
0x0000023026894000, 0x0000023026894800, 0x00000230264ae800, 0x000002302657d800,
0x0000023026580800, 0x0000023026580000, 0x000002302657c800, 0x000002302657e000,
0x000002302657c000, 0x0000023026582800, 0x000002302657f000, 0x00000230269c9000,
0x00000230269cd000, 0x00000230269cd800, 0x00000230269ce800, 0x00000230269c9800,
0x00000230269cf800, 0x00000230269d4000, 0x00000230269d3800, 0x00000230269d5000,
0x00000230269d6800, 0x00000230269d6000, 0x00000230269d1000, 0x00000230269d2000,
0x00000230269d2800, 0x0000023027014800, 0x0000023027014000, 0x0000023027012000,
0x0000023027015800, 0x0000023027017000, 0x0000023027013000, 0x0000023027011800,
0x0000023027019800, 0x000002302701b000, 0x000002302701c000, 0x0000023027018000,
0x000002302701d800, 0x000002302701e800, 0x0000023027018800, 0x000002302701f000,
0x0000023027020000, 0x0000023026581800, 0x000002302a0e8800, 0x000002302a0e3000,
0x000002302a0e7000, 0x000002302a0e9800, 0x000002302a0e4000, 0x000002302a0ea800,
0x000002302a0e4800, 0x000002302a0e8000, 0x000002302a0e5800, 0x000002302a0eb000
}

Java Threads: ( => current thread )
  0x0000023008c8e800 JavaThread "main" [_thread_blocked, id=9980, stack(0x000000b0f2f00000,0x000000b0f3000000)]
  0x00000230238e9800 JavaThread "Reference Handler" daemon [_thread_blocked, id=4620, stack(0x000000b0f3600000,0x000000b0f3700000)]
  0x00000230238ea800 JavaThread "Finalizer" daemon [_thread_blocked, id=7336, stack(0x000000b0f3700000,0x000000b0f3800000)]
  0x0000023023905000 JavaThread "Signal Dispatcher" daemon [_thread_blocked, id=13688, stack(0x000000b0f3800000,0x000000b0f3900000)]
  0x0000023023905800 JavaThread "Attach Listener" daemon [_thread_blocked, id=2512, stack(0x000000b0f3900000,0x000000b0f3a00000)]
  0x0000023023907000 JavaThread "Service Thread" daemon [_thread_blocked, id=18088, stack(0x000000b0f3a00000,0x000000b0f3b00000)]
  0x000002302390a000 JavaThread "C2 CompilerThread0" daemon [_thread_in_native, id=18100, stack(0x000000b0f3b00000,0x000000b0f3c00000)]
  0x000002302390f000 JavaThread "C1 CompilerThread0" daemon [_thread_blocked, id=19140, stack(0x000000b0f3c00000,0x000000b0f3d00000)]
  0x000002302393d000 JavaThread "Sweeper thread" daemon [_thread_blocked, id=5440, stack(0x000000b0f3d00000,0x000000b0f3e00000)]
  0x00000230243f6000 JavaThread "Common-Cleaner" daemon [_thread_blocked, id=17692, stack(0x000000b0f3e00000,0x000000b0f3f00000)]
  0x0000023025666800 JavaThread "Daemon health stats" [_thread_blocked, id=4776, stack(0x000000b0f4300000,0x000000b0f4400000)]
  0x00000230259cd800 JavaThread "Incoming local TCP Connector on port 51864" [_thread_in_native, id=2544, stack(0x000000b0f4000000,0x000000b0f4100000)]
  0x0000023026222800 JavaThread "Daemon periodic checks" [_thread_blocked, id=5240, stack(0x000000b0f4100000,0x000000b0f4200000)]
  0x0000023026730000 JavaThread "Daemon" [_thread_blocked, id=400, stack(0x000000b0f4800000,0x000000b0f4900000)]
  0x0000023025a6d800 JavaThread "Handler for socket connection from /127.0.0.1:51864 to /127.0.0.1:51865" [_thread_in_native, id=19648, stack(0x000000b0f4900000,0x000000b0f4a00000)]
  0x0000023025633800 JavaThread "Cancel handler" [_thread_blocked, id=16848, stack(0x000000b0f4a00000,0x000000b0f4b00000)]
  0x0000023026894000 JavaThread "Daemon worker" [_thread_blocked, id=5852, stack(0x000000b0f4b00000,0x000000b0f4c00000)]
  0x0000023026894800 JavaThread "Asynchronous log dispatcher for DefaultDaemonConnection: socket connection from /127.0.0.1:51864 to /127.0.0.1:51865" [_thread_blocked, id=13048, stack(0x000000b0f4d00000,0x000000b0f4e00000)]
  0x00000230264ae800 JavaThread "Stdin handler" [_thread_blocked, id=11992, stack(0x000000b0f4e00000,0x000000b0f4f00000)]
  0x000002302657d800 JavaThread "Daemon client event forwarder" [_thread_blocked, id=8932, stack(0x000000b0f4f00000,0x000000b0f5000000)]
  0x0000023026580800 JavaThread "Cache worker for file hash cache (C:\Users\rasim\.gradle\caches\7.0.2\fileHashes)" [_thread_blocked, id=1296, stack(0x000000b0f4c00000,0x000000b0f4d00000)]
  0x0000023026580000 JavaThread "File lock request listener" [_thread_in_native, id=7448, stack(0x000000b0f5000000,0x000000b0f5100000)]
  0x000002302657c800 JavaThread "Cache worker for journal cache (C:\Users\rasim\.gradle\caches\journal-1)" [_thread_blocked, id=15052, stack(0x000000b0f5600000,0x000000b0f5700000)]
  0x000002302657e000 JavaThread "Cache worker for file hash cache (C:\Users\rasim\OneDrive\weatherApp\.gradle\7.0.2\fileHashes)" [_thread_blocked, id=8332, stack(0x000000b0f5800000,0x000000b0f5900000)]
  0x000002302657c000 JavaThread "File watcher server" daemon [_thread_in_native, id=6912, stack(0x000000b0f5900000,0x000000b0f5a00000)]
  0x0000023026582800 JavaThread "File watcher consumer" daemon [_thread_blocked, id=8360, stack(0x000000b0f5a00000,0x000000b0f5b00000)]
  0x000002302657f000 JavaThread "Cache worker for checksums cache (C:\Users\rasim\OneDrive\weatherApp\.gradle\checksums)" [_thread_blocked, id=20500, stack(0x000000b0f5b00000,0x000000b0f5c00000)]
  0x00000230269c9000 JavaThread "Cache worker for cache directory md-supplier (C:\Users\rasim\.gradle\caches\7.0.2\md-supplier)" [_thread_blocked, id=7532, stack(0x000000b0f5c00000,0x000000b0f5d00000)]
  0x00000230269cd000 JavaThread "Cache worker for cache directory md-rule (C:\Users\rasim\.gradle\caches\7.0.2\md-rule)" [_thread_blocked, id=328, stack(0x000000b0f5d00000,0x000000b0f5e00000)]
  0x00000230269cd800 JavaThread "Cache worker for execution history cache (C:\Users\rasim\.gradle\caches\7.0.2\executionHistory)" [_thread_blocked, id=9852, stack(0x000000b0f5e00000,0x000000b0f5f00000)]
  0x00000230269ce800 JavaThread "jar transforms" [_thread_blocked, id=13264, stack(0x000000b0f5f00000,0x000000b0f6000000)]
  0x00000230269c9800 JavaThread "jar transforms Thread 2" [_thread_blocked, id=14920, stack(0x000000b0f6000000,0x000000b0f6100000)]
  0x00000230269cf800 JavaThread "Cache worker for file content cache (C:\Users\rasim\.gradle\caches\7.0.2\fileContent)" [_thread_blocked, id=16960, stack(0x000000b0f6100000,0x000000b0f6200000)]
  0x00000230269d4000 JavaThread "Cache worker for dependencies-accessors (C:\Users\rasim\OneDrive\weatherApp\.gradle\7.0.2\dependencies-accessors)" [_thread_blocked, id=17632, stack(0x000000b0f6200000,0x000000b0f6300000)]
  0x00000230269d3800 JavaThread "jar transforms Thread 3" [_thread_blocked, id=6844, stack(0x000000b0f6300000,0x000000b0f6400000)]
  0x00000230269d5000 JavaThread "Cache worker for Build Output Cleanup Cache (C:\Users\rasim\OneDrive\weatherApp\.gradle\buildOutputCleanup)" [_thread_blocked, id=712, stack(0x000000b0f6400000,0x000000b0f6500000)]
  0x00000230269d6800 JavaThread "Build operations" [_thread_blocked, id=15428, stack(0x000000b0f6500000,0x000000b0f6600000)]
  0x00000230269d6000 JavaThread "Build operations Thread 2" [_thread_blocked, id=6092, stack(0x000000b0f6600000,0x000000b0f6700000)]
  0x00000230269d1000 JavaThread "Build operations Thread 3" [_thread_blocked, id=17320, stack(0x000000b0f6700000,0x000000b0f6800000)]
  0x00000230269d2000 JavaThread "Build operations Thread 4" [_thread_blocked, id=7024, stack(0x000000b0f6800000,0x000000b0f6900000)]
  0x00000230269d2800 JavaThread "Build operations Thread 5" [_thread_blocked, id=12040, stack(0x000000b0f6900000,0x000000b0f6a00000)]
  0x0000023027014800 JavaThread "Build operations Thread 6" [_thread_blocked, id=21236, stack(0x000000b0f6a00000,0x000000b0f6b00000)]
  0x0000023027014000 JavaThread "Build operations Thread 7" [_thread_blocked, id=3128, stack(0x000000b0f6b00000,0x000000b0f6c00000)]
  0x0000023027012000 JavaThread "Build operations Thread 8" [_thread_blocked, id=16948, stack(0x000000b0f6c00000,0x000000b0f6d00000)]
  0x0000023027015800 JavaThread "jar transforms Thread 4" [_thread_blocked, id=10304, stack(0x000000b0f6d00000,0x000000b0f6e00000)]
  0x0000023027017000 JavaThread "jar transforms Thread 5" [_thread_blocked, id=12508, stack(0x000000b0f6e00000,0x000000b0f6f00000)]
  0x0000023027013000 JavaThread "jar transforms Thread 6" [_thread_blocked, id=8480, stack(0x000000b0f6f00000,0x000000b0f7000000)]
  0x0000023027011800 JavaThread "jar transforms Thread 7" [_thread_blocked, id=6220, stack(0x000000b0f7000000,0x000000b0f7100000)]
  0x0000023027019800 JavaThread "jar transforms Thread 8" [_thread_blocked, id=15944, stack(0x000000b0f7100000,0x000000b0f7200000)]
  0x000002302701b000 JavaThread "Memory manager" [_thread_blocked, id=2568, stack(0x000000b0f7200000,0x000000b0f7300000)]
  0x000002302701c000 JavaThread "build event listener" [_thread_blocked, id=17076, stack(0x000000b0f7300000,0x000000b0f7400000)]
  0x0000023027018000 JavaThread "Execution worker for ':'" [_thread_blocked, id=10816, stack(0x000000b0f7400000,0x000000b0f7500000)]
  0x000002302701d800 JavaThread "Execution worker for ':' Thread 2" [_thread_blocked, id=17468, stack(0x000000b0f7500000,0x000000b0f7600000)]
  0x000002302701e800 JavaThread "Execution worker for ':' Thread 3" [_thread_blocked, id=19500, stack(0x000000b0f7600000,0x000000b0f7700000)]
  0x0000023027018800 JavaThread "Execution worker for ':' Thread 4" [_thread_blocked, id=9012, stack(0x000000b0f7700000,0x000000b0f7800000)]
  0x000002302701f000 JavaThread "Execution worker for ':' Thread 5" [_thread_blocked, id=7576, stack(0x000000b0f7800000,0x000000b0f7900000)]
  0x0000023027020000 JavaThread "Execution worker for ':' Thread 6" [_thread_blocked, id=18212, stack(0x000000b0f7900000,0x000000b0f7a00000)]
  0x0000023026581800 JavaThread "Execution worker for ':' Thread 7" [_thread_blocked, id=18472, stack(0x000000b0f7a00000,0x000000b0f7b00000)]
  0x000002302a0e8800 JavaThread "Cache worker for execution history cache (C:\Users\rasim\OneDrive\weatherApp\.gradle\7.0.2\executionHistory)" [_thread_blocked, id=8032, stack(0x000000b0f7b00000,0x000000b0f7c00000)]
=>0x000002302a0e3000 JavaThread "C2 CompilerThread1" daemon [_thread_in_native, id=13440, stack(0x000000b0f5700000,0x000000b0f5800000)]
  0x000002302a0e7000 JavaThread "WorkerExecutor Queue" [_thread_blocked, id=3520, stack(0x000000b0f7c00000,0x000000b0f7d00000)]
  0x000002302a0e9800 JavaThread "WorkerExecutor Queue Thread 2" [_thread_blocked, id=10832, stack(0x000000b0f7d00000,0x000000b0f7e00000)]
  0x000002302a0e4000 JavaThread "WorkerExecutor Queue Thread 3" [_thread_blocked, id=20348, stack(0x000000b0f7e00000,0x000000b0f7f00000)]
  0x000002302a0ea800 JavaThread "WorkerExecutor Queue Thread 4" [_thread_blocked, id=19232, stack(0x000000b0f7f00000,0x000000b0f8000000)]
  0x000002302a0e4800 JavaThread "WorkerExecutor Queue Thread 5" [_thread_blocked, id=12380, stack(0x000000b0f8000000,0x000000b0f8100000)]
  0x000002302a0e8000 JavaThread "WorkerExecutor Queue Thread 6" [_thread_blocked, id=12120, stack(0x000000b0f8100000,0x000000b0f8200000)]
  0x000002302a0e5800 JavaThread "WorkerExecutor Queue Thread 7" [_thread_in_vm, id=18716, stack(0x000000b0f8200000,0x000000b0f8300000)]
  0x000002302a0eb000 JavaThread "WorkerExecutor Queue Thread 8" [_thread_blocked, id=21388, stack(0x000000b0f8300000,0x000000b0f8400000)]

Other Threads:
  0x00000230238e3800 VMThread "VM Thread" [stack: 0x000000b0f3500000,0x000000b0f3600000] [id=19288]
  0x000002302440a800 WatcherThread [stack: 0x000000b0f3f00000,0x000000b0f4000000] [id=9316]
  0x0000023008ca8000 GCTaskThread "GC Thread#0" [stack: 0x000000b0f3000000,0x000000b0f3100000] [id=13436]
  0x0000023025446000 GCTaskThread "GC Thread#1" [stack: 0x000000b0f4200000,0x000000b0f4300000] [id=14804]
  0x00000230265de000 GCTaskThread "GC Thread#2" [stack: 0x000000b0f4400000,0x000000b0f4500000] [id=6664]
  0x0000023025689000 GCTaskThread "GC Thread#3" [stack: 0x000000b0f4500000,0x000000b0f4600000] [id=564]
  0x0000023026cf7800 GCTaskThread "GC Thread#4" [stack: 0x000000b0f5100000,0x000000b0f5200000] [id=15888]
  0x0000023025550000 GCTaskThread "GC Thread#5" [stack: 0x000000b0f5200000,0x000000b0f5300000] [id=12220]
  0x0000023025330800 GCTaskThread "GC Thread#6" [stack: 0x000000b0f5300000,0x000000b0f5400000] [id=20692]
  0x0000023025b7b800 GCTaskThread "GC Thread#7" [stack: 0x000000b0f5400000,0x000000b0f5500000] [id=4492]
  0x0000023008cd7800 ConcurrentGCThread "G1 Main Marker" [stack: 0x000000b0f3100000,0x000000b0f3200000] [id=6528]
  0x0000023008cda000 ConcurrentGCThread "G1 Conc#0" [stack: 0x000000b0f3200000,0x000000b0f3300000] [id=16216]
  0x0000023025c5d800 ConcurrentGCThread "G1 Conc#1" [stack: 0x000000b0f5500000,0x000000b0f5600000] [id=14468]
  0x0000023008d60800 ConcurrentGCThread "G1 Refine#0" [stack: 0x000000b0f3300000,0x000000b0f3400000] [id=12896]
  0x0000023026453800 ConcurrentGCThread "G1 Refine#1" [stack: 0x000000b0f4600000,0x000000b0f4700000] [id=19652]
  0x00000230262da800 ConcurrentGCThread "G1 Refine#2" [stack: 0x000000b0f4700000,0x000000b0f4800000] [id=3572]
  0x0000023008d61800 ConcurrentGCThread "G1 Young RemSet Sampling" [stack: 0x000000b0f3400000,0x000000b0f3500000] [id=10364]

Threads with active compile tasks:
C2 CompilerThread0  25247 11948  s!   4       jdk.internal.loader.URLClassPath::getLoader (194 bytes)
C2 CompilerThread1  25247 11852       4       org.gradle.internal.instantiation.generator.AbstractClassGenerator$PropertyMetadata::hasAnnotation (40 bytes)

VM state:not at safepoint (normal execution)

VM Mutex/Monitor currently owned by a thread: None

Heap address: 0x0000000080000000, size: 2048 MB, Compressed Oops mode: 32-bit
Narrow klass base: 0x0000000000000000, Narrow klass shift: 3
Compressed class space size: 1073741824 Address: 0x0000000100000000

Heap:
 garbage-first heap   total 217088K, used 95748K [0x0000000080000000, 0x0000000100000000)
  region size 1024K, 9 young (9216K), 4 survivors (4096K)
 Metaspace       used 100221K, capacity 102824K, committed 103168K, reserved 1138688K
  class space    used 13232K, capacity 14210K, committed 14336K, reserved 1048576K
Heap Regions: E=young(eden), S=young(survivor), O=old, HS=humongous(starts), HC=humongous(continues), CS=collection set, F=free, A=archive, TAMS=top-at-mark-start (previous, next)
|   0|0x0000000080000000, 0x0000000080100000, 0x0000000080100000|100%| O|  |TAMS 0x0000000080100000, 0x0000000080000000| Untracked 
|   1|0x0000000080100000, 0x0000000080200000, 0x0000000080200000|100%| O|  |TAMS 0x0000000080200000, 0x0000000080100000| Untracked 
|   2|0x0000000080200000, 0x0000000080300000, 0x0000000080300000|100%| O|  |TAMS 0x0000000080300000, 0x0000000080200000| Untracked 
|   3|0x0000000080300000, 0x0000000080400000, 0x0000000080400000|100%|HS|  |TAMS 0x0000000080400000, 0x0000000080300000| Complete 
|   4|0x0000000080400000, 0x0000000080500000, 0x0000000080500000|100%|HC|  |TAMS 0x0000000080500000, 0x0000000080400000| Complete 
|   5|0x0000000080500000, 0x0000000080600000, 0x0000000080600000|100%|HC|  |TAMS 0x0000000080600000, 0x0000000080500000| Complete 
|   6|0x0000000080600000, 0x0000000080700000, 0x0000000080700000|100%| O|  |TAMS 0x0000000080700000, 0x0000000080600000| Untracked 
|   7|0x0000000080700000, 0x00000000807ffff8, 0x0000000080800000| 99%| O|  |TAMS 0x00000000807ffff8, 0x0000000080700000| Untracked 
|   8|0x0000000080800000, 0x0000000080900000, 0x0000000080900000|100%| O|  |TAMS 0x0000000080900000, 0x0000000080800000| Untracked 
|   9|0x0000000080900000, 0x0000000080a00000, 0x0000000080a00000|100%| O|  |TAMS 0x0000000080a00000, 0x0000000080900000| Untracked 
|  10|0x0000000080a00000, 0x0000000080b00000, 0x0000000080b00000|100%| O|  |TAMS 0x0000000080b00000, 0x0000000080a00000| Untracked 
|  11|0x0000000080b00000, 0x0000000080c00000, 0x0000000080c00000|100%| O|  |TAMS 0x0000000080c00000, 0x0000000080b00000| Untracked 
|  12|0x0000000080c00000, 0x0000000080d00000, 0x0000000080d00000|100%| O|  |TAMS 0x0000000080d00000, 0x0000000080c00000| Untracked 
|  13|0x0000000080d00000, 0x0000000080e00000, 0x0000000080e00000|100%| O|  |TAMS 0x0000000080e00000, 0x0000000080d00000| Untracked 
|  14|0x0000000080e00000, 0x0000000080f00000, 0x0000000080f00000|100%| O|  |TAMS 0x0000000080f00000, 0x0000000080e00000| Untracked 
|  15|0x0000000080f00000, 0x0000000081000000, 0x0000000081000000|100%| O|  |TAMS 0x0000000081000000, 0x0000000080f00000| Untracked 
|  16|0x0000000081000000, 0x0000000081100000, 0x0000000081100000|100%| O|  |TAMS 0x0000000081100000, 0x0000000081000000| Untracked 
|  17|0x0000000081100000, 0x0000000081200000, 0x0000000081200000|100%| O|  |TAMS 0x0000000081200000, 0x0000000081100000| Untracked 
|  18|0x0000000081200000, 0x0000000081300000, 0x0000000081300000|100%| O|  |TAMS 0x0000000081300000, 0x0000000081200000| Untracked 
|  19|0x0000000081300000, 0x0000000081400000, 0x0000000081400000|100%| O|  |TAMS 0x0000000081400000, 0x0000000081300000| Untracked 
|  20|0x0000000081400000, 0x0000000081500000, 0x0000000081500000|100%| O|  |TAMS 0x0000000081500000, 0x0000000081400000| Untracked 
|  21|0x0000000081500000, 0x0000000081600000, 0x0000000081600000|100%| O|  |TAMS 0x0000000081600000, 0x0000000081500000| Untracked 
|  22|0x0000000081600000, 0x0000000081700000, 0x0000000081700000|100%| O|  |TAMS 0x0000000081700000, 0x0000000081600000| Untracked 
|  23|0x0000000081700000, 0x0000000081800000, 0x0000000081800000|100%| O|  |TAMS 0x0000000081800000, 0x0000000081700000| Untracked 
|  24|0x0000000081800000, 0x0000000081900000, 0x0000000081900000|100%| O|  |TAMS 0x0000000081900000, 0x0000000081800000| Untracked 
|  25|0x0000000081900000, 0x0000000081a00000, 0x0000000081a00000|100%| O|  |TAMS 0x0000000081a00000, 0x0000000081900000| Untracked 
|  26|0x0000000081a00000, 0x0000000081b00000, 0x0000000081b00000|100%| O|  |TAMS 0x0000000081b00000, 0x0000000081a00000| Untracked 
|  27|0x0000000081b00000, 0x0000000081c00000, 0x0000000081c00000|100%| O|  |TAMS 0x0000000081c00000, 0x0000000081b00000| Untracked 
|  28|0x0000000081c00000, 0x0000000081d00000, 0x0000000081d00000|100%|HS|  |TAMS 0x0000000081d00000, 0x0000000081c00000| Complete 
|  29|0x0000000081d00000, 0x0000000081e00000, 0x0000000081e00000|100%|HS|  |TAMS 0x0000000081e00000, 0x0000000081d00000| Complete 
|  30|0x0000000081e00000, 0x0000000081f00000, 0x0000000081f00000|100%|HS|  |TAMS 0x0000000081f00000, 0x0000000081e00000| Complete 
|  31|0x0000000081f00000, 0x0000000082000000, 0x0000000082000000|100%|HS|  |TAMS 0x0000000082000000, 0x0000000081f00000| Complete 
|  32|0x0000000082000000, 0x0000000082100000, 0x0000000082100000|100%|HC|  |TAMS 0x0000000082100000, 0x0000000082000000| Complete 
|  33|0x0000000082100000, 0x0000000082200000, 0x0000000082200000|100%|HC|  |TAMS 0x0000000082200000, 0x0000000082100000| Complete 
|  34|0x0000000082200000, 0x0000000082300000, 0x0000000082300000|100%|HS|  |TAMS 0x0000000082300000, 0x0000000082200000| Complete 
|  35|0x0000000082300000, 0x0000000082400000, 0x0000000082400000|100%|HC|  |TAMS 0x0000000082400000, 0x0000000082300000| Complete 
|  36|0x0000000082400000, 0x0000000082500000, 0x0000000082500000|100%| O|  |TAMS 0x0000000082500000, 0x0000000082400000| Untracked 
|  37|0x0000000082500000, 0x0000000082600000, 0x0000000082600000|100%| O|  |TAMS 0x0000000082600000, 0x0000000082500000| Untracked 
|  38|0x0000000082600000, 0x0000000082700000, 0x0000000082700000|100%| O|  |TAMS 0x0000000082700000, 0x0000000082600000| Untracked 
|  39|0x0000000082700000, 0x0000000082800000, 0x0000000082800000|100%| O|  |TAMS 0x0000000082800000, 0x0000000082700000| Untracked 
|  40|0x0000000082800000, 0x0000000082900000, 0x0000000082900000|100%| O|  |TAMS 0x0000000082900000, 0x0000000082800000| Untracked 
|  41|0x0000000082900000, 0x0000000082a00000, 0x0000000082a00000|100%| O|  |TAMS 0x0000000082a00000, 0x0000000082900000| Untracked 
|  42|0x0000000082a00000, 0x0000000082b00000, 0x0000000082b00000|100%| O|  |TAMS 0x0000000082b00000, 0x0000000082a00000| Untracked 
|  43|0x0000000082b00000, 0x0000000082c00000, 0x0000000082c00000|100%| O|  |TAMS 0x0000000082c00000, 0x0000000082b00000| Untracked 
|  44|0x0000000082c00000, 0x0000000082d00000, 0x0000000082d00000|100%| O|  |TAMS 0x0000000082d00000, 0x0000000082c00000| Untracked 
|  45|0x0000000082d00000, 0x0000000082e00000, 0x0000000082e00000|100%| O|  |TAMS 0x0000000082e00000, 0x0000000082d00000| Untracked 
|  46|0x0000000082e00000, 0x0000000082f00000, 0x0000000082f00000|100%| O|  |TAMS 0x0000000082f00000, 0x0000000082e00000| Untracked 
|  47|0x0000000082f00000, 0x0000000083000000, 0x0000000083000000|100%| O|  |TAMS 0x0000000083000000, 0x0000000082f00000| Untracked 
|  48|0x0000000083000000, 0x0000000083100000, 0x0000000083100000|100%| O|  |TAMS 0x0000000083100000, 0x0000000083000000| Untracked 
|  49|0x0000000083100000, 0x0000000083200000, 0x0000000083200000|100%| O|  |TAMS 0x0000000083200000, 0x0000000083100000| Untracked 
|  50|0x0000000083200000, 0x0000000083300000, 0x0000000083300000|100%| O|  |TAMS 0x0000000083300000, 0x0000000083200000| Untracked 
|  51|0x0000000083300000, 0x0000000083400000, 0x0000000083400000|100%| O|  |TAMS 0x0000000083400000, 0x0000000083300000| Untracked 
|  52|0x0000000083400000, 0x0000000083500000, 0x0000000083500000|100%| O|  |TAMS 0x0000000083500000, 0x0000000083400000| Untracked 
|  53|0x0000000083500000, 0x0000000083600000, 0x0000000083600000|100%| O|  |TAMS 0x0000000083600000, 0x0000000083500000| Untracked 
|  54|0x0000000083600000, 0x0000000083700000, 0x0000000083700000|100%| O|  |TAMS 0x0000000083700000, 0x0000000083600000| Untracked 
|  55|0x0000000083700000, 0x0000000083800000, 0x0000000083800000|100%| O|  |TAMS 0x0000000083800000, 0x0000000083700000| Untracked 
|  56|0x0000000083800000, 0x0000000083900000, 0x0000000083900000|100%| O|  |TAMS 0x0000000083900000, 0x0000000083800000| Untracked 
|  57|0x0000000083900000, 0x0000000083a00000, 0x0000000083a00000|100%| O|  |TAMS 0x0000000083a00000, 0x0000000083900000| Untracked 
|  58|0x0000000083a00000, 0x0000000083b00000, 0x0000000083b00000|100%| O|  |TAMS 0x0000000083b00000, 0x0000000083a00000| Untracked 
|  59|0x0000000083b00000, 0x0000000083c00000, 0x0000000083c00000|100%| O|  |TAMS 0x0000000083c00000, 0x0000000083b00000| Untracked 
|  60|0x0000000083c00000, 0x0000000083d00000, 0x0000000083d00000|100%| O|  |TAMS 0x0000000083d00000, 0x0000000083c00000| Untracked 
|  61|0x0000000083d00000, 0x0000000083e00000, 0x0000000083e00000|100%| O|  |TAMS 0x0000000083e00000, 0x0000000083d00000| Untracked 
|  62|0x0000000083e00000, 0x0000000083f00000, 0x0000000083f00000|100%| O|  |TAMS 0x0000000083f00000, 0x0000000083e00000| Untracked 
|  63|0x0000000083f00000, 0x0000000084000000, 0x0000000084000000|100%| O|  |TAMS 0x0000000084000000, 0x0000000083f00000| Untracked 
|  64|0x0000000084000000, 0x0000000084100000, 0x0000000084100000|100%| O|  |TAMS 0x0000000084100000, 0x0000000084000000| Untracked 
|  65|0x0000000084100000, 0x0000000084200000, 0x0000000084200000|100%| O|  |TAMS 0x0000000084200000, 0x0000000084100000| Untracked 
|  66|0x0000000084200000, 0x0000000084300000, 0x0000000084300000|100%| O|  |TAMS 0x0000000084300000, 0x0000000084200000| Untracked 
|  67|0x0000000084300000, 0x0000000084400000, 0x0000000084400000|100%| O|  |TAMS 0x0000000084400000, 0x0000000084300000| Untracked 
|  68|0x0000000084400000, 0x0000000084500000, 0x0000000084500000|100%| O|  |TAMS 0x0000000084500000, 0x0000000084400000| Untracked 
|  69|0x0000000084500000, 0x0000000084600000, 0x0000000084600000|100%| O|  |TAMS 0x0000000084600000, 0x0000000084500000| Untracked 
|  70|0x0000000084600000, 0x0000000084700000, 0x0000000084700000|100%| O|  |TAMS 0x0000000084700000, 0x0000000084600000| Untracked 
|  71|0x0000000084700000, 0x0000000084800000, 0x0000000084800000|100%| O|  |TAMS 0x0000000084800000, 0x0000000084700000| Untracked 
|  72|0x0000000084800000, 0x0000000084900000, 0x0000000084900000|100%| O|  |TAMS 0x0000000084900000, 0x0000000084800000| Untracked 
|  73|0x0000000084900000, 0x0000000084a00000, 0x0000000084a00000|100%| O|  |TAMS 0x0000000084a00000, 0x0000000084900000| Untracked 
|  74|0x0000000084a00000, 0x0000000084b00000, 0x0000000084b00000|100%| O|  |TAMS 0x0000000084b00000, 0x0000000084a00000| Untracked 
|  75|0x0000000084b00000, 0x0000000084c00000, 0x0000000084c00000|100%| O|  |TAMS 0x0000000084c00000, 0x0000000084b00000| Untracked 
|  76|0x0000000084c00000, 0x0000000084d00000, 0x0000000084d00000|100%| O|  |TAMS 0x0000000084d00000, 0x0000000084c00000| Untracked 
|  77|0x0000000084d00000, 0x0000000084e00000, 0x0000000084e00000|100%| O|  |TAMS 0x0000000084e00000, 0x0000000084d00000| Untracked 
|  78|0x0000000084e00000, 0x0000000084f00000, 0x0000000084f00000|100%| O|  |TAMS 0x0000000084f00000, 0x0000000084e00000| Untracked 
|  79|0x0000000084f00000, 0x0000000085000000, 0x0000000085000000|100%| O|  |TAMS 0x0000000085000000, 0x0000000084f00000| Untracked 
|  80|0x0000000085000000, 0x0000000085100000, 0x0000000085100000|100%| O|  |TAMS 0x0000000085100000, 0x0000000085000000| Untracked 
|  81|0x0000000085100000, 0x0000000085200000, 0x0000000085200000|100%| O|  |TAMS 0x0000000085200000, 0x0000000085100000| Untracked 
|  82|0x0000000085200000, 0x0000000085300000, 0x0000000085300000|100%| O|  |TAMS 0x0000000085300000, 0x0000000085200000| Untracked 
|  83|0x0000000085300000, 0x0000000085400000, 0x0000000085400000|100%| O|  |TAMS 0x0000000085400000, 0x0000000085300000| Untracked 
|  84|0x0000000085400000, 0x0000000085500000, 0x0000000085500000|100%| O|  |TAMS 0x0000000085500000, 0x0000000085400000| Untracked 
|  85|0x0000000085500000, 0x0000000085600000, 0x0000000085600000|100%| O|  |TAMS 0x0000000085600000, 0x0000000085500000| Untracked 
|  86|0x0000000085600000, 0x0000000085700000, 0x0000000085700000|100%| O|  |TAMS 0x0000000085700000, 0x0000000085600000| Untracked 
|  87|0x0000000085700000, 0x0000000085735800, 0x0000000085800000| 20%| O|  |TAMS 0x0000000085735800, 0x0000000085700000| Untracked 
|  88|0x0000000085800000, 0x0000000085800000, 0x0000000085900000|  0%| F|  |TAMS 0x0000000085800000, 0x0000000085800000| Untracked 
|  89|0x0000000085900000, 0x0000000085900000, 0x0000000085a00000|  0%| F|  |TAMS 0x0000000085900000, 0x0000000085900000| Untracked 
|  90|0x0000000085a00000, 0x0000000085a00000, 0x0000000085b00000|  0%| F|  |TAMS 0x0000000085a00000, 0x0000000085a00000| Untracked 
|  91|0x0000000085b00000, 0x0000000085b00000, 0x0000000085c00000|  0%| F|  |TAMS 0x0000000085b00000, 0x0000000085b00000| Untracked 
|  92|0x0000000085c00000, 0x0000000085c00000, 0x0000000085d00000|  0%| F|  |TAMS 0x0000000085c00000, 0x0000000085c00000| Untracked 
|  93|0x0000000085d00000, 0x0000000085d00000, 0x0000000085e00000|  0%| F|  |TAMS 0x0000000085d00000, 0x0000000085d00000| Untracked 
|  94|0x0000000085e00000, 0x0000000085e00000, 0x0000000085f00000|  0%| F|  |TAMS 0x0000000085e00000, 0x0000000085e00000| Untracked 
|  95|0x0000000085f00000, 0x0000000085f00000, 0x0000000086000000|  0%| F|  |TAMS 0x0000000085f00000, 0x0000000085f00000| Untracked 
|  96|0x0000000086000000, 0x0000000086000000, 0x0000000086100000|  0%| F|  |TAMS 0x0000000086000000, 0x0000000086000000| Untracked 
|  97|0x0000000086100000, 0x0000000086100000, 0x0000000086200000|  0%| F|  |TAMS 0x0000000086100000, 0x0000000086100000| Untracked 
|  98|0x0000000086200000, 0x0000000086200000, 0x0000000086300000|  0%| F|  |TAMS 0x0000000086200000, 0x0000000086200000| Untracked 
|  99|0x0000000086300000, 0x0000000086300000, 0x0000000086400000|  0%| F|  |TAMS 0x0000000086300000, 0x0000000086300000| Untracked 
| 100|0x0000000086400000, 0x0000000086400000, 0x0000000086500000|  0%| F|  |TAMS 0x0000000086400000, 0x0000000086400000| Untracked 
| 101|0x0000000086500000, 0x0000000086500000, 0x0000000086600000|  0%| F|  |TAMS 0x0000000086500000, 0x0000000086500000| Untracked 
| 102|0x0000000086600000, 0x0000000086600000, 0x0000000086700000|  0%| F|  |TAMS 0x0000000086600000, 0x0000000086600000| Untracked 
| 103|0x0000000086700000, 0x0000000086700000, 0x0000000086800000|  0%| F|  |TAMS 0x0000000086700000, 0x0000000086700000| Untracked 
| 104|0x0000000086800000, 0x0000000086800000, 0x0000000086900000|  0%| F|  |TAMS 0x0000000086800000, 0x0000000086800000| Untracked 
| 105|0x0000000086900000, 0x0000000086900000, 0x0000000086a00000|  0%| F|  |TAMS 0x0000000086900000, 0x0000000086900000| Untracked 
| 106|0x0000000086a00000, 0x0000000086a00000, 0x0000000086b00000|  0%| F|  |TAMS 0x0000000086a00000, 0x0000000086a00000| Untracked 
| 107|0x0000000086b00000, 0x0000000086b00000, 0x0000000086c00000|  0%| F|  |TAMS 0x0000000086b00000, 0x0000000086b00000| Untracked 
| 108|0x0000000086c00000, 0x0000000086c00000, 0x0000000086d00000|  0%| F|  |TAMS 0x0000000086c00000, 0x0000000086c00000| Untracked 
| 109|0x0000000086d00000, 0x0000000086d00000, 0x0000000086e00000|  0%| F|  |TAMS 0x0000000086d00000, 0x0000000086d00000| Untracked 
| 110|0x0000000086e00000, 0x0000000086e00000, 0x0000000086f00000|  0%| F|  |TAMS 0x0000000086e00000, 0x0000000086e00000| Untracked 
| 111|0x0000000086f00000, 0x0000000086f00000, 0x0000000087000000|  0%| F|  |TAMS 0x0000000086f00000, 0x0000000086f00000| Untracked 
| 112|0x0000000087000000, 0x0000000087000000, 0x0000000087100000|  0%| F|  |TAMS 0x0000000087000000, 0x0000000087000000| Untracked 
| 113|0x0000000087100000, 0x0000000087100000, 0x0000000087200000|  0%| F|  |TAMS 0x0000000087100000, 0x0000000087100000| Untracked 
| 114|0x0000000087200000, 0x0000000087200000, 0x0000000087300000|  0%| F|  |TAMS 0x0000000087200000, 0x0000000087200000| Untracked 
| 115|0x0000000087300000, 0x0000000087300000, 0x0000000087400000|  0%| F|  |TAMS 0x0000000087300000, 0x0000000087300000| Untracked 
| 116|0x0000000087400000, 0x0000000087400000, 0x0000000087500000|  0%| F|  |TAMS 0x0000000087400000, 0x0000000087400000| Untracked 
| 117|0x0000000087500000, 0x0000000087500000, 0x0000000087600000|  0%| F|  |TAMS 0x0000000087500000, 0x0000000087500000| Untracked 
| 118|0x0000000087600000, 0x0000000087600000, 0x0000000087700000|  0%| F|  |TAMS 0x0000000087600000, 0x0000000087600000| Untracked 
| 119|0x0000000087700000, 0x0000000087700000, 0x0000000087800000|  0%| F|  |TAMS 0x0000000087700000, 0x0000000087700000| Untracked 
| 120|0x0000000087800000, 0x0000000087800000, 0x0000000087900000|  0%| F|  |TAMS 0x0000000087800000, 0x0000000087800000| Untracked 
| 121|0x0000000087900000, 0x0000000087900000, 0x0000000087a00000|  0%| F|  |TAMS 0x0000000087900000, 0x0000000087900000| Untracked 
| 122|0x0000000087a00000, 0x0000000087a00000, 0x0000000087b00000|  0%| F|  |TAMS 0x0000000087a00000, 0x0000000087a00000| Untracked 
| 123|0x0000000087b00000, 0x0000000087b00000, 0x0000000087c00000|  0%| F|  |TAMS 0x0000000087b00000, 0x0000000087b00000| Untracked 
| 124|0x0000000087c00000, 0x0000000087c00000, 0x0000000087d00000|  0%| F|  |TAMS 0x0000000087c00000, 0x0000000087c00000| Untracked 
| 125|0x0000000087d00000, 0x0000000087d00000, 0x0000000087e00000|  0%| F|  |TAMS 0x0000000087d00000, 0x0000000087d00000| Untracked 
| 126|0x0000000087e00000, 0x0000000087e00000, 0x0000000087f00000|  0%| F|  |TAMS 0x0000000087e00000, 0x0000000087e00000| Untracked 
| 127|0x0000000087f00000, 0x0000000087f00000, 0x0000000088000000|  0%| F|  |TAMS 0x0000000087f00000, 0x0000000087f00000| Untracked 
| 128|0x0000000088000000, 0x0000000088000000, 0x0000000088100000|  0%| F|  |TAMS 0x0000000088000000, 0x0000000088000000| Untracked 
| 129|0x0000000088100000, 0x0000000088100000, 0x0000000088200000|  0%| F|  |TAMS 0x0000000088100000, 0x0000000088100000| Untracked 
| 130|0x0000000088200000, 0x0000000088200000, 0x0000000088300000|  0%| F|  |TAMS 0x0000000088200000, 0x0000000088200000| Untracked 
| 131|0x0000000088300000, 0x000000008834b9f0, 0x0000000088400000| 29%| S|CS|TAMS 0x0000000088300000, 0x0000000088300000| Complete 
| 132|0x0000000088400000, 0x0000000088500000, 0x0000000088500000|100%| S|CS|TAMS 0x0000000088400000, 0x0000000088400000| Complete 
| 133|0x0000000088500000, 0x0000000088600000, 0x0000000088600000|100%| S|CS|TAMS 0x0000000088500000, 0x0000000088500000| Complete 
| 134|0x0000000088600000, 0x0000000088700000, 0x0000000088700000|100%| S|CS|TAMS 0x0000000088600000, 0x0000000088600000| Complete 
| 135|0x0000000088700000, 0x0000000088700000, 0x0000000088800000|  0%| F|  |TAMS 0x0000000088700000, 0x0000000088700000| Untracked 
| 136|0x0000000088800000, 0x0000000088800000, 0x0000000088900000|  0%| F|  |TAMS 0x0000000088800000, 0x0000000088800000| Untracked 
| 137|0x0000000088900000, 0x0000000088900000, 0x0000000088a00000|  0%| F|  |TAMS 0x0000000088900000, 0x0000000088900000| Untracked 
| 138|0x0000000088a00000, 0x0000000088a00000, 0x0000000088b00000|  0%| F|  |TAMS 0x0000000088a00000, 0x0000000088a00000| Untracked 
| 139|0x0000000088b00000, 0x0000000088b00000, 0x0000000088c00000|  0%| F|  |TAMS 0x0000000088b00000, 0x0000000088b00000| Untracked 
| 140|0x0000000088c00000, 0x0000000088c00000, 0x0000000088d00000|  0%| F|  |TAMS 0x0000000088c00000, 0x0000000088c00000| Untracked 
| 141|0x0000000088d00000, 0x0000000088d00000, 0x0000000088e00000|  0%| F|  |TAMS 0x0000000088d00000, 0x0000000088d00000| Untracked 
| 142|0x0000000088e00000, 0x0000000088e00000, 0x0000000088f00000|  0%| F|  |TAMS 0x0000000088e00000, 0x0000000088e00000| Untracked 
| 143|0x0000000088f00000, 0x0000000088f00000, 0x0000000089000000|  0%| F|  |TAMS 0x0000000088f00000, 0x0000000088f00000| Untracked 
| 144|0x0000000089000000, 0x0000000089000000, 0x0000000089100000|  0%| F|  |TAMS 0x0000000089000000, 0x0000000089000000| Untracked 
| 145|0x0000000089100000, 0x0000000089100000, 0x0000000089200000|  0%| F|  |TAMS 0x0000000089100000, 0x0000000089100000| Untracked 
| 146|0x0000000089200000, 0x0000000089200000, 0x0000000089300000|  0%| F|  |TAMS 0x0000000089200000, 0x0000000089200000| Untracked 
| 147|0x0000000089300000, 0x0000000089300000, 0x0000000089400000|  0%| F|  |TAMS 0x0000000089300000, 0x0000000089300000| Untracked 
| 148|0x0000000089400000, 0x0000000089400000, 0x0000000089500000|  0%| F|  |TAMS 0x0000000089400000, 0x0000000089400000| Untracked 
| 149|0x0000000089500000, 0x0000000089500000, 0x0000000089600000|  0%| F|  |TAMS 0x0000000089500000, 0x0000000089500000| Untracked 
| 150|0x0000000089600000, 0x0000000089600000, 0x0000000089700000|  0%| F|  |TAMS 0x0000000089600000, 0x0000000089600000| Untracked 
| 151|0x0000000089700000, 0x0000000089700000, 0x0000000089800000|  0%| F|  |TAMS 0x0000000089700000, 0x0000000089700000| Untracked 
| 152|0x0000000089800000, 0x0000000089800000, 0x0000000089900000|  0%| F|  |TAMS 0x0000000089800000, 0x0000000089800000| Untracked 
| 153|0x0000000089900000, 0x0000000089900000, 0x0000000089a00000|  0%| F|  |TAMS 0x0000000089900000, 0x0000000089900000| Untracked 
| 154|0x0000000089a00000, 0x0000000089a00000, 0x0000000089b00000|  0%| F|  |TAMS 0x0000000089a00000, 0x0000000089a00000| Untracked 
| 155|0x0000000089b00000, 0x0000000089b00000, 0x0000000089c00000|  0%| F|  |TAMS 0x0000000089b00000, 0x0000000089b00000| Untracked 
| 156|0x0000000089c00000, 0x0000000089c00000, 0x0000000089d00000|  0%| F|  |TAMS 0x0000000089c00000, 0x0000000089c00000| Untracked 
| 157|0x0000000089d00000, 0x0000000089d00000, 0x0000000089e00000|  0%| F|  |TAMS 0x0000000089d00000, 0x0000000089d00000| Untracked 
| 158|0x0000000089e00000, 0x0000000089e00000, 0x0000000089f00000|  0%| F|  |TAMS 0x0000000089e00000, 0x0000000089e00000| Untracked 
| 159|0x0000000089f00000, 0x0000000089f00000, 0x000000008a000000|  0%| F|  |TAMS 0x0000000089f00000, 0x0000000089f00000| Untracked 
| 160|0x000000008a000000, 0x000000008a000000, 0x000000008a100000|  0%| F|  |TAMS 0x000000008a000000, 0x000000008a000000| Untracked 
| 161|0x000000008a100000, 0x000000008a100000, 0x000000008a200000|  0%| F|  |TAMS 0x000000008a100000, 0x000000008a100000| Untracked 
| 162|0x000000008a200000, 0x000000008a200000, 0x000000008a300000|  0%| F|  |TAMS 0x000000008a200000, 0x000000008a200000| Untracked 
| 163|0x000000008a300000, 0x000000008a300000, 0x000000008a400000|  0%| F|  |TAMS 0x000000008a300000, 0x000000008a300000| Untracked 
| 164|0x000000008a400000, 0x000000008a400000, 0x000000008a500000|  0%| F|  |TAMS 0x000000008a400000, 0x000000008a400000| Untracked 
| 165|0x000000008a500000, 0x000000008a500000, 0x000000008a600000|  0%| F|  |TAMS 0x000000008a500000, 0x000000008a500000| Untracked 
| 166|0x000000008a600000, 0x000000008a600000, 0x000000008a700000|  0%| F|  |TAMS 0x000000008a600000, 0x000000008a600000| Untracked 
| 167|0x000000008a700000, 0x000000008a700000, 0x000000008a800000|  0%| F|  |TAMS 0x000000008a700000, 0x000000008a700000| Untracked 
| 168|0x000000008a800000, 0x000000008a800000, 0x000000008a900000|  0%| F|  |TAMS 0x000000008a800000, 0x000000008a800000| Untracked 
| 169|0x000000008a900000, 0x000000008a900000, 0x000000008aa00000|  0%| F|  |TAMS 0x000000008a900000, 0x000000008a900000| Untracked 
| 170|0x000000008aa00000, 0x000000008aa00000, 0x000000008ab00000|  0%| F|  |TAMS 0x000000008aa00000, 0x000000008aa00000| Untracked 
| 171|0x000000008ab00000, 0x000000008ab00000, 0x000000008ac00000|  0%| F|  |TAMS 0x000000008ab00000, 0x000000008ab00000| Untracked 
| 172|0x000000008ac00000, 0x000000008ac00000, 0x000000008ad00000|  0%| F|  |TAMS 0x000000008ac00000, 0x000000008ac00000| Untracked 
| 173|0x000000008ad00000, 0x000000008ad00000, 0x000000008ae00000|  0%| F|  |TAMS 0x000000008ad00000, 0x000000008ad00000| Untracked 
| 174|0x000000008ae00000, 0x000000008ae00000, 0x000000008af00000|  0%| F|  |TAMS 0x000000008ae00000, 0x000000008ae00000| Untracked 
| 175|0x000000008af00000, 0x000000008af00000, 0x000000008b000000|  0%| F|  |TAMS 0x000000008af00000, 0x000000008af00000| Untracked 
| 176|0x000000008b000000, 0x000000008b000000, 0x000000008b100000|  0%| F|  |TAMS 0x000000008b000000, 0x000000008b000000| Untracked 
| 177|0x000000008b100000, 0x000000008b100000, 0x000000008b200000|  0%| F|  |TAMS 0x000000008b100000, 0x000000008b100000| Untracked 
| 178|0x000000008b200000, 0x000000008b200000, 0x000000008b300000|  0%| F|  |TAMS 0x000000008b200000, 0x000000008b200000| Untracked 
| 179|0x000000008b300000, 0x000000008b300000, 0x000000008b400000|  0%| F|  |TAMS 0x000000008b300000, 0x000000008b300000| Untracked 
| 180|0x000000008b400000, 0x000000008b400000, 0x000000008b500000|  0%| F|  |TAMS 0x000000008b400000, 0x000000008b400000| Untracked 
| 181|0x000000008b500000, 0x000000008b500000, 0x000000008b600000|  0%| F|  |TAMS 0x000000008b500000, 0x000000008b500000| Untracked 
| 182|0x000000008b600000, 0x000000008b600000, 0x000000008b700000|  0%| F|  |TAMS 0x000000008b600000, 0x000000008b600000| Untracked 
| 183|0x000000008b700000, 0x000000008b700000, 0x000000008b800000|  0%| F|  |TAMS 0x000000008b700000, 0x000000008b700000| Untracked 
| 184|0x000000008b800000, 0x000000008b800000, 0x000000008b900000|  0%| F|  |TAMS 0x000000008b800000, 0x000000008b800000| Untracked 
| 185|0x000000008b900000, 0x000000008b900000, 0x000000008ba00000|  0%| F|  |TAMS 0x000000008b900000, 0x000000008b900000| Untracked 
| 186|0x000000008ba00000, 0x000000008ba00000, 0x000000008bb00000|  0%| F|  |TAMS 0x000000008ba00000, 0x000000008ba00000| Untracked 
| 187|0x000000008bb00000, 0x000000008bb00000, 0x000000008bc00000|  0%| F|  |TAMS 0x000000008bb00000, 0x000000008bb00000| Untracked 
| 188|0x000000008bc00000, 0x000000008bc00000, 0x000000008bd00000|  0%| F|  |TAMS 0x000000008bc00000, 0x000000008bc00000| Untracked 
| 189|0x000000008bd00000, 0x000000008bd00000, 0x000000008be00000|  0%| F|  |TAMS 0x000000008bd00000, 0x000000008bd00000| Untracked 
| 190|0x000000008be00000, 0x000000008be00000, 0x000000008bf00000|  0%| F|  |TAMS 0x000000008be00000, 0x000000008be00000| Untracked 
| 191|0x000000008bf00000, 0x000000008bf00000, 0x000000008c000000|  0%| F|  |TAMS 0x000000008bf00000, 0x000000008bf00000| Untracked 
| 192|0x000000008c000000, 0x000000008c000000, 0x000000008c100000|  0%| F|  |TAMS 0x000000008c000000, 0x000000008c000000| Untracked 
| 193|0x000000008c100000, 0x000000008c100000, 0x000000008c200000|  0%| F|  |TAMS 0x000000008c100000, 0x000000008c100000| Untracked 
| 194|0x000000008c200000, 0x000000008c200000, 0x000000008c300000|  0%| F|  |TAMS 0x000000008c200000, 0x000000008c200000| Untracked 
| 195|0x000000008c300000, 0x000000008c300000, 0x000000008c400000|  0%| F|  |TAMS 0x000000008c300000, 0x000000008c300000| Untracked 
| 196|0x000000008c400000, 0x000000008c400000, 0x000000008c500000|  0%| F|  |TAMS 0x000000008c400000, 0x000000008c400000| Untracked 
| 197|0x000000008c500000, 0x000000008c500000, 0x000000008c600000|  0%| F|  |TAMS 0x000000008c500000, 0x000000008c500000| Untracked 
| 198|0x000000008c600000, 0x000000008c600000, 0x000000008c700000|  0%| F|  |TAMS 0x000000008c600000, 0x000000008c600000| Untracked 
| 199|0x000000008c700000, 0x000000008c700000, 0x000000008c800000|  0%| F|  |TAMS 0x000000008c700000, 0x000000008c700000| Untracked 
| 200|0x000000008c800000, 0x000000008c800000, 0x000000008c900000|  0%| F|  |TAMS 0x000000008c800000, 0x000000008c800000| Untracked 
| 201|0x000000008c900000, 0x000000008c900000, 0x000000008ca00000|  0%| F|  |TAMS 0x000000008c900000, 0x000000008c900000| Untracked 
| 202|0x000000008ca00000, 0x000000008ca00000, 0x000000008cb00000|  0%| F|  |TAMS 0x000000008ca00000, 0x000000008ca00000| Untracked 
| 203|0x000000008cb00000, 0x000000008cb00000, 0x000000008cc00000|  0%| F|  |TAMS 0x000000008cb00000, 0x000000008cb00000| Untracked 
| 204|0x000000008cc00000, 0x000000008cc00000, 0x000000008cd00000|  0%| F|  |TAMS 0x000000008cc00000, 0x000000008cc00000| Untracked 
| 205|0x000000008cd00000, 0x000000008cd00000, 0x000000008ce00000|  0%| F|  |TAMS 0x000000008cd00000, 0x000000008cd00000| Untracked 
| 206|0x000000008ce00000, 0x000000008ceafb38, 0x000000008cf00000| 68%| E|  |TAMS 0x000000008ce00000, 0x000000008ce00000| Complete 
| 207|0x000000008cf00000, 0x000000008d000000, 0x000000008d000000|100%| E|  |TAMS 0x000000008cf00000, 0x000000008cf00000| Complete 
| 208|0x000000008d000000, 0x000000008d100000, 0x000000008d100000|100%| E|CS|TAMS 0x000000008d000000, 0x000000008d000000| Complete 
| 209|0x000000008d100000, 0x000000008d200000, 0x000000008d200000|100%| E|CS|TAMS 0x000000008d100000, 0x000000008d100000| Complete 
| 210|0x000000008d200000, 0x000000008d300000, 0x000000008d300000|100%| E|CS|TAMS 0x000000008d200000, 0x000000008d200000| Complete 
| 211|0x000000008d300000, 0x000000008d400000, 0x000000008d400000|100%| E|CS|TAMS 0x000000008d300000, 0x000000008d300000| Complete 

Card table byte_map: [0x000002301c600000,0x000002301ca00000] _byte_map_base: 0x000002301c200000

Marking Bits (Prev, Next): (CMBitMap*) 0x0000023008ccedd0, (CMBitMap*) 0x0000023008cced98
 Prev Bits: [0x000002301ee00000, 0x0000023020e00000)
 Next Bits: [0x000002301ce00000, 0x000002301ee00000)

Polling page: 0x00000230073b0000

Metaspace:

Usage:
  Non-class:     86.60 MB capacity,    85.00 MB ( 98%) used,     1.29 MB (  1%) free+waste,   314.56 KB ( <1%) overhead. 
      Class:     13.88 MB capacity,    12.93 MB ( 93%) used,   830.06 KB (  6%) free+waste,   142.56 KB (  1%) overhead. 
       Both:    100.48 MB capacity,    97.93 MB ( 97%) used,     2.10 MB (  2%) free+waste,   457.13 KB ( <1%) overhead. 

Virtual space:
  Non-class space:       88.00 MB reserved,      86.75 MB ( 99%) committed 
      Class space:        1.00 GB reserved,      14.00 MB (  1%) committed 
             Both:        1.09 GB reserved,     100.75 MB (  9%) committed 

Chunk freelists:
   Non-Class:  22.00 KB
       Class:  28.00 KB
        Both:  50.00 KB

MaxMetaspaceSize: 17179869184.00 GB
CompressedClassSpaceSize: 1.00 GB

CodeHeap 'non-profiled nmethods': size=120000Kb used=6293Kb max_used=6293Kb free=113706Kb
 bounds [0x0000023014250000, 0x0000023014880000, 0x000002301b780000]
CodeHeap 'profiled nmethods': size=120000Kb used=24991Kb max_used=24991Kb free=95008Kb
 bounds [0x000002300cd20000, 0x000002300e590000, 0x0000023014250000]
CodeHeap 'non-nmethods': size=5760Kb used=2317Kb max_used=2366Kb free=3442Kb
 bounds [0x000002300c780000, 0x000002300c9f0000, 0x000002300cd20000]
 total_blobs=12724 nmethods=11796 adapters=839
 compilation: enabled
              stopped_count=0, restarted_count=0
 full_count=0

Compilation events (20 events):
Event: 25.196 Thread 0x000002302390f000 nmethod 11965 0x000002301486e190 code [0x000002301486e340, 0x000002301486e3f8]
Event: 25.196 Thread 0x000002302390f000 11966       1       com.android.zipflinger.Entry::setExternalAttributes (6 bytes)
Event: 25.196 Thread 0x000002302390f000 nmethod 11966 0x000002301486e490 code [0x000002301486e640, 0x000002301486e6f8]
Event: 25.196 Thread 0x000002302390f000 11967       1       com.android.zipflinger.Entry::setPayloadLocation (6 bytes)
Event: 25.197 Thread 0x000002302390f000 nmethod 11967 0x000002301486e790 code [0x000002301486e940, 0x000002301486ea38]
Event: 25.197 Thread 0x000002302390f000 11968       1       com.android.zipflinger.Entry::setCdLocation (6 bytes)
Event: 25.197 Thread 0x000002302390f000 nmethod 11968 0x000002301486ea90 code [0x000002301486ec40, 0x000002301486ed38]
Event: 25.201 Thread 0x000002302390f000 11969       3       java.lang.Thread::isInterrupted (6 bytes)
Event: 25.201 Thread 0x000002302390f000 nmethod 11969 0x000002300e578e90 code [0x000002300e579040, 0x000002300e579188]
Event: 25.202 Thread 0x000002302390f000 11970       3       java.nio.ByteBuffer::get (54 bytes)
Event: 25.203 Thread 0x000002302390f000 nmethod 11970 0x000002300e579210 code [0x000002300e579420, 0x000002300e579a08]
Event: 25.204 Thread 0x000002302390f000 11971       3       java.nio.ByteBuffer::rewind (5 bytes)
Event: 25.204 Thread 0x000002302390f000 nmethod 11971 0x000002300e579c90 code [0x000002300e579e40, 0x000002300e579fe8]
Event: 25.204 Thread 0x000002302390f000 11972       3       java.nio.channels.spi.AbstractInterruptibleChannel::begin (48 bytes)
Event: 25.206 Thread 0x000002302390f000 nmethod 11972 0x000002300e57a090 code [0x000002300e57a2c0, 0x000002300e57abf8]
Event: 25.206 Thread 0x000002302390f000 11975       3       java.nio.channels.spi.AbstractInterruptibleChannel::isOpen (13 bytes)
Event: 25.206 Thread 0x000002302390f000 nmethod 11975 0x000002300e57af10 code [0x000002300e57b0c0, 0x000002300e57b218]
Event: 25.206 Thread 0x000002302390f000 11973       3       java.nio.channels.spi.AbstractInterruptibleChannel::end (53 bytes)
Event: 25.207 Thread 0x000002302390f000 nmethod 11973 0x000002300e57b290 code [0x000002300e57b4c0, 0x000002300e57bc18]
Event: 25.208 Thread 0x000002302390f000 11976   !   3       sun.nio.ch.FileChannelImpl::read (105 bytes)

GC Heap History (20 events):
Event: 18.618 GC heap before
{Heap before GC invocations=32 (full 0):
 garbage-first heap   total 118784K, used 94017K [0x0000000080000000, 0x0000000100000000)
  region size 1024K, 29 young (29696K), 3 survivors (3072K)
 Metaspace       used 81179K, capacity 83108K, committed 83328K, reserved 1122304K
  class space    used 10580K, capacity 11292K, committed 11392K, reserved 1048576K
}
Event: 18.626 GC heap after
{Heap after GC invocations=33 (full 0):
 garbage-first heap   total 143360K, used 69631K [0x0000000080000000, 0x0000000100000000)
  region size 1024K, 4 young (4096K), 4 survivors (4096K)
 Metaspace       used 81179K, capacity 83108K, committed 83328K, reserved 1122304K
  class space    used 10580K, capacity 11292K, committed 11392K, reserved 1048576K
}
Event: 19.298 GC heap before
{Heap before GC invocations=33 (full 0):
 garbage-first heap   total 143360K, used 103423K [0x0000000080000000, 0x0000000100000000)
  region size 1024K, 38 young (38912K), 4 survivors (4096K)
 Metaspace       used 82319K, capacity 84363K, committed 84480K, reserved 1122304K
  class space    used 10749K, capacity 11513K, committed 11520K, reserved 1048576K
}
Event: 19.307 GC heap after
{Heap after GC invocations=34 (full 0):
 garbage-first heap   total 143360K, used 72200K [0x0000000080000000, 0x0000000100000000)
  region size 1024K, 5 young (5120K), 5 survivors (5120K)
 Metaspace       used 82319K, capacity 84363K, committed 84480K, reserved 1122304K
  class space    used 10749K, capacity 11513K, committed 11520K, reserved 1048576K
}
Event: 19.881 GC heap before
{Heap before GC invocations=35 (full 0):
 garbage-first heap   total 143360K, used 107016K [0x0000000080000000, 0x0000000100000000)
  region size 1024K, 40 young (40960K), 5 survivors (5120K)
 Metaspace       used 82851K, capacity 84977K, committed 85120K, reserved 1122304K
  class space    used 10790K, capacity 11598K, committed 11648K, reserved 1048576K
}
Event: 19.891 GC heap after
{Heap after GC invocations=36 (full 0):
 garbage-first heap   total 143360K, used 74556K [0x0000000080000000, 0x0000000100000000)
  region size 1024K, 5 young (5120K), 5 survivors (5120K)
 Metaspace       used 82851K, capacity 84977K, committed 85120K, reserved 1122304K
  class space    used 10790K, capacity 11598K, committed 11648K, reserved 1048576K
}
Event: 20.394 GC heap before
{Heap before GC invocations=36 (full 0):
 garbage-first heap   total 143360K, used 109372K [0x0000000080000000, 0x0000000100000000)
  region size 1024K, 40 young (40960K), 5 survivors (5120K)
 Metaspace       used 83578K, capacity 85781K, committed 86016K, reserved 1124352K
  class space    used 10856K, capacity 11673K, committed 11776K, reserved 1048576K
}
Event: 20.404 GC heap after
{Heap after GC invocations=37 (full 0):
 garbage-first heap   total 143360K, used 76778K [0x0000000080000000, 0x0000000100000000)
  region size 1024K, 3 young (3072K), 3 survivors (3072K)
 Metaspace       used 83578K, capacity 85781K, committed 86016K, reserved 1124352K
  class space    used 10856K, capacity 11673K, committed 11776K, reserved 1048576K
}
Event: 21.211 GC heap before
{Heap before GC invocations=38 (full 0):
 garbage-first heap   total 143360K, used 112618K [0x0000000080000000, 0x0000000100000000)
  region size 1024K, 38 young (38912K), 3 survivors (3072K)
 Metaspace       used 86126K, capacity 88271K, committed 88320K, reserved 1126400K
  class space    used 11199K, capacity 12012K, committed 12032K, reserved 1048576K
}
Event: 21.218 GC heap after
{Heap after GC invocations=39 (full 0):
 garbage-first heap   total 172032K, used 77586K [0x0000000080000000, 0x0000000100000000)
  region size 1024K, 4 young (4096K), 4 survivors (4096K)
 Metaspace       used 86126K, capacity 88271K, committed 88320K, reserved 1126400K
  class space    used 11199K, capacity 12012K, committed 12032K, reserved 1048576K
}
Event: 22.202 GC heap before
{Heap before GC invocations=39 (full 0):
 garbage-first heap   total 172032K, used 125714K [0x0000000080000000, 0x0000000100000000)
  region size 1024K, 51 young (52224K), 4 survivors (4096K)
 Metaspace       used 88926K, capacity 91088K, committed 91264K, reserved 1128448K
  class space    used 11519K, capacity 12321K, committed 12416K, reserved 1048576K
}
Event: 22.213 GC heap after
{Heap after GC invocations=40 (full 0):
 garbage-first heap   total 172032K, used 80793K [0x0000000080000000, 0x0000000100000000)
  region size 1024K, 7 young (7168K), 7 survivors (7168K)
 Metaspace       used 88926K, capacity 91088K, committed 91264K, reserved 1128448K
  class space    used 11519K, capacity 12321K, committed 12416K, reserved 1048576K
}
Event: 22.803 GC heap before
{Heap before GC invocations=40 (full 0):
 garbage-first heap   total 172032K, used 127897K [0x0000000080000000, 0x0000000100000000)
  region size 1024K, 54 young (55296K), 7 survivors (7168K)
 Metaspace       used 90148K, capacity 92289K, committed 92544K, reserved 1130496K
  class space    used 11621K, capacity 12416K, committed 12416K, reserved 1048576K
}
Event: 22.815 GC heap after
{Heap after GC invocations=41 (full 0):
 garbage-first heap   total 172032K, used 83356K [0x0000000080000000, 0x0000000100000000)
  region size 1024K, 7 young (7168K), 7 survivors (7168K)
 Metaspace       used 90148K, capacity 92289K, committed 92544K, reserved 1130496K
  class space    used 11621K, capacity 12416K, committed 12416K, reserved 1048576K
}
Event: 23.814 GC heap before
{Heap before GC invocations=41 (full 0):
 garbage-first heap   total 172032K, used 131484K [0x0000000080000000, 0x0000000100000000)
  region size 1024K, 55 young (56320K), 7 survivors (7168K)
 Metaspace       used 97658K, capacity 100130K, committed 100480K, reserved 1136640K
  class space    used 12928K, capacity 13855K, committed 13952K, reserved 1048576K
}
Event: 23.858 GC heap after
{Heap after GC invocations=42 (full 0):
 garbage-first heap   total 172032K, used 89517K [0x0000000080000000, 0x0000000100000000)
  region size 1024K, 7 young (7168K), 7 survivors (7168K)
 Metaspace       used 97658K, capacity 100130K, committed 100480K, reserved 1136640K
  class space    used 12928K, capacity 13855K, committed 13952K, reserved 1048576K
}
Event: 24.215 GC heap before
{Heap before GC invocations=43 (full 0):
 garbage-first heap   total 172032K, used 97709K [0x0000000080000000, 0x0000000100000000)
  region size 1024K, 17 young (17408K), 7 survivors (7168K)
 Metaspace       used 98075K, capacity 100568K, committed 101120K, reserved 1136640K
  class space    used 12954K, capacity 13864K, committed 14080K, reserved 1048576K
}
Event: 24.239 GC heap after
{Heap after GC invocations=44 (full 0):
 garbage-first heap   total 172032K, used 91734K [0x0000000080000000, 0x0000000100000000)
  region size 1024K, 3 young (3072K), 3 survivors (3072K)
 Metaspace       used 98075K, capacity 100568K, committed 101120K, reserved 1136640K
  class space    used 12954K, capacity 13864K, committed 14080K, reserved 1048576K
}
Event: 25.094 GC heap before
{Heap before GC invocations=45 (full 0):
 garbage-first heap   total 172032K, used 123478K [0x0000000080000000, 0x0000000100000000)
  region size 1024K, 33 young (33792K), 3 survivors (3072K)
 Metaspace       used 99636K, capacity 102228K, committed 102528K, reserved 1138688K
  class space    used 13141K, capacity 14115K, committed 14208K, reserved 1048576K
}
Event: 25.103 GC heap after
{Heap after GC invocations=46 (full 0):
 garbage-first heap   total 217088K, used 92676K [0x0000000080000000, 0x0000000100000000)
  region size 1024K, 4 young (4096K), 4 survivors (4096K)
 Metaspace       used 99636K, capacity 102228K, committed 102528K, reserved 1138688K
  class space    used 13141K, capacity 14115K, committed 14208K, reserved 1048576K
}

Deoptimization events (20 events):
Event: 24.900 Thread 0x000002302a0e5800 DEOPT PACKING pc=0x000002300dabc053 sp=0x000000b0f82fd410
Event: 24.900 Thread 0x000002302a0e5800 DEOPT UNPACKING pc=0x000002300c7a76ce sp=0x000000b0f82fc8e0 mode 0
Event: 24.919 Thread 0x000002302a0e5800 Uncommon trap: trap_request=0xfffffff4 fr.pc=0x000002301475e234 relative=0x0000000000005ef4
Event: 24.919 Thread 0x000002302a0e5800 Uncommon trap: reason=null_check action=make_not_entrant pc=0x000002301475e234 method=java.net.URL.getURLStreamHandler(Ljava/lang/String;)Ljava/net/URLStreamHandler; @ 7 c2
Event: 24.919 Thread 0x000002302a0e5800 DEOPT PACKING pc=0x000002301475e234 sp=0x000000b0f82fcd00
Event: 24.919 Thread 0x000002302a0e5800 DEOPT UNPACKING pc=0x000002300c7a78af sp=0x000000b0f82fcc28 mode 2
Event: 24.922 Thread 0x000002302a0e5800 Uncommon trap: trap_request=0xffffffde fr.pc=0x00000230148431ac relative=0x000000000000036c
Event: 24.922 Thread 0x000002302a0e5800 Uncommon trap: reason=class_check action=maybe_recompile pc=0x00000230148431ac method=java.util.Spliterators$ArraySpliterator.tryAdvance(Ljava/util/function/Consumer;)Z @ 49 c2
Event: 24.922 Thread 0x000002302a0e5800 DEOPT PACKING pc=0x00000230148431ac sp=0x000000b0f82faf70
Event: 24.922 Thread 0x000002302a0e5800 DEOPT UNPACKING pc=0x000002300c7a78af sp=0x000000b0f82faef0 mode 2
Event: 24.926 Thread 0x000002302a0e5800 Uncommon trap: trap_request=0xffffff4d fr.pc=0x00000230144d9394 relative=0x00000000000009d4
Event: 24.926 Thread 0x000002302a0e5800 Uncommon trap: reason=unstable_if action=reinterpret pc=0x00000230144d9394 method=sun.net.util.IPAddressUtil.scan(Ljava/lang/String;JJ[C)I @ 14 c2
Event: 24.926 Thread 0x000002302a0e5800 DEOPT PACKING pc=0x00000230144d9394 sp=0x000000b0f82fc8c0
Event: 24.926 Thread 0x000002302a0e5800 DEOPT UNPACKING pc=0x000002300c7a78af sp=0x000000b0f82fc740 mode 2
Event: 25.040 Thread 0x000002302a0e5800 DEOPT PACKING pc=0x000002300e5636b6 sp=0x000000b0f82fd2c0
Event: 25.040 Thread 0x000002302a0e5800 DEOPT UNPACKING pc=0x000002300c7a76ce sp=0x000000b0f82fc840 mode 0
Event: 25.050 Thread 0x000002302a0e5800 Uncommon trap: trap_request=0x0000000d fr.pc=0x000002301486a504 relative=0x00000000000003a4
Event: 25.050 Thread 0x000002302a0e5800 Uncommon trap: reason=unloaded action=reinterpret pc=0x000002301486a504 method=com.sun.crypto.provider.PKCS12PBECipherCore.derive([C[BIIILjava/lang/String;I)[B @ 296 c2
Event: 25.050 Thread 0x000002302a0e5800 DEOPT PACKING pc=0x000002301486a504 sp=0x000000b0f82fd3b0
Event: 25.050 Thread 0x000002302a0e5800 DEOPT UNPACKING pc=0x000002300c7a78af sp=0x000000b0f82fd350 mode 2

Classes redefined (0 events):
No events

Internal exceptions (20 events):
Event: 23.747 Thread 0x000002302a0e9800 Exception <a 'java/lang/NoSuchMethodError'{0x0000000087b717c8}: 'java.lang.Object java.lang.invoke.Invokers$Holder.linkToTargetMethod(java.lang.Object, java.lang.Object, java.lang.Object, java.lang.Object, java.lang.Object, java.lang.Object, java.lang.Object)'> (0x0000000087b717c8) thrown at [./src/hotspot/share/interpreter/linkResolver.cpp, line 773]
Event: 23.750 Thread 0x000002302a0e4000 Exception <a 'java/lang/NoSuchMethodError'{0x0000000087b95920}: 'void java.lang.invoke.DirectMethodHandle$Holder.invokeStatic(java.lang.Object, java.lang.Object, java.lang.Object, java.lang.Object, java.lang.Object, java.lang.Object, java.lang.Object, java.lang.Object)'> (0x0000000087b95920) thrown at [./src/hotspot/share/interpreter/linkResolver.cpp, line 773]
Event: 23.750 Thread 0x000002302a0e9800 Exception <a 'java/lang/NoSuchMethodError'{0x0000000087ba41d0}: 'void java.lang.invoke.DirectMethodHandle$Holder.invokeStatic(java.lang.Object, java.lang.Object, java.lang.Object, java.lang.Object, java.lang.Object, java.lang.Object, java.lang.Object, java.lang.Object)'> (0x0000000087ba41d0) thrown at [./src/hotspot/share/interpreter/linkResolver.cpp, line 773]
Event: 23.750 Thread 0x000002302a0e4800 Exception <a 'java/lang/NoSuchMethodError'{0x0000000087b9b560}: 'void java.lang.invoke.DirectMethodHandle$Holder.invokeStatic(java.lang.Object, java.lang.Object, java.lang.Object, java.lang.Object, java.lang.Object, java.lang.Object, java.lang.Object, java.lang.Object)'> (0x0000000087b9b560) thrown at [./src/hotspot/share/interpreter/linkResolver.cpp, line 773]
Event: 23.812 Thread 0x000002302a0e4000 Exception <a 'java/lang/IncompatibleClassChangeError'{0x00000000878c1210}: Found class java.lang.Object, but interface was expected> (0x00000000878c1210) thrown at [./src/hotspot/share/interpreter/linkResolver.cpp, line 839]
Event: 23.918 Thread 0x000002302a0e4000 Exception <a 'java/lang/NoSuchMethodError'{0x000000008a42e718}: 'void java.lang.invoke.DirectMethodHandle$Holder.invokeVirtual(java.lang.Object, java.lang.Object, int)'> (0x000000008a42e718) thrown at [./src/hotspot/share/interpreter/linkResolver.cpp, line 773]
Event: 23.918 Thread 0x000002302a0e4800 Exception <a 'java/lang/NoSuchMethodError'{0x000000008a46f5e8}: 'void java.lang.invoke.DirectMethodHandle$Holder.invokeVirtual(java.lang.Object, java.lang.Object, int)'> (0x000000008a46f5e8) thrown at [./src/hotspot/share/interpreter/linkResolver.cpp, line 773]
Event: 23.948 Thread 0x000002302a0e4000 Exception <a 'sun/nio/fs/WindowsException'{0x000000008a371dd0}> (0x000000008a371dd0) thrown at [./src/hotspot/share/prims/jni.cpp, line 615]
Event: 23.954 Thread 0x000002302a0e4800 Exception <a 'sun/nio/fs/WindowsException'{0x000000008a2009b0}> (0x000000008a2009b0) thrown at [./src/hotspot/share/prims/jni.cpp, line 615]
Event: 24.308 Thread 0x000002302a0e9800 Exception <a 'sun/nio/fs/WindowsException'{0x000000008a7c35e0}> (0x000000008a7c35e0) thrown at [./src/hotspot/share/prims/jni.cpp, line 615]
Event: 24.341 Thread 0x0000023026581800 Exception <a 'java/lang/NoSuchMethodError'{0x000000008a689688}: 'void java.lang.invoke.DirectMethodHandle$Holder.invokeStatic(java.lang.Object, java.lang.Object, java.lang.Object, java.lang.Object, java.lang.Object, java.lang.Object, java.lang.Object)'> (0x000000008a689688) thrown at [./src/hotspot/share/interpreter/linkResolver.cpp, line 773]
Event: 24.351 Thread 0x000002302657d800 Exception <a 'java/lang/NoSuchMethodError'{0x000000008a544c80}: <clinit>> (0x000000008a544c80) thrown at [./src/hotspot/share/prims/jni.cpp, line 1362]
Event: 24.782 Thread 0x0000023026581800 Exception <a 'java/lang/NoSuchMethodError'{0x000000008981a438}: <clinit>> (0x000000008981a438) thrown at [./src/hotspot/share/prims/jni.cpp, line 1362]
Event: 24.784 Thread 0x0000023026581800 Exception <a 'java/lang/NoSuchMethodError'{0x000000008982cd00}: <clinit>> (0x000000008982cd00) thrown at [./src/hotspot/share/prims/jni.cpp, line 1362]
Event: 24.907 Thread 0x000002302a0e5800 Exception <a 'sun/nio/fs/WindowsException'{0x000000008954f418}> (0x000000008954f418) thrown at [./src/hotspot/share/prims/jni.cpp, line 615]
Event: 24.919 Thread 0x000002302a0e5800 Implicit null exception at 0x000002301475ac30 to 0x000002301475e21c
Event: 25.000 Thread 0x000002302a0e5800 Exception <a 'java/lang/NoSuchMethodError'{0x000000008918b308}: 'java.lang.Object java.lang.invoke.DirectMethodHandle$Holder.invokeStatic(java.lang.Object, java.lang.Object, java.lang.Object, java.lang.Object, java.lang.Object, int, java.lang.Object)'> (0x000000008918b308) thrown at [./src/hotspot/share/interpreter/linkResolver.cpp, line 773]
Event: 25.034 Thread 0x000002302a0e5800 Exception <a 'java/lang/NoSuchMethodError'{0x0000000088dabcf8}: 'java.lang.Object java.lang.invoke.DirectMethodHandle$Holder.invokeStatic(java.lang.Object, java.lang.Object, java.lang.Object, java.lang.Object, java.lang.Object, java.lang.Object, java.lang.Object, int)'> (0x0000000088dabcf8) thrown at [./src/hotspot/share/interpreter/linkResolver.cpp, line 773]
Event: 25.034 Thread 0x000002302a0e5800 Exception <a 'java/lang/NoSuchMethodError'{0x0000000088db0620}: 'java.lang.Object java.lang.invoke.DirectMethodHandle$Holder.invokeSpecial(java.lang.Object, java.lang.Object, java.lang.Object, java.lang.Object, java.lang.Object, java.lang.Object, java.lang.Object, java.lang.Object, int)'> (0x0000000088db0620) thrown at [./src/hotspot/share/interpreter/linkResolver.cpp, line 773]
Event: 25.035 Thread 0x000002302a0e5800 Exception <a 'java/lang/NoSuchMethodError'{0x0000000088db4648}: 'java.lang.Object java.lang.invoke.Invokers$Holder.linkToTargetMethod(java.lang.Object, java.lang.Object, java.lang.Object, java.lang.Object, java.lang.Object, java.lang.Object, int, java.lang.Object)'> (0x0000000088db4648) thrown at [./src/hotspot/share/interpreter/linkResolver.cpp, line 773]

Events (20 events):
Event: 25.177 loading class com/android/zipflinger/BytesSource
Event: 25.177 loading class com/android/zipflinger/BytesSource done
Event: 25.178 loading class com/android/apksig/apk/ApkFormatException
Event: 25.178 loading class com/android/apksig/apk/ApkFormatException done
Event: 25.179 loading class com/android/zipflinger/Zip64$Policy
Event: 25.179 loading class com/android/zipflinger/Zip64$Policy done
Event: 25.180 loading class com/android/zipflinger/ZipArchive
Event: 25.180 loading class com/android/zipflinger/ZipArchive done
Event: 25.182 loading class com/android/zipflinger/ZipMap
Event: 25.182 loading class com/android/zipflinger/ZipMap done
Event: 25.184 loading class com/android/zipflinger/EndOfCentralDirectory
Event: 25.184 loading class com/android/zipflinger/EndOfCentralDirectory done
Event: 25.185 loading class com/android/zipflinger/Location
Event: 25.185 loading class com/android/zipflinger/Location done
Event: 25.187 loading class com/android/zipflinger/Ints
Event: 25.187 loading class com/android/zipflinger/Ints done
Event: 25.189 loading class com/android/zipflinger/Zip64Locator
Event: 25.189 loading class com/android/zipflinger/Zip64Locator done
Event: 25.190 loading class com/android/zipflinger/Entry
Event: 25.190 loading class com/android/zipflinger/Entry done


Dynamic libraries:
0x00007ff6370a0000 - 0x00007ff6370aa000 	C:\Program Files\Android\Android Studio\jre\bin\java.exe
0x00007ffcb7ab0000 - 0x00007ffcb7ca5000 	C:\WINDOWS\SYSTEM32\ntdll.dll
0x00007ffcb5bb0000 - 0x00007ffcb5c6d000 	C:\WINDOWS\System32\KERNEL32.DLL
0x00007ffcb5730000 - 0x00007ffcb59f9000 	C:\WINDOWS\System32\KERNELBASE.dll
0x00007ffcb5540000 - 0x00007ffcb5640000 	C:\WINDOWS\System32\ucrtbase.dll
0x00007ffcb2970000 - 0x00007ffcb2989000 	C:\Program Files\Android\Android Studio\jre\bin\jli.dll
0x00007ffcb13a0000 - 0x00007ffcb13b7000 	C:\Program Files\Android\Android Studio\jre\bin\VCRUNTIME140.dll
0x00007ffcb5d10000 - 0x00007ffcb5eb0000 	C:\WINDOWS\System32\USER32.dll
0x00007ffcb5a00000 - 0x00007ffcb5a22000 	C:\WINDOWS\System32\win32u.dll
0x00007ffcb6880000 - 0x00007ffcb68aa000 	C:\WINDOWS\System32\GDI32.dll
0x00007ffca4430000 - 0x00007ffca46ca000 	C:\WINDOWS\WinSxS\amd64_microsoft.windows.common-controls_6595b64144ccf1df_6.0.19041.1110_none_60b5254171f9507e\COMCTL32.dll
0x00007ffcb5390000 - 0x00007ffcb549b000 	C:\WINDOWS\System32\gdi32full.dll
0x00007ffcb5b10000 - 0x00007ffcb5bae000 	C:\WINDOWS\System32\msvcrt.dll
0x00007ffcb54a0000 - 0x00007ffcb553d000 	C:\WINDOWS\System32\msvcp_win.dll
0x00007ffcb5f10000 - 0x00007ffcb5f40000 	C:\WINDOWS\System32\IMM32.DLL
0x00007ffca0e10000 - 0x00007ffca0ead000 	C:\Program Files\Android\Android Studio\jre\bin\msvcp140.dll
0x00007ffc67240000 - 0x00007ffc67d0f000 	C:\Program Files\Android\Android Studio\jre\bin\server\jvm.dll
0x00007ffcb6d50000 - 0x00007ffcb6dfc000 	C:\WINDOWS\System32\ADVAPI32.dll
0x00007ffcb5c70000 - 0x00007ffcb5d0b000 	C:\WINDOWS\System32\sechost.dll
0x00007ffcb7550000 - 0x00007ffcb767a000 	C:\WINDOWS\System32\RPCRT4.dll
0x00007ffcb6b00000 - 0x00007ffcb6b08000 	C:\WINDOWS\System32\PSAPI.DLL
0x00007ffcb2810000 - 0x00007ffcb2819000 	C:\WINDOWS\SYSTEM32\WSOCK32.dll
0x00007ffcaba90000 - 0x00007ffcabab7000 	C:\WINDOWS\SYSTEM32\WINMM.dll
0x00007ffcae780000 - 0x00007ffcae78a000 	C:\WINDOWS\SYSTEM32\VERSION.dll
0x00007ffcb6800000 - 0x00007ffcb686b000 	C:\WINDOWS\System32\WS2_32.dll
0x00007ffcb30f0000 - 0x00007ffcb3102000 	C:\WINDOWS\SYSTEM32\kernel.appcore.dll
0x00007ffcafa70000 - 0x00007ffcafa81000 	C:\Program Files\Android\Android Studio\jre\bin\verify.dll
0x00007ffcad680000 - 0x00007ffcad864000 	C:\WINDOWS\SYSTEM32\DBGHELP.DLL
0x00007ffca3c20000 - 0x00007ffca3c4c000 	C:\WINDOWS\SYSTEM32\dbgcore.DLL
0x00007ffcb56a0000 - 0x00007ffcb5723000 	C:\WINDOWS\System32\bcryptPrimitives.dll
0x00007ffcae5d0000 - 0x00007ffcae5f9000 	C:\Program Files\Android\Android Studio\jre\bin\java.dll
0x00007ffcb0c90000 - 0x00007ffcb0c9b000 	C:\Program Files\Android\Android Studio\jre\bin\jimage.dll
0x00007ffcafa50000 - 0x00007ffcafa68000 	C:\Program Files\Android\Android Studio\jre\bin\zip.dll
0x00007ffcb60c0000 - 0x00007ffcb67ff000 	C:\WINDOWS\System32\SHELL32.dll
0x00007ffcb32f0000 - 0x00007ffcb3a80000 	C:\WINDOWS\SYSTEM32\windows.storage.dll
0x00007ffcb7710000 - 0x00007ffcb7a65000 	C:\WINDOWS\System32\combase.dll
0x00007ffcb4b70000 - 0x00007ffcb4b9c000 	C:\WINDOWS\SYSTEM32\Wldp.dll
0x00007ffcb6010000 - 0x00007ffcb60be000 	C:\WINDOWS\System32\SHCORE.dll
0x00007ffcb5eb0000 - 0x00007ffcb5f05000 	C:\WINDOWS\System32\shlwapi.dll
0x00007ffcb5120000 - 0x00007ffcb513f000 	C:\WINDOWS\SYSTEM32\profapi.dll
0x00007ffcaeec0000 - 0x00007ffcaeeda000 	C:\Program Files\Android\Android Studio\jre\bin\net.dll
0x00007ffca8d70000 - 0x00007ffca8e78000 	C:\WINDOWS\SYSTEM32\WINHTTP.dll
0x00007ffcb48d0000 - 0x00007ffcb493a000 	C:\WINDOWS\system32\mswsock.dll
0x00007ffcae520000 - 0x00007ffcae534000 	C:\Program Files\Android\Android Studio\jre\bin\nio.dll
0x00007ffca2fe0000 - 0x00007ffca3007000 	C:\Users\rasim\.gradle\native\8bec1ad78214c89d9ad589b4d07fe93259594b29d510b10fafb7a158f7737e5d\windows-amd64\native-platform.dll
0x00007ffc6d7d0000 - 0x00007ffc6d90d000 	C:\Users\rasim\.gradle\native\53dbd7edfb1c66fb8903c78663c9afc45aea4f116125fa6feffd364cf09443e8\windows-amd64\native-platform-file-events.dll
0x00007ffcb0c60000 - 0x00007ffcb0c6a000 	C:\Program Files\Android\Android Studio\jre\bin\management.dll
0x00007ffcb0380000 - 0x00007ffcb038c000 	C:\Program Files\Android\Android Studio\jre\bin\management_ext.dll
0x00007ffcb4ad0000 - 0x00007ffcb4ae8000 	C:\WINDOWS\SYSTEM32\CRYPTSP.dll
0x00007ffcb4250000 - 0x00007ffcb4284000 	C:\WINDOWS\system32\rsaenh.dll
0x00007ffcb5ae0000 - 0x00007ffcb5b07000 	C:\WINDOWS\System32\bcrypt.dll
0x00007ffcb50a0000 - 0x00007ffcb50ce000 	C:\WINDOWS\SYSTEM32\USERENV.dll
0x00007ffcb4ac0000 - 0x00007ffcb4acc000 	C:\WINDOWS\SYSTEM32\CRYPTBASE.dll
0x00007ffcb45c0000 - 0x00007ffcb45fb000 	C:\WINDOWS\SYSTEM32\IPHLPAPI.DLL
0x00007ffcb6870000 - 0x00007ffcb6878000 	C:\WINDOWS\System32\NSI.dll
0x00007ffcad4e0000 - 0x00007ffcad4f7000 	C:\WINDOWS\SYSTEM32\dhcpcsvc6.DLL
0x00007ffcae7b0000 - 0x00007ffcae7cd000 	C:\WINDOWS\SYSTEM32\dhcpcsvc.DLL
0x00007ffcb4600000 - 0x00007ffcb46cc000 	C:\WINDOWS\SYSTEM32\DNSAPI.dll
0x00007ffca5a60000 - 0x00007ffca5a87000 	C:\Program Files\Android\Android Studio\jre\bin\sunec.dll

dbghelp: loaded successfully - version: 4.0.5 - missing functions: none
symbol engine: initialized successfully - sym options: 0x614 - pdb path: .;C:\Program Files\Android\Android Studio\jre\bin;C:\WINDOWS\SYSTEM32;C:\WINDOWS\WinSxS\amd64_microsoft.windows.common-controls_6595b64144ccf1df_6.0.19041.1110_none_60b5254171f9507e;C:\Program Files\Android\Android Studio\jre\bin\server;C:\Users\rasim\.gradle\native\8bec1ad78214c89d9ad589b4d07fe93259594b29d510b10fafb7a158f7737e5d\windows-amd64;C:\Users\rasim\.gradle\native\53dbd7edfb1c66fb8903c78663c9afc45aea4f116125fa6feffd364cf09443e8\windows-amd64

VM Arguments:
jvm_args: --add-opens=java.base/java.util=ALL-UNNAMED --add-opens=java.base/java.lang=ALL-UNNAMED --add-opens=java.base/java.lang.invoke=ALL-UNNAMED --add-opens=java.base/java.util=ALL-UNNAMED --add-opens=java.prefs/java.util.prefs=ALL-UNNAMED --add-opens=java.prefs/java.util.prefs=ALL-UNNAMED --add-opens=java.base/java.nio.charset=ALL-UNNAMED --add-opens=java.base/java.net=ALL-UNNAMED --add-opens=java.base/java.util.concurrent.atomic=ALL-UNNAMED -Xmx2048m -Dfile.encoding=UTF-8 -Duser.country=TR -Duser.language=tr -Duser.variant 
java_command: org.gradle.launcher.daemon.bootstrap.GradleDaemon 7.0.2
java_class_path (initial): C:\Users\rasim\.gradle\wrapper\dists\gradle-7.0.2-bin\857tjihv64xamwrf0h14cai3r\gradle-7.0.2\lib\gradle-launcher-7.0.2.jar
Launcher Type: SUN_STANDARD

[Global flags]
     intx CICompilerCount                          = 4                                         {product} {ergonomic}
     uint ConcGCThreads                            = 2                                         {product} {ergonomic}
     uint G1ConcRefinementThreads                  = 8                                         {product} {ergonomic}
   size_t G1HeapRegionSize                         = 1048576                                   {product} {ergonomic}
    uintx GCDrainStackTargetSize                   = 64                                        {product} {ergonomic}
   size_t InitialHeapSize                          = 100663296                                 {product} {ergonomic}
   size_t MarkStackSize                            = 4194304                                   {product} {ergonomic}
   size_t MaxHeapSize                              = 2147483648                                {product} {command line}
   size_t MaxNewSize                               = 1287651328                                {product} {ergonomic}
   size_t MinHeapDeltaBytes                        = 1048576                                   {product} {ergonomic}
    uintx NonNMethodCodeHeapSize                   = 5836300                                {pd product} {ergonomic}
    uintx NonProfiledCodeHeapSize                  = 122910970                              {pd product} {ergonomic}
    uintx ProfiledCodeHeapSize                     = 122910970                              {pd product} {ergonomic}
    uintx ReservedCodeCacheSize                    = 251658240                              {pd product} {ergonomic}
     bool SegmentedCodeCache                       = true                                      {product} {ergonomic}
     bool UseCompressedClassPointers               = true                                 {lp64_product} {ergonomic}
     bool UseCompressedOops                        = true                                 {lp64_product} {ergonomic}
     bool UseG1GC                                  = true                                      {product} {ergonomic}
     bool UseLargePagesIndividualAllocation        = false                                  {pd product} {ergonomic}

Logging:
Log output configuration:
 #0: stdout all=warning uptime,level,tags
 #1: stderr all=off uptime,level,tags

Environment Variables:
PATH=C:\Program Files (x86)\Common Files\Oracle\Java\javapath;C:\Program Files (x86)\Qualcomm\QDART\\bin;C:\WINDOWS\system32;C:\WINDOWS;C:\WINDOWS\System32\Wbem;C:\WINDOWS\System32\WindowsPowerShell\v1.0\;C:\WINDOWS\System32\OpenSSH\;C:\Program Files (x86)\AMD\ATI.ACE\Core-Static;C:\Program Files\Git\cmd;C:\Program Files\PuTTY\;C:\Users\rasim\AppData\Local\Microsoft\WindowsApps;C:\Program Files\JetBrains\PyCharm 2020.2.1\bin;C:\Program Files\JetBrains\CLion 2020.3.2\bin;C:\Users\rasim\AppData\Local\GitHubDesktop\bin
USERNAME=rasim
OS=Windows_NT
PROCESSOR_IDENTIFIER=AMD64 Family 23 Model 24 Stepping 1, AuthenticAMD



---------------  S Y S T E M  ---------------

OS: Windows 10 , 64 bit Build 19041 (10.0.19041.1151)
OS uptime: 16 days 21:14 hours

CPU:total 8 (initial active 8) (8 cores per cpu, 2 threads per core) family 23 model 24 stepping 1 microcode 0x0, cmov, cx8, fxsr, mmx, sse, sse2, sse3, ssse3, sse4.1, sse4.2, popcnt, avx, avx2, aes, clmul, mmxext, 3dnowpref, lzcnt, sse4a, ht, tsc, tscinvbit, tscinv, bmi1, bmi2, adx, s

Memory: 4k page, system-wide physical 6091M (365M free)
TotalPageFile size 24523M (AvailPageFile size 5M)
current process WorkingSet (physical memory assigned to process): 454M, peak: 454M
current process commit charge ("private bytes"): 532M, peak: 534M

vm_info: OpenJDK 64-Bit Server VM (11.0.10+0-b96-7249189) for windows-amd64 JRE (11.0.10+0-b96-7249189), built on Mar 31 2021 21:44:00 by "builder" with MS VC++ 14.0 (VS2015)

END.
