#
# There is insufficient memory for the Java Runtime Environment to continue.
# Native memory allocation (malloc) failed to allocate 1562096 bytes for Chunk::new
# Possible reasons:
#   The system is out of physical RAM or swap space
#   The process is running with CompressedOops enabled, and the Java Heap may be blocking the growth of the native heap
# Possible solutions:
#   Reduce memory load on the system
#   Increase physical memory or swap space
#   Check if swap backing store is full
#   Decrease Java heap size (-Xmx/-Xms)
#   Decrease number of Java threads
#   Decrease Java thread stack sizes (-Xss)
#   Set larger code cache with -XX:ReservedCodeCacheSize=
#   JVM is running with Unscaled Compressed Oops mode in which the Java heap is
#     placed in the first 4GB address space. The Java Heap base address is the
#     maximum limit for the native heap growth. Please use -XX:HeapBaseMinAddress
#     to set the Java Heap base and to place the Java Heap above 4GB virtual address.
# This output file may be truncated or incomplete.
#
#  Out of Memory Error (./src/hotspot/share/memory/arena.cpp:197), pid=1260, tid=17592
#
# JRE version: OpenJDK Runtime Environment (11.0.10) (build 11.0.10+0-b96-7249189)
# Java VM: OpenJDK 64-Bit Server VM (11.0.10+0-b96-7249189, mixed mode, tiered, compressed oops, g1 gc, windows-amd64)
# No core dump will be written. Minidumps are not enabled by default on client versions of Windows
#

---------------  S U M M A R Y ------------

Command Line: --add-opens=java.base/java.util=ALL-UNNAMED --add-opens=java.base/java.lang=ALL-UNNAMED --add-opens=java.base/java.lang.invoke=ALL-UNNAMED --add-opens=java.base/java.util=ALL-UNNAMED --add-opens=java.prefs/java.util.prefs=ALL-UNNAMED --add-opens=java.prefs/java.util.prefs=ALL-UNNAMED --add-opens=java.base/java.nio.charset=ALL-UNNAMED --add-opens=java.base/java.net=ALL-UNNAMED --add-opens=java.base/java.util.concurrent.atomic=ALL-UNNAMED -Xmx2048m -Dfile.encoding=UTF-8 -Duser.country=TR -Duser.language=tr -Duser.variant org.gradle.launcher.daemon.bootstrap.GradleDaemon 7.0.2

Host: AMD Ryzen 5 3500U with Radeon Vega Mobile Gfx  , 8 cores, 5G,  Windows 10 , 64 bit Build 19041 (10.0.19041.1151)
Time: Thu Sep 23 18:04:40 2021 Türkiye Standart Saati elapsed time: 384.314271 seconds (0d 0h 6m 24s)

---------------  T H R E A D  ---------------

Current thread (0x000001c37d5e6000):  JavaThread "C2 CompilerThread1" daemon [_thread_in_native, id=17592, stack(0x00000082ede00000,0x00000082edf00000)]


Current CompileTask:
C2: 384314 17512   !   4       org.gradle.internal.operations.DefaultBuildOperationRunner$3::execute (110 bytes)

Stack: [0x00000082ede00000,0x00000082edf00000]
Native frames: (J=compiled Java code, j=interpreted, Vv=VM code, C=native code)
V  [jvm.dll+0x5ecfaa]
V  [jvm.dll+0x722bd5]
V  [jvm.dll+0x72412d]
V  [jvm.dll+0x7247e3]
V  [jvm.dll+0x242928]
V  [jvm.dll+0xbc4fc]
V  [jvm.dll+0xbca0c]
V  [jvm.dll+0x352d7d]
V  [jvm.dll+0x320ad3]
V  [jvm.dll+0x31ffca]
V  [jvm.dll+0x1fb602]
V  [jvm.dll+0x1fa7f4]
V  [jvm.dll+0x18354c]
V  [jvm.dll+0x208ee7]
V  [jvm.dll+0x207731]
V  [jvm.dll+0x6eb1cf]
V  [jvm.dll+0x6e3d45]
V  [jvm.dll+0x5ebe96]
C  [ucrtbase.dll+0x21bb2]
C  [KERNEL32.DLL+0x17034]
C  [ntdll.dll+0x52651]


---------------  P R O C E S S  ---------------

Threads class SMR info:
_java_thread_list=0x000001c37e36a960, length=69, elements={
0x000001c36f4da800, 0x000001c37c8d5000, 0x000001c37c8e0800, 0x000001c37c8f2000,
0x000001c37c8f3800, 0x000001c37c8f4800, 0x000001c37c8f9800, 0x000001c37c903000,
0x000001c37c906000, 0x000001c37d3f7000, 0x000001c30f5bb000, 0x000001c37e925800,
0x000001c37e99c800, 0x000001c37e716000, 0x000001c37e717000, 0x000001c37e714800,
0x000001c30f967800, 0x000001c30f968000, 0x000001c30f96c800, 0x000001c30f972000,
0x000001c30f973000, 0x000001c30f96d000, 0x000001c30f974800, 0x000001c37de9b000,
0x000001c37de9a000, 0x000001c37de9b800, 0x000001c37de9f000, 0x000001c37de99000,
0x000001c37dea3000, 0x000001c3122d3800, 0x000001c3122d7800, 0x000001c3122da000,
0x000001c37e54f000, 0x000001c37e551800, 0x000001c37e55b800, 0x000001c37e556800,
0x000001c37e552800, 0x000001c37e54d800, 0x000001c37e54e000, 0x000001c30f96a800,
0x000001c30f96b800, 0x000001c30f96e000, 0x000001c30f969000, 0x000001c30f96e800,
0x000001c30f96a000, 0x000001c30f975800, 0x000001c30f96f800, 0x000001c30f970800,
0x000001c30f971000, 0x000001c37e54c800, 0x000001c37d5e6000, 0x000001c37e550000,
0x000001c37e553000, 0x000001c37e550800, 0x000001c37e554800, 0x000001c37e559800,
0x000001c37e554000, 0x000001c37e55a800, 0x000001c37e555800, 0x000001c3106ea800,
0x000001c37e557000, 0x000001c37e558000, 0x000001c37e559000, 0x000001c37de9c800,
0x000001c37de9d000, 0x000001c37de9e000, 0x000001c37de98800, 0x000001c37de9f800,
0x000001c37dea1800
}

Java Threads: ( => current thread )
  0x000001c36f4da800 JavaThread "main" [_thread_blocked, id=19204, stack(0x00000082ead00000,0x00000082eae00000)]
  0x000001c37c8d5000 JavaThread "Reference Handler" daemon [_thread_blocked, id=12384, stack(0x00000082eb400000,0x00000082eb500000)]
  0x000001c37c8e0800 JavaThread "Finalizer" daemon [_thread_blocked, id=6100, stack(0x00000082eb500000,0x00000082eb600000)]
  0x000001c37c8f2000 JavaThread "Signal Dispatcher" daemon [_thread_blocked, id=4172, stack(0x00000082eb600000,0x00000082eb700000)]
  0x000001c37c8f3800 JavaThread "Attach Listener" daemon [_thread_blocked, id=7100, stack(0x00000082eb700000,0x00000082eb800000)]
  0x000001c37c8f4800 JavaThread "Service Thread" daemon [_thread_blocked, id=2488, stack(0x00000082eb800000,0x00000082eb900000)]
  0x000001c37c8f9800 JavaThread "C2 CompilerThread0" daemon [_thread_in_native, id=17304, stack(0x00000082eb900000,0x00000082eba00000)]
  0x000001c37c903000 JavaThread "C1 CompilerThread0" daemon [_thread_blocked, id=17932, stack(0x00000082eba00000,0x00000082ebb00000)]
  0x000001c37c906000 JavaThread "Sweeper thread" daemon [_thread_blocked, id=1780, stack(0x00000082ebb00000,0x00000082ebc00000)]
  0x000001c37d3f7000 JavaThread "Common-Cleaner" daemon [_thread_blocked, id=12964, stack(0x00000082ebc00000,0x00000082ebd00000)]
  0x000001c30f5bb000 JavaThread "Daemon health stats" [_thread_blocked, id=7948, stack(0x00000082ec000000,0x00000082ec100000)]
  0x000001c37e925800 JavaThread "Incoming local TCP Connector on port 51778" [_thread_in_native, id=15584, stack(0x00000082ebe00000,0x00000082ebf00000)]
  0x000001c37e99c800 JavaThread "Daemon periodic checks" [_thread_blocked, id=7616, stack(0x00000082ec300000,0x00000082ec400000)]
  0x000001c37e716000 JavaThread "Cache worker for file hash cache (C:\Users\rasim\.gradle\caches\7.0.2\fileHashes)" [_thread_blocked, id=4624, stack(0x00000082ecb00000,0x00000082ecc00000)]
  0x000001c37e717000 JavaThread "File lock request listener" [_thread_in_native, id=2880, stack(0x00000082ecc00000,0x00000082ecd00000)]
  0x000001c37e714800 JavaThread "Cache worker for journal cache (C:\Users\rasim\.gradle\caches\journal-1)" [_thread_blocked, id=20520, stack(0x00000082ed200000,0x00000082ed300000)]
  0x000001c30f967800 JavaThread "File watcher server" daemon [_thread_in_native, id=13096, stack(0x00000082ed500000,0x00000082ed600000)]
  0x000001c30f968000 JavaThread "File watcher consumer" daemon [_thread_blocked, id=15324, stack(0x00000082ed600000,0x00000082ed700000)]
  0x000001c30f96c800 JavaThread "Cache worker for execution history cache (C:\Users\rasim\.gradle\caches\7.0.2\executionHistory)" [_thread_blocked, id=7380, stack(0x00000082eda00000,0x00000082edb00000)]
  0x000001c30f972000 JavaThread "jar transforms" [_thread_blocked, id=2004, stack(0x00000082edb00000,0x00000082edc00000)]
  0x000001c30f973000 JavaThread "jar transforms Thread 2" [_thread_blocked, id=16736, stack(0x00000082edc00000,0x00000082edd00000)]
  0x000001c30f96d000 JavaThread "Cache worker for file content cache (C:\Users\rasim\.gradle\caches\7.0.2\fileContent)" [_thread_blocked, id=16504, stack(0x00000082edd00000,0x00000082ede00000)]
  0x000001c30f974800 JavaThread "jar transforms Thread 3" [_thread_blocked, id=20328, stack(0x00000082edf00000,0x00000082ee000000)]
  0x000001c37de9b000 JavaThread "jar transforms Thread 4" [_thread_blocked, id=10976, stack(0x00000082ee900000,0x00000082eea00000)]
  0x000001c37de9a000 JavaThread "jar transforms Thread 5" [_thread_blocked, id=12108, stack(0x00000082eea00000,0x00000082eeb00000)]
  0x000001c37de9b800 JavaThread "jar transforms Thread 6" [_thread_blocked, id=7500, stack(0x00000082eeb00000,0x00000082eec00000)]
  0x000001c37de9f000 JavaThread "jar transforms Thread 7" [_thread_blocked, id=12144, stack(0x00000082eec00000,0x00000082eed00000)]
  0x000001c37de99000 JavaThread "jar transforms Thread 8" [_thread_blocked, id=18476, stack(0x00000082eed00000,0x00000082eee00000)]
  0x000001c37dea3000 JavaThread "Memory manager" [_thread_blocked, id=16872, stack(0x00000082eee00000,0x00000082eef00000)]
  0x000001c3122d3800 JavaThread "RMI Scheduler(0)" daemon [_thread_blocked, id=16128, stack(0x00000082ed300000,0x00000082ed400000)]
  0x000001c3122d7800 JavaThread "RMI GC Daemon" daemon [_thread_blocked, id=16212, stack(0x00000082efd00000,0x00000082efe00000)]
  0x000001c3122da000 JavaThread "RMI TCP Accept-0" daemon [_thread_in_native, id=14100, stack(0x00000082efe00000,0x00000082eff00000)]
  0x000001c37e54f000 JavaThread "RMI Reaper" [_thread_blocked, id=8128, stack(0x00000082eff00000,0x00000082f0000000)]
  0x000001c37e551800 JavaThread "Cache worker for Java compile cache (C:\Users\rasim\.gradle\caches\7.0.2\javaCompile)" [_thread_blocked, id=12504, stack(0x00000082f0100000,0x00000082f0200000)]
  0x000001c37e55b800 JavaThread "ForkJoinPool.commonPool-worker-13" daemon [_thread_blocked, id=1472, stack(0x00000082f1200000,0x00000082f1300000)]
  0x000001c37e556800 JavaThread "ForkJoinPool.commonPool-worker-15" daemon [_thread_blocked, id=2468, stack(0x00000082f1300000,0x00000082f1400000)]
  0x000001c37e552800 JavaThread "RMI TCP Connection(idle)" daemon [_thread_blocked, id=15484, stack(0x00000082eaa00000,0x00000082eab00000)]
  0x000001c37e54d800 JavaThread "Daemon Thread 2" [_thread_blocked, id=860, stack(0x00000082eab00000,0x00000082eac00000)]
  0x000001c37e54e000 JavaThread "Daemon worker Thread 2" [_thread_blocked, id=18028, stack(0x00000082ec500000,0x00000082ec600000)]
  0x000001c30f96a800 JavaThread "Handler for socket connection from /127.0.0.1:51778 to /127.0.0.1:51845" [_thread_in_native, id=2576, stack(0x00000082eac00000,0x00000082ead00000)]
  0x000001c30f96b800 JavaThread "Cancel handler" [_thread_blocked, id=11044, stack(0x00000082ec400000,0x00000082ec500000)]
  0x000001c30f96e000 JavaThread "Asynchronous log dispatcher for DefaultDaemonConnection: socket connection from /127.0.0.1:51778 to /127.0.0.1:51845" [_thread_blocked, id=21184, stack(0x00000082ec600000,0x00000082ec700000)]
  0x000001c30f969000 JavaThread "Stdin handler" [_thread_blocked, id=5472, stack(0x00000082ec700000,0x00000082ec800000)]
  0x000001c30f96e800 JavaThread "Daemon client event forwarder" [_thread_blocked, id=9208, stack(0x00000082ec800000,0x00000082ec900000)]
  0x000001c30f96a000 JavaThread "Cache worker for file hash cache (C:\Users\rasim\OneDrive\weatherApp\.gradle\7.0.2\fileHashes)" [_thread_blocked, id=10684, stack(0x00000082ec900000,0x00000082eca00000)]
  0x000001c30f975800 JavaThread "Cache worker for checksums cache (C:\Users\rasim\OneDrive\weatherApp\.gradle\checksums)" [_thread_blocked, id=15532, stack(0x00000082eca00000,0x00000082ecb00000)]
  0x000001c30f96f800 JavaThread "Cache worker for cache directory md-supplier (C:\Users\rasim\.gradle\caches\7.0.2\md-supplier)" [_thread_blocked, id=3876, stack(0x00000082ed400000,0x00000082ed500000)]
  0x000001c30f970800 JavaThread "Cache worker for cache directory md-rule (C:\Users\rasim\.gradle\caches\7.0.2\md-rule)" [_thread_blocked, id=14156, stack(0x00000082ed700000,0x00000082ed800000)]
  0x000001c30f971000 JavaThread "Cache worker for dependencies-accessors (C:\Users\rasim\OneDrive\weatherApp\.gradle\7.0.2\dependencies-accessors)" [_thread_blocked, id=9496, stack(0x00000082ed800000,0x00000082ed900000)]
  0x000001c37e54c800 JavaThread "Cache worker for Build Output Cleanup Cache (C:\Users\rasim\OneDrive\weatherApp\.gradle\buildOutputCleanup)" [_thread_blocked, id=8592, stack(0x00000082ed900000,0x00000082eda00000)]
=>0x000001c37d5e6000 JavaThread "C2 CompilerThread1" daemon [_thread_in_native, id=17592, stack(0x00000082ede00000,0x00000082edf00000)]
  0x000001c37e550000 JavaThread "Build operations" [_thread_blocked, id=18648, stack(0x00000082ee000000,0x00000082ee100000)]
  0x000001c37e553000 JavaThread "Build operations Thread 2" [_thread_blocked, id=7968, stack(0x00000082ee100000,0x00000082ee200000)]
  0x000001c37e550800 JavaThread "Build operations Thread 3" [_thread_blocked, id=14136, stack(0x00000082ee200000,0x00000082ee300000)]
  0x000001c37e554800 JavaThread "Build operations Thread 4" [_thread_blocked, id=20968, stack(0x00000082ee300000,0x00000082ee400000)]
  0x000001c37e559800 JavaThread "Build operations Thread 5" [_thread_blocked, id=6204, stack(0x00000082ee400000,0x00000082ee500000)]
  0x000001c37e554000 JavaThread "Build operations Thread 6" [_thread_blocked, id=2540, stack(0x00000082ee500000,0x00000082ee600000)]
  0x000001c37e55a800 JavaThread "Build operations Thread 7" [_thread_blocked, id=6904, stack(0x00000082ee600000,0x00000082ee700000)]
  0x000001c37e555800 JavaThread "Build operations Thread 8" [_thread_blocked, id=13372, stack(0x00000082ee700000,0x00000082ee800000)]
  0x000001c3106ea800 JavaThread "C2 CompilerThread2" daemon [_thread_in_native, id=1668, stack(0x00000082ee800000,0x00000082ee900000)]
  0x000001c37e557000 JavaThread "build event listener" [_thread_blocked, id=6292, stack(0x00000082eef00000,0x00000082ef000000)]
  0x000001c37e558000 JavaThread "Execution worker for ':'" [_thread_in_native, id=15516, stack(0x00000082ef000000,0x00000082ef100000)]
  0x000001c37e559000 JavaThread "Execution worker for ':' Thread 2" [_thread_blocked, id=9508, stack(0x00000082ef100000,0x00000082ef200000)]
  0x000001c37de9c800 JavaThread "Execution worker for ':' Thread 3" [_thread_blocked, id=1476, stack(0x00000082ef200000,0x00000082ef300000)]
  0x000001c37de9d000 JavaThread "Execution worker for ':' Thread 4" [_thread_blocked, id=3896, stack(0x00000082ef300000,0x00000082ef400000)]
  0x000001c37de9e000 JavaThread "Execution worker for ':' Thread 5" [_thread_blocked, id=3148, stack(0x00000082ef400000,0x00000082ef500000)]
  0x000001c37de98800 JavaThread "Execution worker for ':' Thread 6" [_thread_blocked, id=17888, stack(0x00000082ef500000,0x00000082ef600000)]
  0x000001c37de9f800 JavaThread "Execution worker for ':' Thread 7" [_thread_blocked, id=6544, stack(0x00000082ef600000,0x00000082ef700000)]
  0x000001c37dea1800 JavaThread "Cache worker for execution history cache (C:\Users\rasim\OneDrive\weatherApp\.gradle\7.0.2\executionHistory)" [_thread_blocked, id=14228, stack(0x00000082ef700000,0x00000082ef800000)]

Other Threads:
  0x000001c37c8cf000 VMThread "VM Thread" [stack: 0x00000082eb300000,0x00000082eb400000] [id=15328]
  0x000001c37d3f8800 WatcherThread [stack: 0x00000082ebd00000,0x00000082ebe00000] [id=4860]
  0x000001c36f4f4000 GCTaskThread "GC Thread#0" [stack: 0x00000082eae00000,0x00000082eaf00000] [id=5736]
  0x000001c37e319800 GCTaskThread "GC Thread#1" [stack: 0x00000082ebf00000,0x00000082ec000000] [id=11944]
  0x000001c37e67e800 GCTaskThread "GC Thread#2" [stack: 0x00000082ec100000,0x00000082ec200000] [id=2216]
  0x000001c37ecbf800 GCTaskThread "GC Thread#3" [stack: 0x00000082ec200000,0x00000082ec300000] [id=2564]
  0x000001c37e614000 GCTaskThread "GC Thread#4" [stack: 0x00000082ecd00000,0x00000082ece00000] [id=20612]
  0x000001c30f67b800 GCTaskThread "GC Thread#5" [stack: 0x00000082ece00000,0x00000082ecf00000] [id=15992]
  0x000001c310121000 GCTaskThread "GC Thread#6" [stack: 0x00000082ecf00000,0x00000082ed000000] [id=9440]
  0x000001c30fbc6000 GCTaskThread "GC Thread#7" [stack: 0x00000082ed000000,0x00000082ed100000] [id=16656]
  0x000001c36f525000 ConcurrentGCThread "G1 Main Marker" [stack: 0x00000082eaf00000,0x00000082eb000000] [id=3848]
  0x000001c36f526800 ConcurrentGCThread "G1 Conc#0" [stack: 0x00000082eb000000,0x00000082eb100000] [id=21220]
  0x000001c30f963000 ConcurrentGCThread "G1 Conc#1" [stack: 0x00000082ed100000,0x00000082ed200000] [id=21208]
  0x000001c36f5ad000 ConcurrentGCThread "G1 Refine#0" [stack: 0x00000082eb100000,0x00000082eb200000] [id=19228]
  0x000001c36f5ae000 ConcurrentGCThread "G1 Young RemSet Sampling" [stack: 0x00000082eb200000,0x00000082eb300000] [id=4184]

Threads with active compile tasks:
C2 CompilerThread0 384382 17633       4       org.gradle.internal.serialize.kryo.StringDeduplicatingKryoBackedDecoder::readString (5 bytes)
C2 CompilerThread1 384383 17512   !   4       org.gradle.internal.operations.DefaultBuildOperationRunner$3::execute (110 bytes)
C2 CompilerThread2 384383 17660 %     4       com.sun.org.apache.xerces.internal.impl.XMLEntityScanner::scanContent @ 512 (690 bytes)

VM state:not at safepoint (normal execution)

VM Mutex/Monitor currently owned by a thread: None

Heap address: 0x0000000080000000, size: 2048 MB, Compressed Oops mode: 32-bit
Narrow klass base: 0x0000000000000000, Narrow klass shift: 3
Compressed class space size: 1073741824 Address: 0x0000000100000000

Heap:
 garbage-first heap   total 172032K, used 133117K [0x0000000080000000, 0x0000000100000000)
  region size 1024K, 19 young (19456K), 3 survivors (3072K)
 Metaspace       used 120941K, capacity 124199K, committed 124492K, reserved 1157120K
  class space    used 15564K, capacity 16799K, committed 16972K, reserved 1048576K
Heap Regions: E=young(eden), S=young(survivor), O=old, HS=humongous(starts), HC=humongous(continues), CS=collection set, F=free, A=archive, TAMS=top-at-mark-start (previous, next)
|   0|0x0000000080000000, 0x0000000080100000, 0x0000000080100000|100%| O|  |TAMS 0x0000000080100000, 0x0000000080000000| Untracked 
|   1|0x0000000080100000, 0x0000000080200000, 0x0000000080200000|100%| O|  |TAMS 0x0000000080200000, 0x0000000080100000| Complete 
|   2|0x0000000080200000, 0x0000000080300000, 0x0000000080300000|100%| O|  |TAMS 0x0000000080300000, 0x0000000080200000| Untracked 
|   3|0x0000000080300000, 0x0000000080400000, 0x0000000080400000|100%|HS|  |TAMS 0x0000000080400000, 0x0000000080300000| Complete 
|   4|0x0000000080400000, 0x0000000080500000, 0x0000000080500000|100%|HC|  |TAMS 0x0000000080500000, 0x0000000080400000| Complete 
|   5|0x0000000080500000, 0x0000000080600000, 0x0000000080600000|100%|HC|  |TAMS 0x0000000080600000, 0x0000000080500000| Complete 
|   6|0x0000000080600000, 0x0000000080700000, 0x0000000080700000|100%| O|  |TAMS 0x0000000080700000, 0x0000000080600000| Untracked 
|   7|0x0000000080700000, 0x0000000080800000, 0x0000000080800000|100%| O|  |TAMS 0x0000000080800000, 0x0000000080700000| Untracked 
|   8|0x0000000080800000, 0x0000000080900000, 0x0000000080900000|100%| O|  |TAMS 0x0000000080900000, 0x0000000080800000| Untracked 
|   9|0x0000000080900000, 0x0000000080a00000, 0x0000000080a00000|100%| O|  |TAMS 0x0000000080a00000, 0x0000000080900000| Untracked 
|  10|0x0000000080a00000, 0x0000000080b00000, 0x0000000080b00000|100%| O|  |TAMS 0x0000000080b00000, 0x0000000080a00000| Untracked 
|  11|0x0000000080b00000, 0x0000000080c00000, 0x0000000080c00000|100%| O|  |TAMS 0x0000000080c00000, 0x0000000080b00000| Complete 
|  12|0x0000000080c00000, 0x0000000080d00000, 0x0000000080d00000|100%| O|  |TAMS 0x0000000080d00000, 0x0000000080c00000| Untracked 
|  13|0x0000000080d00000, 0x0000000080e00000, 0x0000000080e00000|100%| O|  |TAMS 0x0000000080e00000, 0x0000000080d00000| Untracked 
|  14|0x0000000080e00000, 0x0000000080f00000, 0x0000000080f00000|100%| O|  |TAMS 0x0000000080f00000, 0x0000000080e00000| Untracked 
|  15|0x0000000080f00000, 0x0000000081000000, 0x0000000081000000|100%| O|  |TAMS 0x0000000081000000, 0x0000000080f00000| Untracked 
|  16|0x0000000081000000, 0x0000000081100000, 0x0000000081100000|100%| O|  |TAMS 0x0000000081100000, 0x0000000081000000| Untracked 
|  17|0x0000000081100000, 0x0000000081200000, 0x0000000081200000|100%| O|  |TAMS 0x0000000081200000, 0x0000000081100000| Untracked 
|  18|0x0000000081200000, 0x0000000081300000, 0x0000000081300000|100%| O|  |TAMS 0x0000000081300000, 0x0000000081200000| Untracked 
|  19|0x0000000081300000, 0x0000000081400000, 0x0000000081400000|100%| O|  |TAMS 0x0000000081400000, 0x0000000081300000| Complete 
|  20|0x0000000081400000, 0x0000000081500000, 0x0000000081500000|100%| O|  |TAMS 0x0000000081500000, 0x0000000081400000| Untracked 
|  21|0x0000000081500000, 0x0000000081600000, 0x0000000081600000|100%| O|  |TAMS 0x0000000081600000, 0x0000000081500000| Complete 
|  22|0x0000000081600000, 0x0000000081700000, 0x0000000081700000|100%| O|  |TAMS 0x0000000081700000, 0x0000000081600000| Complete 
|  23|0x0000000081700000, 0x0000000081800000, 0x0000000081800000|100%|HS|  |TAMS 0x0000000081800000, 0x0000000081700000| Complete 
|  24|0x0000000081800000, 0x0000000081900000, 0x0000000081900000|100%| O|  |TAMS 0x0000000081900000, 0x0000000081800000| Untracked 
|  25|0x0000000081900000, 0x0000000081a00000, 0x0000000081a00000|100%| O|  |TAMS 0x0000000081a00000, 0x0000000081900000| Untracked 
|  26|0x0000000081a00000, 0x0000000081b00000, 0x0000000081b00000|100%| O|  |TAMS 0x0000000081b00000, 0x0000000081a00000| Complete 
|  27|0x0000000081b00000, 0x0000000081c00000, 0x0000000081c00000|100%|HS|  |TAMS 0x0000000081c00000, 0x0000000081b00000| Complete 
|  28|0x0000000081c00000, 0x0000000081d00000, 0x0000000081d00000|100%|HS|  |TAMS 0x0000000081d00000, 0x0000000081c00000| Complete 
|  29|0x0000000081d00000, 0x0000000081e00000, 0x0000000081e00000|100%|HS|  |TAMS 0x0000000081e00000, 0x0000000081d00000| Complete 
|  30|0x0000000081e00000, 0x0000000081f00000, 0x0000000081f00000|100%|HC|  |TAMS 0x0000000081f00000, 0x0000000081e00000| Complete 
|  31|0x0000000081f00000, 0x0000000082000000, 0x0000000082000000|100%|HC|  |TAMS 0x0000000082000000, 0x0000000081f00000| Complete 
|  32|0x0000000082000000, 0x0000000082100000, 0x0000000082100000|100%|HS|  |TAMS 0x0000000082100000, 0x0000000082000000| Complete 
|  33|0x0000000082100000, 0x0000000082200000, 0x0000000082200000|100%|HC|  |TAMS 0x0000000082200000, 0x0000000082100000| Complete 
|  34|0x0000000082200000, 0x0000000082200000, 0x0000000082300000|  0%| F|  |TAMS 0x0000000082200000, 0x0000000082200000| Untracked 
|  35|0x0000000082300000, 0x0000000082400000, 0x0000000082400000|100%| O|  |TAMS 0x0000000082400000, 0x0000000082300000| Untracked 
|  36|0x0000000082400000, 0x0000000082500000, 0x0000000082500000|100%| O|  |TAMS 0x0000000082500000, 0x0000000082400000| Untracked 
|  37|0x0000000082500000, 0x0000000082600000, 0x0000000082600000|100%| O|  |TAMS 0x0000000082600000, 0x0000000082500000| Untracked 
|  38|0x0000000082600000, 0x0000000082700000, 0x0000000082700000|100%| O|  |TAMS 0x0000000082700000, 0x0000000082600000| Complete 
|  39|0x0000000082700000, 0x0000000082700000, 0x0000000082800000|  0%| F|  |TAMS 0x0000000082700000, 0x0000000082700000| Untracked 
|  40|0x0000000082800000, 0x0000000082900000, 0x0000000082900000|100%| O|  |TAMS 0x0000000082900000, 0x0000000082800000| Complete 
|  41|0x0000000082900000, 0x0000000082a00000, 0x0000000082a00000|100%| O|  |TAMS 0x0000000082a00000, 0x0000000082900000| Untracked 
|  42|0x0000000082a00000, 0x0000000082b00000, 0x0000000082b00000|100%| O|  |TAMS 0x0000000082b00000, 0x0000000082a00000| Untracked 
|  43|0x0000000082b00000, 0x0000000082c00000, 0x0000000082c00000|100%| O|  |TAMS 0x0000000082c00000, 0x0000000082b00000| Untracked 
|  44|0x0000000082c00000, 0x0000000082d00000, 0x0000000082d00000|100%| O|  |TAMS 0x0000000082d00000, 0x0000000082c00000| Untracked 
|  45|0x0000000082d00000, 0x0000000082e00000, 0x0000000082e00000|100%| O|  |TAMS 0x0000000082e00000, 0x0000000082d00000| Untracked 
|  46|0x0000000082e00000, 0x0000000082f00000, 0x0000000082f00000|100%| O|  |TAMS 0x0000000082f00000, 0x0000000082e00000| Complete 
|  47|0x0000000082f00000, 0x0000000083000000, 0x0000000083000000|100%| O|  |TAMS 0x0000000083000000, 0x0000000082f00000| Complete 
|  48|0x0000000083000000, 0x0000000083100000, 0x0000000083100000|100%| O|  |TAMS 0x0000000083100000, 0x0000000083000000| Complete 
|  49|0x0000000083100000, 0x0000000083100000, 0x0000000083200000|  0%| F|  |TAMS 0x0000000083100000, 0x0000000083100000| Untracked 
|  50|0x0000000083200000, 0x0000000083300000, 0x0000000083300000|100%| O|  |TAMS 0x0000000083300000, 0x0000000083200000| Untracked 
|  51|0x0000000083300000, 0x0000000083400000, 0x0000000083400000|100%| O|  |TAMS 0x0000000083400000, 0x0000000083300000| Untracked 
|  52|0x0000000083400000, 0x0000000083500000, 0x0000000083500000|100%| O|  |TAMS 0x0000000083500000, 0x0000000083400000| Untracked 
|  53|0x0000000083500000, 0x0000000083600000, 0x0000000083600000|100%| O|  |TAMS 0x0000000083600000, 0x0000000083500000| Untracked 
|  54|0x0000000083600000, 0x0000000083700000, 0x0000000083700000|100%| O|  |TAMS 0x0000000083700000, 0x0000000083600000| Complete 
|  55|0x0000000083700000, 0x0000000083800000, 0x0000000083800000|100%| O|  |TAMS 0x0000000083800000, 0x0000000083700000| Complete 
|  56|0x0000000083800000, 0x0000000083900000, 0x0000000083900000|100%| O|  |TAMS 0x0000000083900000, 0x0000000083800000| Untracked 
|  57|0x0000000083900000, 0x0000000083a00000, 0x0000000083a00000|100%| O|  |TAMS 0x0000000083a00000, 0x0000000083900000| Untracked 
|  58|0x0000000083a00000, 0x0000000083b00000, 0x0000000083b00000|100%| O|  |TAMS 0x0000000083b00000, 0x0000000083a00000| Untracked 
|  59|0x0000000083b00000, 0x0000000083c00000, 0x0000000083c00000|100%| O|  |TAMS 0x0000000083c00000, 0x0000000083b00000| Complete 
|  60|0x0000000083c00000, 0x0000000083c00000, 0x0000000083d00000|  0%| F|  |TAMS 0x0000000083c00000, 0x0000000083c00000| Untracked 
|  61|0x0000000083d00000, 0x0000000083e00000, 0x0000000083e00000|100%| O|  |TAMS 0x0000000083e00000, 0x0000000083d00000| Complete 
|  62|0x0000000083e00000, 0x0000000083f00000, 0x0000000083f00000|100%| O|  |TAMS 0x0000000083f00000, 0x0000000083e00000| Complete 
|  63|0x0000000083f00000, 0x0000000083f00000, 0x0000000084000000|  0%| F|  |TAMS 0x0000000083f00000, 0x0000000083f00000| Untracked 
|  64|0x0000000084000000, 0x0000000084100000, 0x0000000084100000|100%| O|  |TAMS 0x0000000084100000, 0x0000000084000000| Complete 
|  65|0x0000000084100000, 0x0000000084200000, 0x0000000084200000|100%| O|  |TAMS 0x0000000084200000, 0x0000000084100000| Complete 
|  66|0x0000000084200000, 0x0000000084200000, 0x0000000084300000|  0%| F|  |TAMS 0x0000000084200000, 0x0000000084200000| Untracked 
|  67|0x0000000084300000, 0x0000000084400000, 0x0000000084400000|100%| O|  |TAMS 0x0000000084400000, 0x0000000084300000| Complete 
|  68|0x0000000084400000, 0x0000000084500000, 0x0000000084500000|100%| O|  |TAMS 0x0000000084500000, 0x0000000084400000| Complete 
|  69|0x0000000084500000, 0x0000000084600000, 0x0000000084600000|100%| O|  |TAMS 0x0000000084600000, 0x0000000084500000| Complete 
|  70|0x0000000084600000, 0x0000000084700000, 0x0000000084700000|100%| O|  |TAMS 0x0000000084700000, 0x0000000084600000| Complete 
|  71|0x0000000084700000, 0x0000000084800000, 0x0000000084800000|100%| O|  |TAMS 0x0000000084800000, 0x0000000084700000| Untracked 
|  72|0x0000000084800000, 0x0000000084800000, 0x0000000084900000|  0%| F|  |TAMS 0x0000000084800000, 0x0000000084800000| Untracked 
|  73|0x0000000084900000, 0x0000000084900000, 0x0000000084a00000|  0%| F|  |TAMS 0x0000000084900000, 0x0000000084900000| Untracked 
|  74|0x0000000084a00000, 0x0000000084a00000, 0x0000000084b00000|  0%| F|  |TAMS 0x0000000084a00000, 0x0000000084a00000| Untracked 
|  75|0x0000000084b00000, 0x0000000084c00000, 0x0000000084c00000|100%| O|  |TAMS 0x0000000084c00000, 0x0000000084b00000| Complete 
|  76|0x0000000084c00000, 0x0000000084d00000, 0x0000000084d00000|100%| O|  |TAMS 0x0000000084d00000, 0x0000000084c00000| Complete 
|  77|0x0000000084d00000, 0x0000000084e00000, 0x0000000084e00000|100%| O|  |TAMS 0x0000000084e00000, 0x0000000084d00000| Untracked 
|  78|0x0000000084e00000, 0x0000000084f00000, 0x0000000084f00000|100%| O|  |TAMS 0x0000000084f00000, 0x0000000084e00000| Complete 
|  79|0x0000000084f00000, 0x0000000085000000, 0x0000000085000000|100%| O|  |TAMS 0x0000000085000000, 0x0000000084f00000| Untracked 
|  80|0x0000000085000000, 0x0000000085100000, 0x0000000085100000|100%| O|  |TAMS 0x0000000085100000, 0x0000000085000000| Untracked 
|  81|0x0000000085100000, 0x0000000085200000, 0x0000000085200000|100%| O|  |TAMS 0x0000000085200000, 0x0000000085100000| Untracked 
|  82|0x0000000085200000, 0x0000000085300000, 0x0000000085300000|100%| O|  |TAMS 0x0000000085300000, 0x0000000085200000| Complete 
|  83|0x0000000085300000, 0x0000000085300000, 0x0000000085400000|  0%| F|  |TAMS 0x0000000085300000, 0x0000000085300000| Untracked 
|  84|0x0000000085400000, 0x0000000085400000, 0x0000000085500000|  0%| F|  |TAMS 0x0000000085400000, 0x0000000085400000| Untracked 
|  85|0x0000000085500000, 0x0000000085600000, 0x0000000085600000|100%| O|  |TAMS 0x0000000085600000, 0x0000000085500000| Complete 
|  86|0x0000000085600000, 0x0000000085700000, 0x0000000085700000|100%| O|  |TAMS 0x0000000085700000, 0x0000000085600000| Complete 
|  87|0x0000000085700000, 0x0000000085800000, 0x0000000085800000|100%| O|  |TAMS 0x0000000085800000, 0x0000000085700000| Untracked 
|  88|0x0000000085800000, 0x0000000085900000, 0x0000000085900000|100%| O|  |TAMS 0x0000000085900000, 0x0000000085800000| Untracked 
|  89|0x0000000085900000, 0x0000000085a00000, 0x0000000085a00000|100%| O|  |TAMS 0x0000000085a00000, 0x0000000085900000| Untracked 
|  90|0x0000000085a00000, 0x0000000085b00000, 0x0000000085b00000|100%| O|  |TAMS 0x0000000085b00000, 0x0000000085a00000| Complete 
|  91|0x0000000085b00000, 0x0000000085c00000, 0x0000000085c00000|100%| O|  |TAMS 0x0000000085c00000, 0x0000000085b00000| Complete 
|  92|0x0000000085c00000, 0x0000000085d00000, 0x0000000085d00000|100%| O|  |TAMS 0x0000000085d00000, 0x0000000085c00000| Complete 
|  93|0x0000000085d00000, 0x0000000085e00000, 0x0000000085e00000|100%| O|  |TAMS 0x0000000085e00000, 0x0000000085d00000| Complete 
|  94|0x0000000085e00000, 0x0000000085e00000, 0x0000000085f00000|  0%| F|  |TAMS 0x0000000085e00000, 0x0000000085e00000| Untracked 
|  95|0x0000000085f00000, 0x0000000086000000, 0x0000000086000000|100%| O|  |TAMS 0x0000000086000000, 0x0000000085f00000| Untracked 
|  96|0x0000000086000000, 0x0000000086100000, 0x0000000086100000|100%| O|  |TAMS 0x0000000086100000, 0x0000000086000000| Untracked 
|  97|0x0000000086100000, 0x0000000086200000, 0x0000000086200000|100%| O|  |TAMS 0x0000000086200000, 0x0000000086100000| Complete 
|  98|0x0000000086200000, 0x0000000086300000, 0x0000000086300000|100%| O|  |TAMS 0x0000000086300000, 0x0000000086200000| Complete 
|  99|0x0000000086300000, 0x0000000086400000, 0x0000000086400000|100%| O|  |TAMS 0x0000000086400000, 0x0000000086300000| Untracked 
| 100|0x0000000086400000, 0x0000000086400000, 0x0000000086500000|  0%| F|  |TAMS 0x0000000086400000, 0x0000000086400000| Untracked 
| 101|0x0000000086500000, 0x0000000086500000, 0x0000000086600000|  0%| F|  |TAMS 0x0000000086500000, 0x0000000086500000| Untracked 
| 102|0x0000000086600000, 0x0000000086700000, 0x0000000086700000|100%| O|  |TAMS 0x0000000086700000, 0x0000000086600000| Complete 
| 103|0x0000000086700000, 0x0000000086800000, 0x0000000086800000|100%| O|  |TAMS 0x0000000086800000, 0x0000000086700000| Complete 
| 104|0x0000000086800000, 0x0000000086900000, 0x0000000086900000|100%| O|  |TAMS 0x0000000086900000, 0x0000000086800000| Untracked 
| 105|0x0000000086900000, 0x0000000086a00000, 0x0000000086a00000|100%| O|  |TAMS 0x0000000086a00000, 0x0000000086900000| Complete 
| 106|0x0000000086a00000, 0x0000000086b00000, 0x0000000086b00000|100%| O|  |TAMS 0x0000000086b00000, 0x0000000086a00000| Complete 
| 107|0x0000000086b00000, 0x0000000086c00000, 0x0000000086c00000|100%| O|  |TAMS 0x0000000086c00000, 0x0000000086b00000| Complete 
| 108|0x0000000086c00000, 0x0000000086d00000, 0x0000000086d00000|100%| O|  |TAMS 0x0000000086d00000, 0x0000000086c00000| Complete 
| 109|0x0000000086d00000, 0x0000000086e00000, 0x0000000086e00000|100%| O|  |TAMS 0x0000000086e00000, 0x0000000086d00000| Complete 
| 110|0x0000000086e00000, 0x0000000086f00000, 0x0000000086f00000|100%| O|  |TAMS 0x0000000086f00000, 0x0000000086e00000| Complete 
| 111|0x0000000086f00000, 0x0000000087000000, 0x0000000087000000|100%| O|  |TAMS 0x0000000087000000, 0x0000000086f00000| Untracked 
| 112|0x0000000087000000, 0x0000000087100000, 0x0000000087100000|100%| O|  |TAMS 0x0000000087100000, 0x0000000087000000| Complete 
| 113|0x0000000087100000, 0x0000000087100000, 0x0000000087200000|  0%| F|  |TAMS 0x0000000087100000, 0x0000000087100000| Untracked 
| 114|0x0000000087200000, 0x0000000087300000, 0x0000000087300000|100%| O|  |TAMS 0x0000000087300000, 0x0000000087200000| Complete 
| 115|0x0000000087300000, 0x0000000087400000, 0x0000000087400000|100%| O|  |TAMS 0x0000000087400000, 0x0000000087300000| Complete 
| 116|0x0000000087400000, 0x0000000087500000, 0x0000000087500000|100%| O|  |TAMS 0x0000000087500000, 0x0000000087400000| Untracked 
| 117|0x0000000087500000, 0x0000000087600000, 0x0000000087600000|100%| O|  |TAMS 0x0000000087600000, 0x0000000087500000| Untracked 
| 118|0x0000000087600000, 0x0000000087700000, 0x0000000087700000|100%| O|  |TAMS 0x0000000087700000, 0x0000000087600000| Untracked 
| 119|0x0000000087700000, 0x0000000087800000, 0x0000000087800000|100%| O|  |TAMS 0x0000000087800000, 0x0000000087700000| Untracked 
| 120|0x0000000087800000, 0x0000000087900000, 0x0000000087900000|100%| O|  |TAMS 0x0000000087900000, 0x0000000087800000| Complete 
| 121|0x0000000087900000, 0x0000000087900000, 0x0000000087a00000|  0%| F|  |TAMS 0x0000000087900000, 0x0000000087900000| Untracked 
| 122|0x0000000087a00000, 0x0000000087b00000, 0x0000000087b00000|100%| O|  |TAMS 0x0000000087b00000, 0x0000000087a00000| Untracked 
| 123|0x0000000087b00000, 0x0000000087c00000, 0x0000000087c00000|100%| O|  |TAMS 0x0000000087c00000, 0x0000000087b00000| Untracked 
| 124|0x0000000087c00000, 0x0000000087d00000, 0x0000000087d00000|100%| O|  |TAMS 0x0000000087d00000, 0x0000000087c00000| Untracked 
| 125|0x0000000087d00000, 0x0000000087e00000, 0x0000000087e00000|100%| O|  |TAMS 0x0000000087e00000, 0x0000000087d00000| Untracked 
| 126|0x0000000087e00000, 0x0000000087ef6c00, 0x0000000087f00000| 96%| O|  |TAMS 0x0000000087ef6c00, 0x0000000087e00000| Untracked 
| 127|0x0000000087f00000, 0x0000000087f00000, 0x0000000088000000|  0%| F|  |TAMS 0x0000000087f00000, 0x0000000087f00000| Untracked 
| 128|0x0000000088000000, 0x0000000088000000, 0x0000000088100000|  0%| F|  |TAMS 0x0000000088000000, 0x0000000088000000| Untracked 
| 129|0x0000000088100000, 0x0000000088100000, 0x0000000088200000|  0%| F|  |TAMS 0x0000000088100000, 0x0000000088100000| Untracked 
| 130|0x0000000088200000, 0x0000000088200000, 0x0000000088300000|  0%| F|  |TAMS 0x0000000088200000, 0x0000000088200000| Untracked 
| 131|0x0000000088300000, 0x0000000088300000, 0x0000000088400000|  0%| F|  |TAMS 0x0000000088300000, 0x0000000088300000| Untracked 
| 132|0x0000000088400000, 0x0000000088500000, 0x0000000088500000|100%| O|  |TAMS 0x0000000088500000, 0x0000000088400000| Complete 
| 133|0x0000000088500000, 0x0000000088600000, 0x0000000088600000|100%| O|  |TAMS 0x0000000088600000, 0x0000000088500000| Complete 
| 134|0x0000000088600000, 0x0000000088600000, 0x0000000088700000|  0%| F|  |TAMS 0x0000000088600000, 0x0000000088600000| Untracked 
| 135|0x0000000088700000, 0x0000000088700000, 0x0000000088800000|  0%| F|  |TAMS 0x0000000088700000, 0x0000000088700000| Untracked 
| 136|0x0000000088800000, 0x0000000088800000, 0x0000000088900000|  0%| F|  |TAMS 0x0000000088800000, 0x0000000088800000| Untracked 
| 137|0x0000000088900000, 0x0000000088900000, 0x0000000088a00000|  0%| F|  |TAMS 0x0000000088900000, 0x0000000088900000| Untracked 
| 138|0x0000000088a00000, 0x0000000088a00000, 0x0000000088b00000|  0%| F|  |TAMS 0x0000000088a00000, 0x0000000088a00000| Untracked 
| 139|0x0000000088b00000, 0x0000000088b00000, 0x0000000088c00000|  0%| F|  |TAMS 0x0000000088b00000, 0x0000000088b00000| Untracked 
| 140|0x0000000088c00000, 0x0000000088c00000, 0x0000000088d00000|  0%| F|  |TAMS 0x0000000088c00000, 0x0000000088c00000| Untracked 
| 141|0x0000000088d00000, 0x0000000088d00000, 0x0000000088e00000|  0%| F|  |TAMS 0x0000000088d00000, 0x0000000088d00000| Untracked 
| 142|0x0000000088e00000, 0x0000000088e00000, 0x0000000088f00000|  0%| F|  |TAMS 0x0000000088e00000, 0x0000000088e00000| Untracked 
| 143|0x0000000088f00000, 0x0000000088f089d0, 0x0000000089000000|  3%| S|CS|TAMS 0x0000000088f00000, 0x0000000088f00000| Complete 
| 144|0x0000000089000000, 0x0000000089100000, 0x0000000089100000|100%| S|CS|TAMS 0x0000000089000000, 0x0000000089000000| Complete 
| 145|0x0000000089100000, 0x0000000089200000, 0x0000000089200000|100%| S|CS|TAMS 0x0000000089100000, 0x0000000089100000| Complete 
| 146|0x0000000089200000, 0x0000000089200000, 0x0000000089300000|  0%| F|  |TAMS 0x0000000089200000, 0x0000000089200000| Untracked 
| 147|0x0000000089300000, 0x0000000089300000, 0x0000000089400000|  0%| F|  |TAMS 0x0000000089300000, 0x0000000089300000| Untracked 
| 148|0x0000000089400000, 0x0000000089400000, 0x0000000089500000|  0%| F|  |TAMS 0x0000000089400000, 0x0000000089400000| Untracked 
| 149|0x0000000089500000, 0x0000000089500000, 0x0000000089600000|  0%| F|  |TAMS 0x0000000089500000, 0x0000000089500000| Untracked 
| 150|0x0000000089600000, 0x0000000089600000, 0x0000000089700000|  0%| F|  |TAMS 0x0000000089600000, 0x0000000089600000| Untracked 
| 151|0x0000000089700000, 0x0000000089725080, 0x0000000089800000| 14%| E|  |TAMS 0x0000000089700000, 0x0000000089700000| Complete 
| 152|0x0000000089800000, 0x0000000089900000, 0x0000000089900000|100%| E|CS|TAMS 0x0000000089800000, 0x0000000089800000| Complete 
| 153|0x0000000089900000, 0x0000000089a00000, 0x0000000089a00000|100%| E|CS|TAMS 0x0000000089900000, 0x0000000089900000| Complete 
| 154|0x0000000089a00000, 0x0000000089b00000, 0x0000000089b00000|100%| E|CS|TAMS 0x0000000089a00000, 0x0000000089a00000| Complete 
| 155|0x0000000089b00000, 0x0000000089c00000, 0x0000000089c00000|100%| E|CS|TAMS 0x0000000089b00000, 0x0000000089b00000| Complete 
| 156|0x0000000089c00000, 0x0000000089d00000, 0x0000000089d00000|100%| E|CS|TAMS 0x0000000089c00000, 0x0000000089c00000| Complete 
| 157|0x0000000089d00000, 0x0000000089e00000, 0x0000000089e00000|100%| E|CS|TAMS 0x0000000089d00000, 0x0000000089d00000| Complete 
| 158|0x0000000089e00000, 0x0000000089f00000, 0x0000000089f00000|100%| E|CS|TAMS 0x0000000089e00000, 0x0000000089e00000| Complete 
| 159|0x0000000089f00000, 0x000000008a000000, 0x000000008a000000|100%| E|CS|TAMS 0x0000000089f00000, 0x0000000089f00000| Complete 
| 160|0x000000008a000000, 0x000000008a100000, 0x000000008a100000|100%| E|CS|TAMS 0x000000008a000000, 0x000000008a000000| Complete 
| 161|0x000000008a100000, 0x000000008a200000, 0x000000008a200000|100%| E|CS|TAMS 0x000000008a100000, 0x000000008a100000| Complete 
| 162|0x000000008a200000, 0x000000008a300000, 0x000000008a300000|100%| E|CS|TAMS 0x000000008a200000, 0x000000008a200000| Complete 
| 163|0x000000008a300000, 0x000000008a400000, 0x000000008a400000|100%| E|CS|TAMS 0x000000008a300000, 0x000000008a300000| Complete 
| 164|0x000000008a400000, 0x000000008a500000, 0x000000008a500000|100%| E|CS|TAMS 0x000000008a400000, 0x000000008a400000| Complete 
| 165|0x000000008a500000, 0x000000008a600000, 0x000000008a600000|100%| E|CS|TAMS 0x000000008a500000, 0x000000008a500000| Complete 
| 166|0x000000008a600000, 0x000000008a700000, 0x000000008a700000|100%| E|CS|TAMS 0x000000008a600000, 0x000000008a600000| Complete 
| 167|0x000000008a700000, 0x000000008a800000, 0x000000008a800000|100%| E|CS|TAMS 0x000000008a700000, 0x000000008a700000| Complete 

Card table byte_map: [0x000001c375610000,0x000001c375a10000] _byte_map_base: 0x000001c375210000

Marking Bits (Prev, Next): (CMBitMap*) 0x000001c36f51c180, (CMBitMap*) 0x000001c36f51c148
 Prev Bits: [0x000001c377e10000, 0x000001c379e10000)
 Next Bits: [0x000001c375e10000, 0x000001c377e10000)

Polling page: 0x000001c36f5c0000

Metaspace:

Usage:
  Non-class:    104.88 MB capacity,   102.91 MB ( 98%) used,     1.59 MB (  2%) free+waste,   394.69 KB ( <1%) overhead. 
      Class:     16.41 MB capacity,    15.20 MB ( 93%) used,     1.03 MB (  6%) free+waste,   176.31 KB (  1%) overhead. 
       Both:    121.29 MB capacity,   118.11 MB ( 97%) used,     2.62 MB (  2%) free+waste,   571.00 KB ( <1%) overhead. 

Virtual space:
  Non-class space:      106.00 MB reserved,     105.00 MB (>99%) committed 
      Class space:        1.00 GB reserved,      16.57 MB (  2%) committed 
             Both:        1.10 GB reserved,     121.57 MB ( 11%) committed 

Chunk freelists:
   Non-Class:  56.00 KB
       Class:  129.00 KB
        Both:  185.00 KB

MaxMetaspaceSize: 17179869184.00 GB
CompressedClassSpaceSize: 1.00 GB

CodeHeap 'non-profiled nmethods': size=120000Kb used=10134Kb max_used=10134Kb free=109865Kb
 bounds [0x000001c307ad0000, 0x000001c3084c0000, 0x000001c30f000000]
CodeHeap 'profiled nmethods': size=120000Kb used=38447Kb max_used=38447Kb free=81552Kb
 bounds [0x000001c3005a0000, 0x000001c302b30000, 0x000001c307ad0000]
CodeHeap 'non-nmethods': size=5760Kb used=2378Kb max_used=2443Kb free=3382Kb
 bounds [0x000001c300000000, 0x000001c300270000, 0x000001c3005a0000]
 total_blobs=18397 nmethods=17386 adapters=919
 compilation: enabled
              stopped_count=0, restarted_count=0
 full_count=0

Compilation events (20 events):
Event: 384.295 Thread 0x000001c37c903000 17720       3       org.gradle.api.internal.artifacts.ivyservice.resolutionstrategy.DefaultCachePolicy$$Lambda$400/0x00000001005b5040::<init> (15 bytes)
Event: 384.295 Thread 0x000001c37c903000 nmethod 17720 0x000001c302b08710 code [0x000001c302b088c0, 0x000001c302b08a78]
Event: 384.296 Thread 0x000001c37c903000 17721       3       org.gradle.api.internal.artifacts.ivyservice.resolutionstrategy.DefaultCachePolicy::eachDependency (24 bytes)
Event: 384.296 Thread 0x000001c37c903000 nmethod 17721 0x000001c302b08b10 code [0x000001c302b08ce0, 0x000001c302b08f78]
Event: 384.296 Thread 0x000001c37c903000 17722       3       org.gradle.api.internal.artifacts.ivyservice.resolutionstrategy.DefaultCachePolicy::cacheChangingModulesFor (33 bytes)
Event: 384.297 Thread 0x000001c37c903000 nmethod 17722 0x000001c302b09090 code [0x000001c302b09320, 0x000001c302b09fc8]
Event: 384.297 Thread 0x000001c37c903000 17723       3       org.gradle.api.internal.artifacts.ivyservice.resolutionstrategy.DefaultCachePolicy$$Lambda$401/0x00000001005b5440::get$Lambda (10 bytes)
Event: 384.297 Thread 0x000001c37c903000 nmethod 17723 0x000001c302b0a490 code [0x000001c302b0a660, 0x000001c302b0a8b8]
Event: 384.297 Thread 0x000001c37c903000 17724       3       org.gradle.api.internal.artifacts.ivyservice.resolutionstrategy.DefaultCachePolicy$$Lambda$401/0x00000001005b5440::<init> (15 bytes)
Event: 384.298 Thread 0x000001c37c903000 nmethod 17724 0x000001c302b0a990 code [0x000001c302b0ab40, 0x000001c302b0acf8]
Event: 384.298 Thread 0x000001c37c903000 17725       3       org.gradle.api.internal.artifacts.ivyservice.resolutionstrategy.DefaultCachePolicy::eachModule (24 bytes)
Event: 384.298 Thread 0x000001c37c903000 nmethod 17725 0x000001c302b0ad90 code [0x000001c302b0af60, 0x000001c302b0b1f8]
Event: 384.298 Thread 0x000001c37c903000 17727       1       org.jetbrains.kotlin.gradle.plugin.mpp.AbstractKotlinCompilation::getKotlinSourceSets (5 bytes)
Event: 384.298 Thread 0x000001c37c903000 nmethod 17727 0x000001c3084ad810 code [0x000001c3084ad9c0, 0x000001c3084ada78]
Event: 384.298 Thread 0x000001c37c903000 17728       1       org.gradle.internal.component.local.model.DefaultLocalComponentMetadata$DefaultLocalConfigurationMetadata::isExternalVariant (2 bytes)
Event: 384.298 Thread 0x000001c37c903000 nmethod 17728 0x000001c3084adb10 code [0x000001c3084adcc0, 0x000001c3084add78]
Event: 384.301 Thread 0x000001c37c903000 17729       3       org.gradle.internal.component.model.DefaultIvyArtifactName::forPublishArtifact (57 bytes)
Event: 384.302 Thread 0x000001c37c903000 nmethod 17729 0x000001c302b0b310 code [0x000001c302b0b580, 0x000001c302b0bf58]
Event: 384.303 Thread 0x000001c37c903000 17730       3       org.gradle.api.reflect.TypeOf::typeWhichCannotBeNull (16 bytes)
Event: 384.303 Thread 0x000001c37c903000 nmethod 17730 0x000001c302b0c210 code [0x000001c302b0c3e0, 0x000001c302b0c5c8]

GC Heap History (20 events):
Event: 33.538 GC heap before
{Heap before GC invocations=46 (full 0):
 garbage-first heap   total 172032K, used 138710K [0x0000000080000000, 0x0000000100000000)
  region size 1024K, 33 young (33792K), 3 survivors (3072K)
 Metaspace       used 114098K, capacity 116984K, committed 118092K, reserved 1150976K
  class space    used 14889K, capacity 15980K, committed 16460K, reserved 1048576K
}
Event: 33.559 GC heap after
{Heap after GC invocations=47 (full 0):
 garbage-first heap   total 172032K, used 112313K [0x0000000080000000, 0x0000000100000000)
  region size 1024K, 5 young (5120K), 5 survivors (5120K)
 Metaspace       used 114098K, capacity 116984K, committed 118092K, reserved 1150976K
  class space    used 14889K, capacity 15980K, committed 16460K, reserved 1048576K
}
Event: 34.226 GC heap before
{Heap before GC invocations=48 (full 0):
 garbage-first heap   total 172032K, used 153273K [0x0000000080000000, 0x0000000100000000)
  region size 1024K, 33 young (33792K), 5 survivors (5120K)
 Metaspace       used 115844K, capacity 118797K, committed 119500K, reserved 1153024K
  class space    used 15114K, capacity 16236K, committed 16588K, reserved 1048576K
}
Event: 34.235 GC heap after
{Heap after GC invocations=49 (full 0):
 garbage-first heap   total 172032K, used 112403K [0x0000000080000000, 0x0000000100000000)
  region size 1024K, 2 young (2048K), 2 survivors (2048K)
 Metaspace       used 115844K, capacity 118797K, committed 119500K, reserved 1153024K
  class space    used 15114K, capacity 16236K, committed 16588K, reserved 1048576K
}
Event: 39.119 GC heap before
{Heap before GC invocations=49 (full 0):
 garbage-first heap   total 172032K, used 118547K [0x0000000080000000, 0x0000000100000000)
  region size 1024K, 8 young (8192K), 2 survivors (2048K)
 Metaspace       used 116453K, capacity 119519K, committed 120140K, reserved 1153024K
  class space    used 15203K, capacity 16366K, committed 16716K, reserved 1048576K
}
Event: 39.124 GC heap after
{Heap after GC invocations=50 (full 0):
 garbage-first heap   total 172032K, used 111241K [0x0000000080000000, 0x0000000100000000)
  region size 1024K, 1 young (1024K), 1 survivors (1024K)
 Metaspace       used 116453K, capacity 119519K, committed 120140K, reserved 1153024K
  class space    used 15203K, capacity 16366K, committed 16716K, reserved 1048576K
}
Event: 366.065 GC heap before
{Heap before GC invocations=50 (full 0):
 garbage-first heap   total 172032K, used 139913K [0x0000000080000000, 0x0000000100000000)
  region size 1024K, 30 young (30720K), 1 survivors (1024K)
 Metaspace       used 117119K, capacity 120273K, committed 120652K, reserved 1153024K
  class space    used 15257K, capacity 16453K, committed 16716K, reserved 1048576K
}
Event: 366.122 GC heap after
{Heap after GC invocations=51 (full 0):
 garbage-first heap   total 172032K, used 112870K [0x0000000080000000, 0x0000000100000000)
  region size 1024K, 2 young (2048K), 2 survivors (2048K)
 Metaspace       used 117119K, capacity 120273K, committed 120652K, reserved 1153024K
  class space    used 15257K, capacity 16453K, committed 16716K, reserved 1048576K
}
Event: 368.378 GC heap before
{Heap before GC invocations=52 (full 0):
 garbage-first heap   total 172032K, used 140518K [0x0000000080000000, 0x0000000100000000)
  region size 1024K, 31 young (31744K), 2 survivors (2048K)
 Metaspace       used 117756K, capacity 120911K, committed 121420K, reserved 1155072K
  class space    used 15288K, capacity 16486K, committed 16716K, reserved 1048576K
}
Event: 368.424 GC heap after
{Heap after GC invocations=53 (full 0):
 garbage-first heap   total 172032K, used 118005K [0x0000000080000000, 0x0000000100000000)
  region size 1024K, 4 young (4096K), 4 survivors (4096K)
 Metaspace       used 117756K, capacity 120911K, committed 121420K, reserved 1155072K
  class space    used 15288K, capacity 16486K, committed 16716K, reserved 1048576K
}
Event: 368.514 GC heap before
{Heap before GC invocations=53 (full 0):
 garbage-first heap   total 172032K, used 122101K [0x0000000080000000, 0x0000000100000000)
  region size 1024K, 8 young (8192K), 4 survivors (4096K)
 Metaspace       used 117949K, capacity 121071K, committed 121420K, reserved 1155072K
  class space    used 15314K, capacity 16518K, committed 16716K, reserved 1048576K
}
Event: 368.549 GC heap after
{Heap after GC invocations=54 (full 0):
 garbage-first heap   total 172032K, used 110110K [0x0000000080000000, 0x0000000100000000)
  region size 1024K, 1 young (1024K), 1 survivors (1024K)
 Metaspace       used 117949K, capacity 121071K, committed 121420K, reserved 1155072K
  class space    used 15314K, capacity 16518K, committed 16716K, reserved 1048576K
}
Event: 368.970 GC heap before
{Heap before GC invocations=54 (full 0):
 garbage-first heap   total 172032K, used 135710K [0x0000000080000000, 0x0000000100000000)
  region size 1024K, 28 young (28672K), 1 survivors (1024K)
 Metaspace       used 118411K, capacity 121489K, committed 122060K, reserved 1155072K
  class space    used 15356K, capacity 16551K, committed 16844K, reserved 1048576K
}
Event: 368.998 GC heap after
{Heap after GC invocations=55 (full 0):
 garbage-first heap   total 172032K, used 121133K [0x0000000080000000, 0x0000000100000000)
  region size 1024K, 4 young (4096K), 4 survivors (4096K)
 Metaspace       used 118411K, capacity 121489K, committed 122060K, reserved 1155072K
  class space    used 15356K, capacity 16551K, committed 16844K, reserved 1048576K
}
Event: 369.925 GC heap before
{Heap before GC invocations=56 (full 0):
 garbage-first heap   total 172032K, used 154925K [0x0000000080000000, 0x0000000100000000)
  region size 1024K, 23 young (23552K), 4 survivors (4096K)
 Metaspace       used 120175K, capacity 123371K, committed 123724K, reserved 1157120K
  class space    used 15511K, capacity 16722K, committed 16972K, reserved 1048576K
}
Event: 369.950 GC heap after
{Heap after GC invocations=57 (full 0):
 garbage-first heap   total 172032K, used 123728K [0x0000000080000000, 0x0000000100000000)
  region size 1024K, 2 young (2048K), 2 survivors (2048K)
 Metaspace       used 120175K, capacity 123371K, committed 123724K, reserved 1157120K
  class space    used 15511K, capacity 16722K, committed 16972K, reserved 1048576K
}
Event: 372.119 GC heap before
{Heap before GC invocations=57 (full 0):
 garbage-first heap   total 172032K, used 128848K [0x0000000080000000, 0x0000000100000000)
  region size 1024K, 8 young (8192K), 2 survivors (2048K)
 Metaspace       used 120381K, capacity 123562K, committed 123980K, reserved 1157120K
  class space    used 15533K, capacity 16732K, committed 16972K, reserved 1048576K
}
Event: 372.191 GC heap after
{Heap after GC invocations=58 (full 0):
 garbage-first heap   total 172032K, used 117248K [0x0000000080000000, 0x0000000100000000)
  region size 1024K, 1 young (1024K), 1 survivors (1024K)
 Metaspace       used 120381K, capacity 123562K, committed 123980K, reserved 1157120K
  class space    used 15533K, capacity 16732K, committed 16972K, reserved 1048576K
}
Event: 383.818 GC heap before
{Heap before GC invocations=58 (full 0):
 garbage-first heap   total 172032K, used 137728K [0x0000000080000000, 0x0000000100000000)
  region size 1024K, 22 young (22528K), 1 survivors (1024K)
 Metaspace       used 120733K, capacity 123986K, committed 124236K, reserved 1157120K
  class space    used 15563K, capacity 16798K, committed 16972K, reserved 1048576K
}
Event: 383.838 GC heap after
{Heap after GC invocations=59 (full 0):
 garbage-first heap   total 172032K, used 118781K [0x0000000080000000, 0x0000000100000000)
  region size 1024K, 3 young (3072K), 3 survivors (3072K)
 Metaspace       used 120733K, capacity 123986K, committed 124236K, reserved 1157120K
  class space    used 15563K, capacity 16798K, committed 16972K, reserved 1048576K
}

Deoptimization events (20 events):
Event: 384.226 Thread 0x000001c37e54e000 DEOPT PACKING pc=0x000001c3029e26b7 sp=0x00000082ec5f9a20
Event: 384.226 Thread 0x000001c37e54e000 DEOPT UNPACKING pc=0x000001c3000276ce sp=0x00000082ec5f8ee0 mode 0
Event: 384.226 Thread 0x000001c37e54e000 DEOPT PACKING pc=0x000001c3029e26b7 sp=0x00000082ec5f9a20
Event: 384.226 Thread 0x000001c37e54e000 DEOPT UNPACKING pc=0x000001c3000276ce sp=0x00000082ec5f8ee0 mode 0
Event: 384.226 Thread 0x000001c37e54e000 DEOPT PACKING pc=0x000001c3029e26b7 sp=0x00000082ec5f9a20
Event: 384.226 Thread 0x000001c37e54e000 DEOPT UNPACKING pc=0x000001c3000276ce sp=0x00000082ec5f8ee0 mode 0
Event: 384.227 Thread 0x000001c37e54e000 DEOPT PACKING pc=0x000001c3029e26b7 sp=0x00000082ec5f9a20
Event: 384.227 Thread 0x000001c37e54e000 DEOPT UNPACKING pc=0x000001c3000276ce sp=0x00000082ec5f8ee0 mode 0
Event: 384.228 Thread 0x000001c37e54e000 DEOPT PACKING pc=0x000001c3029e26b7 sp=0x00000082ec5f9a20
Event: 384.228 Thread 0x000001c37e54e000 DEOPT UNPACKING pc=0x000001c3000276ce sp=0x00000082ec5f8ee0 mode 0
Event: 384.229 Thread 0x000001c37e54e000 DEOPT PACKING pc=0x000001c3029e26b7 sp=0x00000082ec5f9a20
Event: 384.229 Thread 0x000001c37e54e000 DEOPT UNPACKING pc=0x000001c3000276ce sp=0x00000082ec5f8ee0 mode 0
Event: 384.229 Thread 0x000001c37e54e000 DEOPT PACKING pc=0x000001c3029e26b7 sp=0x00000082ec5f9a20
Event: 384.229 Thread 0x000001c37e54e000 DEOPT UNPACKING pc=0x000001c3000276ce sp=0x00000082ec5f8ee0 mode 0
Event: 384.229 Thread 0x000001c37e54e000 DEOPT PACKING pc=0x000001c3029e26b7 sp=0x00000082ec5f9a20
Event: 384.229 Thread 0x000001c37e54e000 DEOPT UNPACKING pc=0x000001c3000276ce sp=0x00000082ec5f8ee0 mode 0
Event: 384.229 Thread 0x000001c37e54e000 DEOPT PACKING pc=0x000001c3029e26b7 sp=0x00000082ec5f9a20
Event: 384.229 Thread 0x000001c37e54e000 DEOPT UNPACKING pc=0x000001c3000276ce sp=0x00000082ec5f8ee0 mode 0
Event: 384.230 Thread 0x000001c37e54e000 DEOPT PACKING pc=0x000001c3029e26b7 sp=0x00000082ec5f9a20
Event: 384.230 Thread 0x000001c37e54e000 DEOPT UNPACKING pc=0x000001c3000276ce sp=0x00000082ec5f8ee0 mode 0

Classes redefined (0 events):
No events

Internal exceptions (20 events):
Event: 367.577 Thread 0x000001c37e54e000 Exception <a 'sun/nio/fs/WindowsException'{0x0000000089cfb230}> (0x0000000089cfb230) thrown at [./src/hotspot/share/prims/jni.cpp, line 615]
Event: 368.328 Thread 0x000001c37dea0800 Implicit null exception at 0x000001c307dc0904 to 0x000001c307dc0afc
Event: 368.772 Thread 0x000001c37dea0800 Implicit null exception at 0x000001c308402421 to 0x000001c3084031c3
Event: 371.988 Thread 0x000001c30f96b800 Exception <a 'java/io/IOException'{0x000000008a584cd8}> (0x000000008a584cd8) thrown at [./src/hotspot/share/prims/jni.cpp, line 615]
Event: 372.030 Thread 0x000001c37e554800 Exception <a 'java/lang/NoSuchMethodError'{0x000000008a3af990}: <clinit>> (0x000000008a3af990) thrown at [./src/hotspot/share/prims/jni.cpp, line 1362]
Event: 372.033 Thread 0x000001c37e554800 Exception <a 'java/lang/NoSuchMethodError'{0x000000008a3c2de8}: <clinit>> (0x000000008a3c2de8) thrown at [./src/hotspot/share/prims/jni.cpp, line 1362]
Event: 372.299 Thread 0x000001c37e54d800 Exception <a 'java/lang/NoSuchMethodError'{0x000000008a6e4c88}: <clinit>> (0x000000008a6e4c88) thrown at [./src/hotspot/share/prims/jni.cpp, line 1362]
Event: 372.301 Thread 0x000001c37e54d800 Exception <a 'java/lang/NoSuchMethodError'{0x000000008a6f6ee8}: <clinit>> (0x000000008a6f6ee8) thrown at [./src/hotspot/share/prims/jni.cpp, line 1362]
Event: 372.301 Thread 0x000001c37e54d800 Exception <a 'java/lang/NoSuchMethodError'{0x000000008a6f85d0}: <clinit>> (0x000000008a6f85d0) thrown at [./src/hotspot/share/prims/jni.cpp, line 1362]
Event: 372.303 Thread 0x000001c37e54d800 Exception <a 'java/lang/NoSuchMethodError'{0x000000008a50bb40}: <clinit>> (0x000000008a50bb40) thrown at [./src/hotspot/share/prims/jni.cpp, line 1362]
Event: 372.304 Thread 0x000001c37e54d800 Exception <a 'java/lang/NoSuchMethodError'{0x000000008a518688}: <clinit>> (0x000000008a518688) thrown at [./src/hotspot/share/prims/jni.cpp, line 1362]
Event: 372.311 Thread 0x000001c37e54d800 Exception <a 'java/lang/NoSuchMethodError'{0x000000008a52e848}: <clinit>> (0x000000008a52e848) thrown at [./src/hotspot/share/prims/jni.cpp, line 1362]
Event: 372.314 Thread 0x000001c37e54d800 Exception <a 'java/lang/NoSuchMethodError'{0x000000008a547c80}: <clinit>> (0x000000008a547c80) thrown at [./src/hotspot/share/prims/jni.cpp, line 1362]
Event: 372.315 Thread 0x000001c37e54d800 Exception <a 'java/lang/NoSuchMethodError'{0x000000008a5570e0}: <clinit>> (0x000000008a5570e0) thrown at [./src/hotspot/share/prims/jni.cpp, line 1362]
Event: 383.861 Thread 0x000001c37e54e000 Exception <a 'sun/nio/fs/WindowsException'{0x000000008a6036c8}> (0x000000008a6036c8) thrown at [./src/hotspot/share/prims/jni.cpp, line 615]
Event: 384.200 Thread 0x000001c37e54e000 Exception <a 'sun/nio/fs/WindowsException'{0x0000000089ede558}> (0x0000000089ede558) thrown at [./src/hotspot/share/prims/jni.cpp, line 615]
Event: 384.216 Thread 0x000001c37e54e000 Exception <a 'sun/nio/fs/WindowsException'{0x0000000089d79a60}> (0x0000000089d79a60) thrown at [./src/hotspot/share/prims/jni.cpp, line 615]
Event: 384.216 Thread 0x000001c37e54e000 Exception <a 'sun/nio/fs/WindowsException'{0x0000000089d7ab30}> (0x0000000089d7ab30) thrown at [./src/hotspot/share/prims/jni.cpp, line 615]
Event: 384.216 Thread 0x000001c37e54e000 Exception <a 'sun/nio/fs/WindowsException'{0x0000000089d7bc50}> (0x0000000089d7bc50) thrown at [./src/hotspot/share/prims/jni.cpp, line 615]
Event: 384.216 Thread 0x000001c37e54e000 Exception <a 'sun/nio/fs/WindowsException'{0x0000000089d7cd70}> (0x0000000089d7cd70) thrown at [./src/hotspot/share/prims/jni.cpp, line 615]

Events (20 events):
Event: 383.705 Thread 0x000001c37e553000 Thread added: 0x000001c37e553000
Event: 383.705 Thread 0x000001c37e550800 Thread added: 0x000001c37e550800
Event: 383.706 Thread 0x000001c37e554800 Thread added: 0x000001c37e554800
Event: 383.706 Executing VM operation: RevokeBias
Event: 383.706 Executing coalesced safepoint VM operation: RevokeBias
Event: 383.706 Executing coalesced safepoint VM operation: RevokeBias done
Event: 383.706 Executing coalesced safepoint VM operation: RevokeBias
Event: 383.706 Executing coalesced safepoint VM operation: RevokeBias done
Event: 383.706 Executing VM operation: RevokeBias done
Event: 383.707 Thread 0x000001c37e559800 Thread added: 0x000001c37e559800
Event: 383.707 Thread 0x000001c37e554000 Thread added: 0x000001c37e554000
Event: 383.707 Thread 0x000001c37e55a800 Thread added: 0x000001c37e55a800
Event: 383.708 Thread 0x000001c37e555800 Thread added: 0x000001c37e555800
Event: 383.755 Thread 0x000001c3106ea800 Thread added: 0x000001c3106ea800
Event: 383.818 Executing VM operation: G1CollectForAllocation
Event: 383.838 Executing VM operation: G1CollectForAllocation done
Event: 384.086 Executing VM operation: CGC_Operation
Event: 384.103 Executing VM operation: CGC_Operation done
Event: 384.198 Executing VM operation: CGC_Operation
Event: 384.198 Executing VM operation: CGC_Operation done


Dynamic libraries:
0x00007ff6370a0000 - 0x00007ff6370aa000 	C:\Program Files\Android\Android Studio\jre\bin\java.exe
0x00007ffcb7ab0000 - 0x00007ffcb7ca5000 	C:\WINDOWS\SYSTEM32\ntdll.dll
0x00007ffcb5bb0000 - 0x00007ffcb5c6d000 	C:\WINDOWS\System32\KERNEL32.DLL
0x00007ffcb5730000 - 0x00007ffcb59f9000 	C:\WINDOWS\System32\KERNELBASE.dll
0x00007ffcb5540000 - 0x00007ffcb5640000 	C:\WINDOWS\System32\ucrtbase.dll
0x00007ffcb2970000 - 0x00007ffcb2989000 	C:\Program Files\Android\Android Studio\jre\bin\jli.dll
0x00007ffcb13a0000 - 0x00007ffcb13b7000 	C:\Program Files\Android\Android Studio\jre\bin\VCRUNTIME140.dll
0x00007ffcb5d10000 - 0x00007ffcb5eb0000 	C:\WINDOWS\System32\USER32.dll
0x00007ffcb5a00000 - 0x00007ffcb5a22000 	C:\WINDOWS\System32\win32u.dll
0x00007ffca4430000 - 0x00007ffca46ca000 	C:\WINDOWS\WinSxS\amd64_microsoft.windows.common-controls_6595b64144ccf1df_6.0.19041.1110_none_60b5254171f9507e\COMCTL32.dll
0x00007ffcb6880000 - 0x00007ffcb68aa000 	C:\WINDOWS\System32\GDI32.dll
0x00007ffcb5b10000 - 0x00007ffcb5bae000 	C:\WINDOWS\System32\msvcrt.dll
0x00007ffcb5390000 - 0x00007ffcb549b000 	C:\WINDOWS\System32\gdi32full.dll
0x00007ffcb54a0000 - 0x00007ffcb553d000 	C:\WINDOWS\System32\msvcp_win.dll
0x00007ffcb5f10000 - 0x00007ffcb5f40000 	C:\WINDOWS\System32\IMM32.DLL
0x00007ffca0e10000 - 0x00007ffca0ead000 	C:\Program Files\Android\Android Studio\jre\bin\msvcp140.dll
0x00007ffc67240000 - 0x00007ffc67d0f000 	C:\Program Files\Android\Android Studio\jre\bin\server\jvm.dll
0x00007ffcb6d50000 - 0x00007ffcb6dfc000 	C:\WINDOWS\System32\ADVAPI32.dll
0x00007ffcb5c70000 - 0x00007ffcb5d0b000 	C:\WINDOWS\System32\sechost.dll
0x00007ffcb7550000 - 0x00007ffcb767a000 	C:\WINDOWS\System32\RPCRT4.dll
0x00007ffcb6b00000 - 0x00007ffcb6b08000 	C:\WINDOWS\System32\PSAPI.DLL
0x00007ffcb2810000 - 0x00007ffcb2819000 	C:\WINDOWS\SYSTEM32\WSOCK32.dll
0x00007ffcaba90000 - 0x00007ffcabab7000 	C:\WINDOWS\SYSTEM32\WINMM.dll
0x00007ffcae780000 - 0x00007ffcae78a000 	C:\WINDOWS\SYSTEM32\VERSION.dll
0x00007ffcb6800000 - 0x00007ffcb686b000 	C:\WINDOWS\System32\WS2_32.dll
0x00007ffcb30f0000 - 0x00007ffcb3102000 	C:\WINDOWS\SYSTEM32\kernel.appcore.dll
0x00007ffcafa70000 - 0x00007ffcafa81000 	C:\Program Files\Android\Android Studio\jre\bin\verify.dll
0x00007ffcad680000 - 0x00007ffcad864000 	C:\WINDOWS\SYSTEM32\DBGHELP.DLL
0x00007ffca3c20000 - 0x00007ffca3c4c000 	C:\WINDOWS\SYSTEM32\dbgcore.DLL
0x00007ffcb56a0000 - 0x00007ffcb5723000 	C:\WINDOWS\System32\bcryptPrimitives.dll
0x00007ffcae5d0000 - 0x00007ffcae5f9000 	C:\Program Files\Android\Android Studio\jre\bin\java.dll
0x00007ffcb0c90000 - 0x00007ffcb0c9b000 	C:\Program Files\Android\Android Studio\jre\bin\jimage.dll
0x00007ffcafa50000 - 0x00007ffcafa68000 	C:\Program Files\Android\Android Studio\jre\bin\zip.dll
0x00007ffcb60c0000 - 0x00007ffcb67ff000 	C:\WINDOWS\System32\SHELL32.dll
0x00007ffcb32f0000 - 0x00007ffcb3a80000 	C:\WINDOWS\SYSTEM32\windows.storage.dll
0x00007ffcb7710000 - 0x00007ffcb7a65000 	C:\WINDOWS\System32\combase.dll
0x00007ffcb4b70000 - 0x00007ffcb4b9c000 	C:\WINDOWS\SYSTEM32\Wldp.dll
0x00007ffcb6010000 - 0x00007ffcb60be000 	C:\WINDOWS\System32\SHCORE.dll
0x00007ffcb5eb0000 - 0x00007ffcb5f05000 	C:\WINDOWS\System32\shlwapi.dll
0x00007ffcb5120000 - 0x00007ffcb513f000 	C:\WINDOWS\SYSTEM32\profapi.dll
0x00007ffcaeec0000 - 0x00007ffcaeeda000 	C:\Program Files\Android\Android Studio\jre\bin\net.dll
0x00007ffca8d70000 - 0x00007ffca8e78000 	C:\WINDOWS\SYSTEM32\WINHTTP.dll
0x00007ffcb48d0000 - 0x00007ffcb493a000 	C:\WINDOWS\system32\mswsock.dll
0x00007ffcae520000 - 0x00007ffcae534000 	C:\Program Files\Android\Android Studio\jre\bin\nio.dll
0x00007ffca2fe0000 - 0x00007ffca3007000 	C:\Users\rasim\.gradle\native\8bec1ad78214c89d9ad589b4d07fe93259594b29d510b10fafb7a158f7737e5d\windows-amd64\native-platform.dll
0x00007ffc6d7d0000 - 0x00007ffc6d90d000 	C:\Users\rasim\.gradle\native\53dbd7edfb1c66fb8903c78663c9afc45aea4f116125fa6feffd364cf09443e8\windows-amd64\native-platform-file-events.dll
0x00007ffcb0c60000 - 0x00007ffcb0c6a000 	C:\Program Files\Android\Android Studio\jre\bin\management.dll
0x00007ffcb0380000 - 0x00007ffcb038c000 	C:\Program Files\Android\Android Studio\jre\bin\management_ext.dll
0x00007ffcb4ad0000 - 0x00007ffcb4ae8000 	C:\WINDOWS\SYSTEM32\CRYPTSP.dll
0x00007ffcb4250000 - 0x00007ffcb4284000 	C:\WINDOWS\system32\rsaenh.dll
0x00007ffcb5ae0000 - 0x00007ffcb5b07000 	C:\WINDOWS\System32\bcrypt.dll
0x00007ffcb50a0000 - 0x00007ffcb50ce000 	C:\WINDOWS\SYSTEM32\USERENV.dll
0x00007ffcb4ac0000 - 0x00007ffcb4acc000 	C:\WINDOWS\SYSTEM32\CRYPTBASE.dll
0x00007ffcb45c0000 - 0x00007ffcb45fb000 	C:\WINDOWS\SYSTEM32\IPHLPAPI.DLL
0x00007ffcb6870000 - 0x00007ffcb6878000 	C:\WINDOWS\System32\NSI.dll
0x00007ffcad4e0000 - 0x00007ffcad4f7000 	C:\WINDOWS\SYSTEM32\dhcpcsvc6.DLL
0x00007ffcae7b0000 - 0x00007ffcae7cd000 	C:\WINDOWS\SYSTEM32\dhcpcsvc.DLL
0x00007ffcb4600000 - 0x00007ffcb46cc000 	C:\WINDOWS\SYSTEM32\DNSAPI.dll
0x00007ffcb1390000 - 0x00007ffcb1398000 	C:\Program Files\Android\Android Studio\jre\bin\rmi.dll
0x00007ffca5a60000 - 0x00007ffca5a87000 	C:\Program Files\Android\Android Studio\jre\bin\sunec.dll

dbghelp: loaded successfully - version: 4.0.5 - missing functions: none
symbol engine: initialized successfully - sym options: 0x614 - pdb path: .;C:\Program Files\Android\Android Studio\jre\bin;C:\WINDOWS\SYSTEM32;C:\WINDOWS\WinSxS\amd64_microsoft.windows.common-controls_6595b64144ccf1df_6.0.19041.1110_none_60b5254171f9507e;C:\Program Files\Android\Android Studio\jre\bin\server;C:\Users\rasim\.gradle\native\8bec1ad78214c89d9ad589b4d07fe93259594b29d510b10fafb7a158f7737e5d\windows-amd64;C:\Users\rasim\.gradle\native\53dbd7edfb1c66fb8903c78663c9afc45aea4f116125fa6feffd364cf09443e8\windows-amd64

VM Arguments:
jvm_args: --add-opens=java.base/java.util=ALL-UNNAMED --add-opens=java.base/java.lang=ALL-UNNAMED --add-opens=java.base/java.lang.invoke=ALL-UNNAMED --add-opens=java.base/java.util=ALL-UNNAMED --add-opens=java.prefs/java.util.prefs=ALL-UNNAMED --add-opens=java.prefs/java.util.prefs=ALL-UNNAMED --add-opens=java.base/java.nio.charset=ALL-UNNAMED --add-opens=java.base/java.net=ALL-UNNAMED --add-opens=java.base/java.util.concurrent.atomic=ALL-UNNAMED -Xmx2048m -Dfile.encoding=UTF-8 -Duser.country=TR -Duser.language=tr -Duser.variant 
java_command: org.gradle.launcher.daemon.bootstrap.GradleDaemon 7.0.2
java_class_path (initial): C:\Users\rasim\.gradle\wrapper\dists\gradle-7.0.2-bin\857tjihv64xamwrf0h14cai3r\gradle-7.0.2\lib\gradle-launcher-7.0.2.jar
Launcher Type: SUN_STANDARD

[Global flags]
     intx CICompilerCount                          = 4                                         {product} {ergonomic}
     uint ConcGCThreads                            = 2                                         {product} {ergonomic}
     uint G1ConcRefinementThreads                  = 8                                         {product} {ergonomic}
   size_t G1HeapRegionSize                         = 1048576                                   {product} {ergonomic}
    uintx GCDrainStackTargetSize                   = 64                                        {product} {ergonomic}
   size_t InitialHeapSize                          = 100663296                                 {product} {ergonomic}
   size_t MarkStackSize                            = 4194304                                   {product} {ergonomic}
   size_t MaxHeapSize                              = 2147483648                                {product} {command line}
   size_t MaxNewSize                               = 1287651328                                {product} {ergonomic}
   size_t MinHeapDeltaBytes                        = 1048576                                   {product} {ergonomic}
    uintx NonNMethodCodeHeapSize                   = 5836300                                {pd product} {ergonomic}
    uintx NonProfiledCodeHeapSize                  = 122910970                              {pd product} {ergonomic}
    uintx ProfiledCodeHeapSize                     = 122910970                              {pd product} {ergonomic}
    uintx ReservedCodeCacheSize                    = 251658240                              {pd product} {ergonomic}
     bool SegmentedCodeCache                       = true                                      {product} {ergonomic}
     bool UseCompressedClassPointers               = true                                 {lp64_product} {ergonomic}
     bool UseCompressedOops                        = true                                 {lp64_product} {ergonomic}
     bool UseG1GC                                  = true                                      {product} {ergonomic}
     bool UseLargePagesIndividualAllocation        = false                                  {pd product} {ergonomic}

Logging:
Log output configuration:
 #0: stdout all=warning uptime,level,tags
 #1: stderr all=off uptime,level,tags

Environment Variables:
PATH=C:\Program Files (x86)\Common Files\Oracle\Java\javapath;C:\Program Files (x86)\Qualcomm\QDART\\bin;C:\WINDOWS\system32;C:\WINDOWS;C:\WINDOWS\System32\Wbem;C:\WINDOWS\System32\WindowsPowerShell\v1.0\;C:\WINDOWS\System32\OpenSSH\;C:\Program Files (x86)\AMD\ATI.ACE\Core-Static;C:\Program Files\Git\cmd;C:\Program Files\PuTTY\;C:\Users\rasim\AppData\Local\Microsoft\WindowsApps;C:\Program Files\JetBrains\PyCharm 2020.2.1\bin;C:\Program Files\JetBrains\CLion 2020.3.2\bin;C:\Users\rasim\AppData\Local\GitHubDesktop\bin
USERNAME=rasim
OS=Windows_NT
PROCESSOR_IDENTIFIER=AMD64 Family 23 Model 24 Stepping 1, AuthenticAMD



---------------  S Y S T E M  ---------------

OS: Windows 10 , 64 bit Build 19041 (10.0.19041.1151)
OS uptime: 16 days 21:13 hours

CPU:total 8 (initial active 8) (8 cores per cpu, 2 threads per core) family 23 model 24 stepping 1 microcode 0x0, cmov, cx8, fxsr, mmx, sse, sse2, sse3, ssse3, sse4.1, sse4.2, popcnt, avx, avx2, aes, clmul, mmxext, 3dnowpref, lzcnt, sse4a, ht, tsc, tscinvbit, tscinv, bmi1, bmi2, adx, s

Memory: 4k page, system-wide physical 6091M (831M free)
TotalPageFile size 24523M (AvailPageFile size 6M)
current process WorkingSet (physical memory assigned to process): 368M, peak: 435M
current process commit charge ("private bytes"): 517M, peak: 523M

vm_info: OpenJDK 64-Bit Server VM (11.0.10+0-b96-7249189) for windows-amd64 JRE (11.0.10+0-b96-7249189), built on Mar 31 2021 21:44:00 by "builder" with MS VC++ 14.0 (VS2015)

END.
