#
# There is insufficient memory for the Java Runtime Environment to continue.
# Native memory allocation (malloc) failed to allocate 2136336 bytes for Chunk::new
# Possible reasons:
#   The system is out of physical RAM or swap space
#   The process is running with CompressedOops enabled, and the Java Heap may be blocking the growth of the native heap
# Possible solutions:
#   Reduce memory load on the system
#   Increase physical memory or swap space
#   Check if swap backing store is full
#   Decrease Java heap size (-Xmx/-Xms)
#   Decrease number of Java threads
#   Decrease Java thread stack sizes (-Xss)
#   Set larger code cache with -XX:ReservedCodeCacheSize=
#   JVM is running with Unscaled Compressed Oops mode in which the Java heap is
#     placed in the first 4GB address space. The Java Heap base address is the
#     maximum limit for the native heap growth. Please use -XX:HeapBaseMinAddress
#     to set the Java Heap base and to place the Java Heap above 4GB virtual address.
# This output file may be truncated or incomplete.
#
#  Out of Memory Error (./src/hotspot/share/memory/arena.cpp:197), pid=11956, tid=15632
#
# JRE version: OpenJDK Runtime Environment (11.0.10) (build 11.0.10+0-b96-7249189)
# Java VM: OpenJDK 64-Bit Server VM (11.0.10+0-b96-7249189, mixed mode, tiered, compressed oops, g1 gc, windows-amd64)
# No core dump will be written. Minidumps are not enabled by default on client versions of Windows
#

---------------  S U M M A R Y ------------

Command Line: --add-opens=java.base/java.util=ALL-UNNAMED --add-opens=java.base/java.lang=ALL-UNNAMED --add-opens=java.base/java.lang.invoke=ALL-UNNAMED --add-opens=java.base/java.util=ALL-UNNAMED --add-opens=java.prefs/java.util.prefs=ALL-UNNAMED --add-opens=java.prefs/java.util.prefs=ALL-UNNAMED --add-opens=java.base/java.nio.charset=ALL-UNNAMED --add-opens=java.base/java.net=ALL-UNNAMED --add-opens=java.base/java.util.concurrent.atomic=ALL-UNNAMED -Xmx2048m -Dfile.encoding=UTF-8 -Duser.country=TR -Duser.language=tr -Duser.variant org.gradle.launcher.daemon.bootstrap.GradleDaemon 7.0.2

Host: AMD Ryzen 5 3500U with Radeon Vega Mobile Gfx  , 8 cores, 5G,  Windows 10 , 64 bit Build 19041 (10.0.19041.1151)
Time: Thu Sep 23 17:57:00 2021 Türkiye Standart Saati elapsed time: 4504.166032 seconds (0d 1h 15m 4s)

---------------  T H R E A D  ---------------

Current thread (0x00000131799e1800):  JavaThread "C2 CompilerThread0" daemon [_thread_in_native, id=15632, stack(0x0000002164600000,0x0000002164700000)]


Current CompileTask:
C2:4504166 27178   !   4       org.gradle.internal.event.DefaultListenerManager::getBroadcasterInternal (155 bytes)

Stack: [0x0000002164600000,0x0000002164700000]
Native frames: (J=compiled Java code, j=interpreted, Vv=VM code, C=native code)
V  [jvm.dll+0x5ecfaa]
V  [jvm.dll+0x722bd5]
V  [jvm.dll+0x72412d]
V  [jvm.dll+0x7247e3]
V  [jvm.dll+0x242928]
V  [jvm.dll+0xbc4fc]
V  [jvm.dll+0xbca0c]
V  [jvm.dll+0x352d3b]
V  [jvm.dll+0x320ad3]
V  [jvm.dll+0x31ffca]
V  [jvm.dll+0x1fb602]
V  [jvm.dll+0x1fa7f4]
V  [jvm.dll+0x18354c]
V  [jvm.dll+0x208ee7]
V  [jvm.dll+0x207731]
V  [jvm.dll+0x6eb1cf]
V  [jvm.dll+0x6e3d45]
V  [jvm.dll+0x5ebe96]
C  [ucrtbase.dll+0x21bb2]
C  [KERNEL32.DLL+0x17034]
C  [ntdll.dll+0x52651]


---------------  P R O C E S S  ---------------

Threads class SMR info:
_java_thread_list=0x0000013103021230, length=55, elements={
0x000001315f55c800, 0x00000131799b7800, 0x00000131799c0800, 0x00000131799d3800,
0x00000131799d5800, 0x00000131799d6000, 0x00000131799e1800, 0x00000131799e6800,
0x00000131799eb800, 0x000001317a4bf800, 0x000001317c313000, 0x000001317b38c800,
0x000001317bde0800, 0x000001317c6b8800, 0x000001317c6b7000, 0x000001317c6b7800,
0x000001317c9bf000, 0x000001317c9c0000, 0x000001317c9c9000, 0x000001317c9c4000,
0x000001317c9c3000, 0x000001317c9cb800, 0x000001317c9cc000, 0x000001317c8a3800,
0x000001317c8a0800, 0x000001317c8a1000, 0x000001317c8ab000, 0x000001317c8a5800,
0x000001317c8aa000, 0x0000013102ea1800, 0x0000013102ea8000, 0x0000013102ea8800,
0x0000013102ea5800, 0x000001310224a800, 0x000001317c9cd000, 0x000001317c9c6800,
0x000001317c9c1000, 0x000001317c9c7800, 0x000001317c8a8800, 0x000001317c8a4800,
0x000001317c8a3000, 0x0000013102eab000, 0x0000013102ead800, 0x000001317c9c1800,
0x000001317c9c5000, 0x000001317c9c5800, 0x000001317c9c2800, 0x000001317c9ce000,
0x000001310224b000, 0x0000013102249800, 0x0000013102246000, 0x000001310224c000,
0x000001310224c800, 0x0000013102247000, 0x000001310224d800
}

Java Threads: ( => current thread )
  0x000001315f55c800 JavaThread "main" [_thread_blocked, id=1600, stack(0x0000002163a00000,0x0000002163b00000)]
  0x00000131799b7800 JavaThread "Reference Handler" daemon [_thread_blocked, id=5836, stack(0x0000002164100000,0x0000002164200000)]
  0x00000131799c0800 JavaThread "Finalizer" daemon [_thread_blocked, id=20900, stack(0x0000002164200000,0x0000002164300000)]
  0x00000131799d3800 JavaThread "Signal Dispatcher" daemon [_thread_blocked, id=15784, stack(0x0000002164300000,0x0000002164400000)]
  0x00000131799d5800 JavaThread "Attach Listener" daemon [_thread_blocked, id=10020, stack(0x0000002164400000,0x0000002164500000)]
  0x00000131799d6000 JavaThread "Service Thread" daemon [_thread_blocked, id=21340, stack(0x0000002164500000,0x0000002164600000)]
=>0x00000131799e1800 JavaThread "C2 CompilerThread0" daemon [_thread_in_native, id=15632, stack(0x0000002164600000,0x0000002164700000)]
  0x00000131799e6800 JavaThread "C1 CompilerThread0" daemon [_thread_blocked, id=17620, stack(0x0000002164700000,0x0000002164800000)]
  0x00000131799eb800 JavaThread "Sweeper thread" daemon [_thread_blocked, id=3520, stack(0x0000002164800000,0x0000002164900000)]
  0x000001317a4bf800 JavaThread "Common-Cleaner" daemon [_thread_blocked, id=19076, stack(0x0000002164900000,0x0000002164a00000)]
  0x000001317c313000 JavaThread "Daemon health stats" [_thread_blocked, id=5148, stack(0x0000002164c00000,0x0000002164d00000)]
  0x000001317b38c800 JavaThread "Incoming local TCP Connector on port 53560" [_thread_in_native, id=3780, stack(0x0000002164d00000,0x0000002164e00000)]
  0x000001317bde0800 JavaThread "Daemon periodic checks" [_thread_blocked, id=20308, stack(0x0000002164e00000,0x0000002164f00000)]
  0x000001317c6b8800 JavaThread "Cache worker for file hash cache (C:\Users\rasim\.gradle\caches\7.0.2\fileHashes)" [_thread_blocked, id=14880, stack(0x0000002165c00000,0x0000002165d00000)]
  0x000001317c6b7000 JavaThread "File lock request listener" [_thread_in_native, id=4500, stack(0x0000002165d00000,0x0000002165e00000)]
  0x000001317c6b7800 JavaThread "Cache worker for journal cache (C:\Users\rasim\.gradle\caches\journal-1)" [_thread_blocked, id=2516, stack(0x0000002165f00000,0x0000002166000000)]
  0x000001317c9bf000 JavaThread "File watcher server" daemon [_thread_in_native, id=13580, stack(0x0000002166100000,0x0000002166200000)]
  0x000001317c9c0000 JavaThread "File watcher consumer" daemon [_thread_blocked, id=16616, stack(0x0000002166200000,0x0000002166300000)]
  0x000001317c9c9000 JavaThread "Cache worker for execution history cache (C:\Users\rasim\.gradle\caches\7.0.2\executionHistory)" [_thread_blocked, id=4712, stack(0x0000002166600000,0x0000002166700000)]
  0x000001317c9c4000 JavaThread "jar transforms" [_thread_blocked, id=800, stack(0x0000002166700000,0x0000002166800000)]
  0x000001317c9c3000 JavaThread "jar transforms Thread 2" [_thread_blocked, id=3432, stack(0x0000002166800000,0x0000002166900000)]
  0x000001317c9cb800 JavaThread "Cache worker for file content cache (C:\Users\rasim\.gradle\caches\7.0.2\fileContent)" [_thread_blocked, id=13036, stack(0x0000002166900000,0x0000002166a00000)]
  0x000001317c9cc000 JavaThread "jar transforms Thread 3" [_thread_blocked, id=19744, stack(0x0000002166b00000,0x0000002166c00000)]
  0x000001317c8a3800 JavaThread "jar transforms Thread 4" [_thread_blocked, id=19232, stack(0x0000002166c00000,0x0000002166d00000)]
  0x000001317c8a0800 JavaThread "jar transforms Thread 5" [_thread_blocked, id=12380, stack(0x0000002167600000,0x0000002167700000)]
  0x000001317c8a1000 JavaThread "jar transforms Thread 6" [_thread_blocked, id=20348, stack(0x0000002167700000,0x0000002167800000)]
  0x000001317c8ab000 JavaThread "jar transforms Thread 7" [_thread_blocked, id=18400, stack(0x0000002167800000,0x0000002167900000)]
  0x000001317c8a5800 JavaThread "jar transforms Thread 8" [_thread_blocked, id=14244, stack(0x0000002167900000,0x0000002167a00000)]
  0x000001317c8aa000 JavaThread "Memory manager" [_thread_blocked, id=488, stack(0x0000002167b00000,0x0000002167c00000)]
  0x0000013102ea1800 JavaThread "RMI Scheduler(0)" daemon [_thread_blocked, id=21024, stack(0x0000002167a00000,0x0000002167b00000)]
  0x0000013102ea8000 JavaThread "RMI GC Daemon" daemon [_thread_blocked, id=13992, stack(0x0000002168600000,0x0000002168700000)]
  0x0000013102ea8800 JavaThread "RMI TCP Accept-0" daemon [_thread_in_native, id=19472, stack(0x0000002168700000,0x0000002168800000)]
  0x0000013102ea5800 JavaThread "RMI Reaper" [_thread_blocked, id=13156, stack(0x0000002168800000,0x0000002168900000)]
  0x000001310224a800 JavaThread "Cache worker for Java compile cache (C:\Users\rasim\.gradle\caches\7.0.2\javaCompile)" [_thread_blocked, id=15204, stack(0x0000002168a00000,0x0000002168b00000)]
  0x000001317c9cd000 JavaThread "ForkJoinPool.commonPool-worker-9" daemon [_thread_blocked, id=14592, stack(0x0000002169900000,0x0000002169a00000)]
  0x000001317c9c6800 JavaThread "ForkJoinPool.commonPool-worker-1" daemon [_thread_blocked, id=17836, stack(0x0000002168300000,0x0000002168400000)]
  0x000001317c9c1000 JavaThread "ForkJoinPool.commonPool-worker-3" daemon [_thread_blocked, id=17112, stack(0x0000002169600000,0x0000002169700000)]
  0x000001317c9c7800 JavaThread "ForkJoinPool.commonPool-worker-11" daemon [_thread_blocked, id=9344, stack(0x0000002169800000,0x0000002169900000)]
  0x000001317c8a8800 JavaThread "ForkJoinPool.commonPool-worker-13" daemon [_thread_blocked, id=17940, stack(0x0000002169400000,0x0000002169500000)]
  0x000001317c8a4800 JavaThread "Daemon Thread 8" [_thread_blocked, id=8204, stack(0x0000002163700000,0x0000002163800000)]
  0x000001317c8a3000 JavaThread "Daemon worker Thread 8" [_thread_in_Java, id=15752, stack(0x0000002164f00000,0x0000002165000000)]
  0x0000013102eab000 JavaThread "RMI TCP Connection(idle)" daemon [_thread_blocked, id=4056, stack(0x0000002168d00000,0x0000002168e00000)]
  0x0000013102ead800 JavaThread "ForkJoinPool.commonPool-worker-15" daemon [_thread_blocked, id=4388, stack(0x0000002168f00000,0x0000002169000000)]
  0x000001317c9c1800 JavaThread "ForkJoinPool.commonPool-worker-5" daemon [_thread_blocked, id=5200, stack(0x0000002169000000,0x0000002169100000)]
  0x000001317c9c5000 JavaThread "Handler for socket connection from /127.0.0.1:53560 to /127.0.0.1:51763" [_thread_in_native, id=18552, stack(0x0000002163800000,0x0000002163900000)]
  0x000001317c9c5800 JavaThread "Cancel handler" [_thread_blocked, id=724, stack(0x0000002163900000,0x0000002163a00000)]
  0x000001317c9c2800 JavaThread "Asynchronous log dispatcher for DefaultDaemonConnection: socket connection from /127.0.0.1:53560 to /127.0.0.1:51763" [_thread_blocked, id=8240, stack(0x0000002165000000,0x0000002165100000)]
  0x000001317c9ce000 JavaThread "Stdin handler" [_thread_blocked, id=16448, stack(0x0000002165700000,0x0000002165800000)]
  0x000001310224b000 JavaThread "Daemon client event forwarder" [_thread_blocked, id=10560, stack(0x0000002165800000,0x0000002165900000)]
  0x0000013102249800 JavaThread "Cache worker for file hash cache (C:\Users\rasim\OneDrive\weatherApp\.gradle\7.0.2\fileHashes)" [_thread_blocked, id=6480, stack(0x0000002165900000,0x0000002165a00000)]
  0x0000013102246000 JavaThread "Cache worker for checksums cache (C:\Users\rasim\OneDrive\weatherApp\.gradle\checksums)" [_thread_blocked, id=19948, stack(0x0000002165a00000,0x0000002165b00000)]
  0x000001310224c000 JavaThread "Cache worker for cache directory md-supplier (C:\Users\rasim\.gradle\caches\7.0.2\md-supplier)" [_thread_blocked, id=16248, stack(0x0000002165b00000,0x0000002165c00000)]
  0x000001310224c800 JavaThread "Cache worker for cache directory md-rule (C:\Users\rasim\.gradle\caches\7.0.2\md-rule)" [_thread_blocked, id=12948, stack(0x0000002166000000,0x0000002166100000)]
  0x0000013102247000 JavaThread "Cache worker for dependencies-accessors (C:\Users\rasim\OneDrive\weatherApp\.gradle\7.0.2\dependencies-accessors)" [_thread_blocked, id=9796, stack(0x0000002166300000,0x0000002166400000)]
  0x000001310224d800 JavaThread "Cache worker for Build Output Cleanup Cache (C:\Users\rasim\OneDrive\weatherApp\.gradle\buildOutputCleanup)" [_thread_blocked, id=2108, stack(0x0000002166400000,0x0000002166500000)]

Other Threads:
  0x00000131799b3000 VMThread "VM Thread" [stack: 0x0000002164000000,0x0000002164100000] [id=6656]
  0x000001317a4d3800 WatcherThread [stack: 0x0000002164a00000,0x0000002164b00000] [id=10832]
  0x000001315f573800 GCTaskThread "GC Thread#0" [stack: 0x0000002163b00000,0x0000002163c00000] [id=1276]
  0x000001317b308800 GCTaskThread "GC Thread#1" [stack: 0x0000002164b00000,0x0000002164c00000] [id=15480]
  0x000001317c572800 GCTaskThread "GC Thread#2" [stack: 0x0000002165100000,0x0000002165200000] [id=18032]
  0x000001317be88800 GCTaskThread "GC Thread#3" [stack: 0x0000002165200000,0x0000002165300000] [id=16976]
  0x000001317be89000 GCTaskThread "GC Thread#4" [stack: 0x0000002165300000,0x0000002165400000] [id=18168]
  0x000001317be8a000 GCTaskThread "GC Thread#5" [stack: 0x0000002165400000,0x0000002165500000] [id=6612]
  0x000001317be8a800 GCTaskThread "GC Thread#6" [stack: 0x0000002165500000,0x0000002165600000] [id=18024]
  0x000001317c5ad800 GCTaskThread "GC Thread#7" [stack: 0x0000002165600000,0x0000002165700000] [id=1484]
  0x000001315f5a4000 ConcurrentGCThread "G1 Main Marker" [stack: 0x0000002163c00000,0x0000002163d00000] [id=10316]
  0x000001315f5a5800 ConcurrentGCThread "G1 Conc#0" [stack: 0x0000002163d00000,0x0000002163e00000] [id=16848]
  0x000001317c5a7000 ConcurrentGCThread "G1 Conc#1" [stack: 0x0000002165e00000,0x0000002165f00000] [id=18228]
  0x000001315f62e800 ConcurrentGCThread "G1 Refine#0" [stack: 0x0000002163e00000,0x0000002163f00000] [id=5852]
  0x000001315f631800 ConcurrentGCThread "G1 Young RemSet Sampling" [stack: 0x0000002163f00000,0x0000002164000000] [id=13084]

Threads with active compile tasks:
C2 CompilerThread04504269 27178   !   4       org.gradle.internal.event.DefaultListenerManager::getBroadcasterInternal (155 bytes)

VM state:not at safepoint (normal execution)

VM Mutex/Monitor currently owned by a thread: None

Heap address: 0x0000000080000000, size: 2048 MB, Compressed Oops mode: 32-bit
Narrow klass base: 0x0000000000000000, Narrow klass shift: 3
Compressed class space size: 1073741824 Address: 0x0000000100000000

Heap:
 garbage-first heap   total 210944K, used 129157K [0x0000000080000000, 0x0000000100000000)
  region size 1024K, 13 young (13312K), 2 survivors (2048K)
 Metaspace       used 122957K, capacity 127685K, committed 127948K, reserved 1161216K
  class space    used 15372K, capacity 17028K, committed 17152K, reserved 1048576K
Heap Regions: E=young(eden), S=young(survivor), O=old, HS=humongous(starts), HC=humongous(continues), CS=collection set, F=free, A=archive, TAMS=top-at-mark-start (previous, next)
|   0|0x0000000080000000, 0x0000000080100000, 0x0000000080100000|100%| O|  |TAMS 0x0000000080100000, 0x0000000080000000| Untracked 
|   1|0x0000000080100000, 0x0000000080100000, 0x0000000080200000|  0%| F|  |TAMS 0x0000000080100000, 0x0000000080100000| Untracked 
|   2|0x0000000080200000, 0x0000000080300000, 0x0000000080300000|100%| O|  |TAMS 0x0000000080300000, 0x0000000080200000| Untracked 
|   3|0x0000000080300000, 0x0000000080400000, 0x0000000080400000|100%|HS|  |TAMS 0x0000000080400000, 0x0000000080300000| Complete 
|   4|0x0000000080400000, 0x0000000080500000, 0x0000000080500000|100%|HC|  |TAMS 0x0000000080500000, 0x0000000080400000| Complete 
|   5|0x0000000080500000, 0x0000000080600000, 0x0000000080600000|100%|HC|  |TAMS 0x0000000080600000, 0x0000000080500000| Complete 
|   6|0x0000000080600000, 0x0000000080700000, 0x0000000080700000|100%| O|  |TAMS 0x0000000080700000, 0x0000000080600000| Untracked 
|   7|0x0000000080700000, 0x0000000080800000, 0x0000000080800000|100%| O|  |TAMS 0x0000000080800000, 0x0000000080700000| Untracked 
|   8|0x0000000080800000, 0x0000000080900000, 0x0000000080900000|100%| O|  |TAMS 0x0000000080900000, 0x0000000080800000| Untracked 
|   9|0x0000000080900000, 0x0000000080a00000, 0x0000000080a00000|100%| O|  |TAMS 0x0000000080a00000, 0x0000000080900000| Complete 
|  10|0x0000000080a00000, 0x0000000080b00000, 0x0000000080b00000|100%| O|  |TAMS 0x0000000080b00000, 0x0000000080a00000| Untracked 
|  11|0x0000000080b00000, 0x0000000080c00000, 0x0000000080c00000|100%| O|  |TAMS 0x0000000080c00000, 0x0000000080b00000| Untracked 
|  12|0x0000000080c00000, 0x0000000080d00000, 0x0000000080d00000|100%| O|  |TAMS 0x0000000080d00000, 0x0000000080c00000| Untracked 
|  13|0x0000000080d00000, 0x0000000080e00000, 0x0000000080e00000|100%| O|  |TAMS 0x0000000080e00000, 0x0000000080d00000| Untracked 
|  14|0x0000000080e00000, 0x0000000080f00000, 0x0000000080f00000|100%| O|  |TAMS 0x0000000080f00000, 0x0000000080e00000| Untracked 
|  15|0x0000000080f00000, 0x0000000081000000, 0x0000000081000000|100%| O|  |TAMS 0x0000000081000000, 0x0000000080f00000| Complete 
|  16|0x0000000081000000, 0x0000000081100000, 0x0000000081100000|100%| O|  |TAMS 0x0000000081100000, 0x0000000081000000| Complete 
|  17|0x0000000081100000, 0x0000000081200000, 0x0000000081200000|100%| O|  |TAMS 0x0000000081200000, 0x0000000081100000| Complete 
|  18|0x0000000081200000, 0x0000000081200000, 0x0000000081300000|  0%| F|  |TAMS 0x0000000081200000, 0x0000000081200000| Untracked 
|  19|0x0000000081300000, 0x0000000081300000, 0x0000000081400000|  0%| F|  |TAMS 0x0000000081300000, 0x0000000081300000| Untracked 
|  20|0x0000000081400000, 0x0000000081500000, 0x0000000081500000|100%| O|  |TAMS 0x0000000081500000, 0x0000000081400000| Complete 
|  21|0x0000000081500000, 0x0000000081600000, 0x0000000081600000|100%| O|  |TAMS 0x0000000081600000, 0x0000000081500000| Complete 
|  22|0x0000000081600000, 0x0000000081700000, 0x0000000081700000|100%| O|  |TAMS 0x0000000081700000, 0x0000000081600000| Complete 
|  23|0x0000000081700000, 0x0000000081800000, 0x0000000081800000|100%| O|  |TAMS 0x0000000081800000, 0x0000000081700000| Complete 
|  24|0x0000000081800000, 0x0000000081900000, 0x0000000081900000|100%| O|  |TAMS 0x0000000081900000, 0x0000000081800000| Untracked 
|  25|0x0000000081900000, 0x0000000081a00000, 0x0000000081a00000|100%| O|  |TAMS 0x0000000081a00000, 0x0000000081900000| Untracked 
|  26|0x0000000081a00000, 0x0000000081a00000, 0x0000000081b00000|  0%| F|  |TAMS 0x0000000081a00000, 0x0000000081a00000| Untracked 
|  27|0x0000000081b00000, 0x0000000081c00000, 0x0000000081c00000|100%| O|  |TAMS 0x0000000081c00000, 0x0000000081b00000| Complete 
|  28|0x0000000081c00000, 0x0000000081d00000, 0x0000000081d00000|100%|HS|  |TAMS 0x0000000081d00000, 0x0000000081c00000| Complete 
|  29|0x0000000081d00000, 0x0000000081e00000, 0x0000000081e00000|100%|HS|  |TAMS 0x0000000081e00000, 0x0000000081d00000| Complete 
|  30|0x0000000081e00000, 0x0000000081f00000, 0x0000000081f00000|100%|HS|  |TAMS 0x0000000081f00000, 0x0000000081e00000| Complete 
|  31|0x0000000081f00000, 0x0000000082000000, 0x0000000082000000|100%|HS|  |TAMS 0x0000000082000000, 0x0000000081f00000| Complete 
|  32|0x0000000082000000, 0x0000000082100000, 0x0000000082100000|100%|HC|  |TAMS 0x0000000082100000, 0x0000000082000000| Complete 
|  33|0x0000000082100000, 0x0000000082200000, 0x0000000082200000|100%|HC|  |TAMS 0x0000000082200000, 0x0000000082100000| Complete 
|  34|0x0000000082200000, 0x0000000082300000, 0x0000000082300000|100%|HS|  |TAMS 0x0000000082300000, 0x0000000082200000| Complete 
|  35|0x0000000082300000, 0x0000000082400000, 0x0000000082400000|100%|HC|  |TAMS 0x0000000082400000, 0x0000000082300000| Complete 
|  36|0x0000000082400000, 0x0000000082500000, 0x0000000082500000|100%| O|  |TAMS 0x0000000082500000, 0x0000000082400000| Complete 
|  37|0x0000000082500000, 0x0000000082600000, 0x0000000082600000|100%| O|  |TAMS 0x0000000082600000, 0x0000000082500000| Untracked 
|  38|0x0000000082600000, 0x0000000082700000, 0x0000000082700000|100%| O|  |TAMS 0x0000000082700000, 0x0000000082600000| Complete 
|  39|0x0000000082700000, 0x0000000082800000, 0x0000000082800000|100%| O|  |TAMS 0x0000000082800000, 0x0000000082700000| Complete 
|  40|0x0000000082800000, 0x0000000082900000, 0x0000000082900000|100%| O|  |TAMS 0x0000000082900000, 0x0000000082800000| Complete 
|  41|0x0000000082900000, 0x0000000082a00000, 0x0000000082a00000|100%| O|  |TAMS 0x0000000082a00000, 0x0000000082900000| Complete 
|  42|0x0000000082a00000, 0x0000000082b00000, 0x0000000082b00000|100%| O|  |TAMS 0x0000000082b00000, 0x0000000082a00000| Complete 
|  43|0x0000000082b00000, 0x0000000082c00000, 0x0000000082c00000|100%| O|  |TAMS 0x0000000082c00000, 0x0000000082b00000| Untracked 
|  44|0x0000000082c00000, 0x0000000082d00000, 0x0000000082d00000|100%| O|  |TAMS 0x0000000082d00000, 0x0000000082c00000| Complete 
|  45|0x0000000082d00000, 0x0000000082e00000, 0x0000000082e00000|100%| O|  |TAMS 0x0000000082e00000, 0x0000000082d00000| Complete 
|  46|0x0000000082e00000, 0x0000000082f00000, 0x0000000082f00000|100%| O|  |TAMS 0x0000000082f00000, 0x0000000082e00000| Complete 
|  47|0x0000000082f00000, 0x0000000083000000, 0x0000000083000000|100%| O|  |TAMS 0x0000000083000000, 0x0000000082f00000| Complete 
|  48|0x0000000083000000, 0x0000000083100000, 0x0000000083100000|100%| O|  |TAMS 0x0000000083100000, 0x0000000083000000| Complete 
|  49|0x0000000083100000, 0x0000000083100000, 0x0000000083200000|  0%| F|  |TAMS 0x0000000083100000, 0x0000000083100000| Untracked 
|  50|0x0000000083200000, 0x0000000083300000, 0x0000000083300000|100%| O|  |TAMS 0x0000000083300000, 0x0000000083200000| Untracked 
|  51|0x0000000083300000, 0x0000000083400000, 0x0000000083400000|100%| O|  |TAMS 0x0000000083400000, 0x0000000083300000| Complete 
|  52|0x0000000083400000, 0x0000000083500000, 0x0000000083500000|100%| O|  |TAMS 0x0000000083500000, 0x0000000083400000| Untracked 
|  53|0x0000000083500000, 0x0000000083500000, 0x0000000083600000|  0%| F|  |TAMS 0x0000000083500000, 0x0000000083500000| Untracked 
|  54|0x0000000083600000, 0x0000000083700000, 0x0000000083700000|100%| O|  |TAMS 0x0000000083700000, 0x0000000083600000| Untracked 
|  55|0x0000000083700000, 0x0000000083700000, 0x0000000083800000|  0%| F|  |TAMS 0x0000000083700000, 0x0000000083700000| Untracked 
|  56|0x0000000083800000, 0x0000000083900000, 0x0000000083900000|100%| O|  |TAMS 0x0000000083900000, 0x0000000083800000| Complete 
|  57|0x0000000083900000, 0x0000000083a00000, 0x0000000083a00000|100%| O|  |TAMS 0x0000000083a00000, 0x0000000083900000| Complete 
|  58|0x0000000083a00000, 0x0000000083b00000, 0x0000000083b00000|100%| O|  |TAMS 0x0000000083b00000, 0x0000000083a00000| Complete 
|  59|0x0000000083b00000, 0x0000000083c00000, 0x0000000083c00000|100%| O|  |TAMS 0x0000000083c00000, 0x0000000083b00000| Untracked 
|  60|0x0000000083c00000, 0x0000000083d00000, 0x0000000083d00000|100%| O|  |TAMS 0x0000000083d00000, 0x0000000083c00000| Complete 
|  61|0x0000000083d00000, 0x0000000083d00000, 0x0000000083e00000|  0%| F|  |TAMS 0x0000000083d00000, 0x0000000083d00000| Untracked 
|  62|0x0000000083e00000, 0x0000000083e00000, 0x0000000083f00000|  0%| F|  |TAMS 0x0000000083e00000, 0x0000000083e00000| Untracked 
|  63|0x0000000083f00000, 0x0000000083f00000, 0x0000000084000000|  0%| F|  |TAMS 0x0000000083f00000, 0x0000000083f00000| Untracked 
|  64|0x0000000084000000, 0x0000000084100000, 0x0000000084100000|100%| O|  |TAMS 0x0000000084100000, 0x0000000084000000| Complete 
|  65|0x0000000084100000, 0x0000000084200000, 0x0000000084200000|100%| O|  |TAMS 0x0000000084200000, 0x0000000084100000| Complete 
|  66|0x0000000084200000, 0x0000000084300000, 0x0000000084300000|100%| O|  |TAMS 0x0000000084300000, 0x0000000084200000| Complete 
|  67|0x0000000084300000, 0x0000000084400000, 0x0000000084400000|100%| O|  |TAMS 0x0000000084400000, 0x0000000084300000| Complete 
|  68|0x0000000084400000, 0x0000000084500000, 0x0000000084500000|100%| O|  |TAMS 0x0000000084500000, 0x0000000084400000| Complete 
|  69|0x0000000084500000, 0x0000000084600000, 0x0000000084600000|100%| O|  |TAMS 0x0000000084600000, 0x0000000084500000| Complete 
|  70|0x0000000084600000, 0x0000000084700000, 0x0000000084700000|100%| O|  |TAMS 0x0000000084700000, 0x0000000084600000| Untracked 
|  71|0x0000000084700000, 0x0000000084800000, 0x0000000084800000|100%| O|  |TAMS 0x0000000084800000, 0x0000000084700000| Complete 
|  72|0x0000000084800000, 0x0000000084900000, 0x0000000084900000|100%| O|  |TAMS 0x0000000084900000, 0x0000000084800000| Complete 
|  73|0x0000000084900000, 0x0000000084a00000, 0x0000000084a00000|100%| O|  |TAMS 0x0000000084a00000, 0x0000000084900000| Untracked 
|  74|0x0000000084a00000, 0x0000000084b00000, 0x0000000084b00000|100%| O|  |TAMS 0x0000000084b00000, 0x0000000084a00000| Complete 
|  75|0x0000000084b00000, 0x0000000084b00000, 0x0000000084c00000|  0%| F|  |TAMS 0x0000000084b00000, 0x0000000084b00000| Untracked 
|  76|0x0000000084c00000, 0x0000000084d00000, 0x0000000084d00000|100%| O|  |TAMS 0x0000000084d00000, 0x0000000084c00000| Complete 
|  77|0x0000000084d00000, 0x0000000084e00000, 0x0000000084e00000|100%| O|  |TAMS 0x0000000084e00000, 0x0000000084d00000| Complete 
|  78|0x0000000084e00000, 0x0000000084f00000, 0x0000000084f00000|100%| O|  |TAMS 0x0000000084f00000, 0x0000000084e00000| Complete 
|  79|0x0000000084f00000, 0x0000000085000000, 0x0000000085000000|100%| O|  |TAMS 0x0000000085000000, 0x0000000084f00000| Complete 
|  80|0x0000000085000000, 0x0000000085000000, 0x0000000085100000|  0%| F|  |TAMS 0x0000000085000000, 0x0000000085000000| Untracked 
|  81|0x0000000085100000, 0x0000000085200000, 0x0000000085200000|100%| O|  |TAMS 0x0000000085200000, 0x0000000085100000| Complete 
|  82|0x0000000085200000, 0x0000000085300000, 0x0000000085300000|100%| O|  |TAMS 0x0000000085300000, 0x0000000085200000| Complete 
|  83|0x0000000085300000, 0x0000000085400000, 0x0000000085400000|100%| O|  |TAMS 0x0000000085400000, 0x0000000085300000| Complete 
|  84|0x0000000085400000, 0x0000000085500000, 0x0000000085500000|100%| O|  |TAMS 0x0000000085500000, 0x0000000085400000| Complete 
|  85|0x0000000085500000, 0x0000000085500000, 0x0000000085600000|  0%| F|  |TAMS 0x0000000085500000, 0x0000000085500000| Untracked 
|  86|0x0000000085600000, 0x0000000085600000, 0x0000000085700000|  0%| F|  |TAMS 0x0000000085600000, 0x0000000085600000| Untracked 
|  87|0x0000000085700000, 0x0000000085700000, 0x0000000085800000|  0%| F|  |TAMS 0x0000000085700000, 0x0000000085700000| Untracked 
|  88|0x0000000085800000, 0x0000000085900000, 0x0000000085900000|100%| O|  |TAMS 0x0000000085900000, 0x0000000085800000| Untracked 
|  89|0x0000000085900000, 0x0000000085a00000, 0x0000000085a00000|100%| O|  |TAMS 0x0000000085a00000, 0x0000000085900000| Complete 
|  90|0x0000000085a00000, 0x0000000085b00000, 0x0000000085b00000|100%|HS|  |TAMS 0x0000000085a00000, 0x0000000085a00000| Complete 
|  91|0x0000000085b00000, 0x0000000085c00000, 0x0000000085c00000|100%|HC|  |TAMS 0x0000000085b00000, 0x0000000085b00000| Complete 
|  92|0x0000000085c00000, 0x0000000085d00000, 0x0000000085d00000|100%| O|  |TAMS 0x0000000085d00000, 0x0000000085c00000| Complete 
|  93|0x0000000085d00000, 0x0000000085d00000, 0x0000000085e00000|  0%| F|  |TAMS 0x0000000085d00000, 0x0000000085d00000| Untracked 
|  94|0x0000000085e00000, 0x0000000085f00000, 0x0000000085f00000|100%| O|  |TAMS 0x0000000085f00000, 0x0000000085e00000| Complete 
|  95|0x0000000085f00000, 0x0000000086000000, 0x0000000086000000|100%| O|  |TAMS 0x0000000086000000, 0x0000000085f00000| Untracked 
|  96|0x0000000086000000, 0x0000000086100000, 0x0000000086100000|100%| O|  |TAMS 0x0000000086100000, 0x0000000086000000| Untracked 
|  97|0x0000000086100000, 0x0000000086200000, 0x0000000086200000|100%| O|  |TAMS 0x0000000086200000, 0x0000000086100000| Complete 
|  98|0x0000000086200000, 0x0000000086300000, 0x0000000086300000|100%| O|  |TAMS 0x0000000086300000, 0x0000000086200000| Untracked 
|  99|0x0000000086300000, 0x0000000086400000, 0x0000000086400000|100%| O|  |TAMS 0x0000000086400000, 0x0000000086300000| Complete 
| 100|0x0000000086400000, 0x0000000086400000, 0x0000000086500000|  0%| F|  |TAMS 0x0000000086400000, 0x0000000086400000| Untracked 
| 101|0x0000000086500000, 0x0000000086600000, 0x0000000086600000|100%| O|  |TAMS 0x0000000086600000, 0x0000000086500000| Complete 
| 102|0x0000000086600000, 0x0000000086700000, 0x0000000086700000|100%|HS|  |TAMS 0x0000000086600000, 0x0000000086600000| Complete 
| 103|0x0000000086700000, 0x0000000086800000, 0x0000000086800000|100%|HC|  |TAMS 0x0000000086700000, 0x0000000086700000| Complete 
| 104|0x0000000086800000, 0x0000000086800000, 0x0000000086900000|  0%| F|  |TAMS 0x0000000086800000, 0x0000000086800000| Untracked 
| 105|0x0000000086900000, 0x0000000086a00000, 0x0000000086a00000|100%| O|  |TAMS 0x0000000086a00000, 0x0000000086900000| Complete 
| 106|0x0000000086a00000, 0x0000000086b00000, 0x0000000086b00000|100%| O|  |TAMS 0x0000000086b00000, 0x0000000086a00000| Complete 
| 107|0x0000000086b00000, 0x0000000086c00000, 0x0000000086c00000|100%| O|  |TAMS 0x0000000086c00000, 0x0000000086b00000| Complete 
| 108|0x0000000086c00000, 0x0000000086d00000, 0x0000000086d00000|100%| O|  |TAMS 0x0000000086d00000, 0x0000000086c00000| Complete 
| 109|0x0000000086d00000, 0x0000000086e00000, 0x0000000086e00000|100%| O|  |TAMS 0x0000000086e00000, 0x0000000086d00000| Complete 
| 110|0x0000000086e00000, 0x0000000086e00000, 0x0000000086f00000|  0%| F|  |TAMS 0x0000000086e00000, 0x0000000086e00000| Untracked 
| 111|0x0000000086f00000, 0x0000000086f00000, 0x0000000087000000|  0%| F|  |TAMS 0x0000000086f00000, 0x0000000086f00000| Untracked 
| 112|0x0000000087000000, 0x0000000087100000, 0x0000000087100000|100%| O|  |TAMS 0x0000000087100000, 0x0000000087000000| Complete 
| 113|0x0000000087100000, 0x0000000087100000, 0x0000000087200000|  0%| F|  |TAMS 0x0000000087100000, 0x0000000087100000| Untracked 
| 114|0x0000000087200000, 0x0000000087200000, 0x0000000087300000|  0%| F|  |TAMS 0x0000000087200000, 0x0000000087200000| Untracked 
| 115|0x0000000087300000, 0x0000000087300000, 0x0000000087400000|  0%| F|  |TAMS 0x0000000087300000, 0x0000000087300000| Untracked 
| 116|0x0000000087400000, 0x0000000087500000, 0x0000000087500000|100%| O|  |TAMS 0x0000000087500000, 0x0000000087400000| Complete 
| 117|0x0000000087500000, 0x0000000087600000, 0x0000000087600000|100%| O|  |TAMS 0x0000000087600000, 0x0000000087500000| Complete 
| 118|0x0000000087600000, 0x0000000087700000, 0x0000000087700000|100%| O|  |TAMS 0x0000000087700000, 0x0000000087600000| Complete 
| 119|0x0000000087700000, 0x0000000087800000, 0x0000000087800000|100%| O|  |TAMS 0x0000000087800000, 0x0000000087700000| Untracked 
| 120|0x0000000087800000, 0x0000000087900000, 0x0000000087900000|100%| O|  |TAMS 0x0000000087900000, 0x0000000087800000| Complete 
| 121|0x0000000087900000, 0x0000000087a00000, 0x0000000087a00000|100%| O|  |TAMS 0x0000000087a00000, 0x0000000087900000| Complete 
| 122|0x0000000087a00000, 0x0000000087b00000, 0x0000000087b00000|100%| O|  |TAMS 0x0000000087b00000, 0x0000000087a00000| Complete 
| 123|0x0000000087b00000, 0x0000000087c00000, 0x0000000087c00000|100%| O|  |TAMS 0x0000000087c00000, 0x0000000087b00000| Complete 
| 124|0x0000000087c00000, 0x0000000087d00000, 0x0000000087d00000|100%| O|  |TAMS 0x0000000087d00000, 0x0000000087c00000| Untracked 
| 125|0x0000000087d00000, 0x0000000087e00000, 0x0000000087e00000|100%| O|  |TAMS 0x0000000087e00000, 0x0000000087d00000| Untracked 
| 126|0x0000000087e00000, 0x0000000087f00000, 0x0000000087f00000|100%| O|  |TAMS 0x0000000087f00000, 0x0000000087e00000| Complete 
| 127|0x0000000087f00000, 0x0000000087f00000, 0x0000000088000000|  0%| F|  |TAMS 0x0000000087f00000, 0x0000000087f00000| Untracked 
| 128|0x0000000088000000, 0x0000000088100000, 0x0000000088100000|100%| O|  |TAMS 0x0000000088100000, 0x0000000088000000| Complete 
| 129|0x0000000088100000, 0x0000000088200000, 0x0000000088200000|100%| O|  |TAMS 0x0000000088200000, 0x0000000088100000| Untracked 
| 130|0x0000000088200000, 0x0000000088300000, 0x0000000088300000|100%| O|  |TAMS 0x0000000088300000, 0x0000000088200000| Complete 
| 131|0x0000000088300000, 0x0000000088400000, 0x0000000088400000|100%|HS|  |TAMS 0x0000000088300000, 0x0000000088300000| Complete 
| 132|0x0000000088400000, 0x0000000088500000, 0x0000000088500000|100%|HC|  |TAMS 0x0000000088400000, 0x0000000088400000| Complete 
| 133|0x0000000088500000, 0x0000000088600000, 0x0000000088600000|100%|HS|  |TAMS 0x0000000088500000, 0x0000000088500000| Complete 
| 134|0x0000000088600000, 0x0000000088700000, 0x0000000088700000|100%|HC|  |TAMS 0x0000000088600000, 0x0000000088600000| Complete 
| 135|0x0000000088700000, 0x0000000088800000, 0x0000000088800000|100%|HS|  |TAMS 0x0000000088700000, 0x0000000088700000| Complete 
| 136|0x0000000088800000, 0x0000000088900000, 0x0000000088900000|100%|HC|  |TAMS 0x0000000088800000, 0x0000000088800000| Complete 
| 137|0x0000000088900000, 0x0000000088a00000, 0x0000000088a00000|100%|HS|  |TAMS 0x0000000088900000, 0x0000000088900000| Complete 
| 138|0x0000000088a00000, 0x0000000088b00000, 0x0000000088b00000|100%|HC|  |TAMS 0x0000000088a00000, 0x0000000088a00000| Complete 
| 139|0x0000000088b00000, 0x0000000088b00000, 0x0000000088c00000|  0%| F|  |TAMS 0x0000000088b00000, 0x0000000088b00000| Untracked 
| 140|0x0000000088c00000, 0x0000000088c00000, 0x0000000088d00000|  0%| F|  |TAMS 0x0000000088c00000, 0x0000000088c00000| Untracked 
| 141|0x0000000088d00000, 0x0000000088d00000, 0x0000000088e00000|  0%| F|  |TAMS 0x0000000088d00000, 0x0000000088d00000| Untracked 
| 142|0x0000000088e00000, 0x0000000088e00000, 0x0000000088f00000|  0%| F|  |TAMS 0x0000000088e00000, 0x0000000088e00000| Untracked 
| 143|0x0000000088f00000, 0x0000000088f00000, 0x0000000089000000|  0%| F|  |TAMS 0x0000000088f00000, 0x0000000088f00000| Untracked 
| 144|0x0000000089000000, 0x0000000089000000, 0x0000000089100000|  0%| F|  |TAMS 0x0000000089000000, 0x0000000089000000| Untracked 
| 145|0x0000000089100000, 0x0000000089100000, 0x0000000089200000|  0%| F|  |TAMS 0x0000000089100000, 0x0000000089100000| Untracked 
| 146|0x0000000089200000, 0x0000000089200000, 0x0000000089300000|  0%| F|  |TAMS 0x0000000089200000, 0x0000000089200000| Untracked 
| 147|0x0000000089300000, 0x0000000089300000, 0x0000000089400000|  0%| F|  |TAMS 0x0000000089300000, 0x0000000089300000| Untracked 
| 148|0x0000000089400000, 0x0000000089400000, 0x0000000089500000|  0%| F|  |TAMS 0x0000000089400000, 0x0000000089400000| Untracked 
| 149|0x0000000089500000, 0x0000000089500000, 0x0000000089600000|  0%| F|  |TAMS 0x0000000089500000, 0x0000000089500000| Untracked 
| 150|0x0000000089600000, 0x0000000089600000, 0x0000000089700000|  0%| F|  |TAMS 0x0000000089600000, 0x0000000089600000| Untracked 
| 151|0x0000000089700000, 0x0000000089700000, 0x0000000089800000|  0%| F|  |TAMS 0x0000000089700000, 0x0000000089700000| Untracked 
| 152|0x0000000089800000, 0x0000000089800000, 0x0000000089900000|  0%| F|  |TAMS 0x0000000089800000, 0x0000000089800000| Untracked 
| 153|0x0000000089900000, 0x0000000089900000, 0x0000000089a00000|  0%| F|  |TAMS 0x0000000089900000, 0x0000000089900000| Untracked 
| 154|0x0000000089a00000, 0x0000000089a00000, 0x0000000089b00000|  0%| F|  |TAMS 0x0000000089a00000, 0x0000000089a00000| Untracked 
| 155|0x0000000089b00000, 0x0000000089b00000, 0x0000000089c00000|  0%| F|  |TAMS 0x0000000089b00000, 0x0000000089b00000| Untracked 
| 156|0x0000000089c00000, 0x0000000089c00000, 0x0000000089d00000|  0%| F|  |TAMS 0x0000000089c00000, 0x0000000089c00000| Untracked 
| 157|0x0000000089d00000, 0x0000000089d00000, 0x0000000089e00000|  0%| F|  |TAMS 0x0000000089d00000, 0x0000000089d00000| Untracked 
| 158|0x0000000089e00000, 0x0000000089e00000, 0x0000000089f00000|  0%| F|  |TAMS 0x0000000089e00000, 0x0000000089e00000| Untracked 
| 159|0x0000000089f00000, 0x0000000089f00000, 0x000000008a000000|  0%| F|  |TAMS 0x0000000089f00000, 0x0000000089f00000| Untracked 
| 160|0x000000008a000000, 0x000000008a000000, 0x000000008a100000|  0%| F|  |TAMS 0x000000008a000000, 0x000000008a000000| Untracked 
| 161|0x000000008a100000, 0x000000008a100000, 0x000000008a200000|  0%| F|  |TAMS 0x000000008a100000, 0x000000008a100000| Untracked 
| 162|0x000000008a200000, 0x000000008a200000, 0x000000008a300000|  0%| F|  |TAMS 0x000000008a200000, 0x000000008a200000| Untracked 
| 163|0x000000008a300000, 0x000000008a300000, 0x000000008a400000|  0%| F|  |TAMS 0x000000008a300000, 0x000000008a300000| Untracked 
| 164|0x000000008a400000, 0x000000008a400000, 0x000000008a500000|  0%| F|  |TAMS 0x000000008a400000, 0x000000008a400000| Untracked 
| 165|0x000000008a500000, 0x000000008a500000, 0x000000008a600000|  0%| F|  |TAMS 0x000000008a500000, 0x000000008a500000| Untracked 
| 166|0x000000008a600000, 0x000000008a600000, 0x000000008a700000|  0%| F|  |TAMS 0x000000008a600000, 0x000000008a600000| Untracked 
| 167|0x000000008a700000, 0x000000008a700000, 0x000000008a800000|  0%| F|  |TAMS 0x000000008a700000, 0x000000008a700000| Untracked 
| 168|0x000000008a800000, 0x000000008a800000, 0x000000008a900000|  0%| F|  |TAMS 0x000000008a800000, 0x000000008a800000| Untracked 
| 169|0x000000008a900000, 0x000000008a900000, 0x000000008aa00000|  0%| F|  |TAMS 0x000000008a900000, 0x000000008a900000| Untracked 
| 170|0x000000008aa00000, 0x000000008aa00000, 0x000000008ab00000|  0%| F|  |TAMS 0x000000008aa00000, 0x000000008aa00000| Untracked 
| 171|0x000000008ab00000, 0x000000008ab00000, 0x000000008ac00000|  0%| F|  |TAMS 0x000000008ab00000, 0x000000008ab00000| Untracked 
| 172|0x000000008ac00000, 0x000000008ac00000, 0x000000008ad00000|  0%| F|  |TAMS 0x000000008ac00000, 0x000000008ac00000| Untracked 
| 173|0x000000008ad00000, 0x000000008ad216c0, 0x000000008ae00000| 13%| S|CS|TAMS 0x000000008ad00000, 0x000000008ad00000| Complete 
| 174|0x000000008ae00000, 0x000000008af00000, 0x000000008af00000|100%| S|CS|TAMS 0x000000008ae00000, 0x000000008ae00000| Complete 
| 175|0x000000008af00000, 0x000000008af00000, 0x000000008b000000|  0%| F|  |TAMS 0x000000008af00000, 0x000000008af00000| Untracked 
| 176|0x000000008b000000, 0x000000008b000000, 0x000000008b100000|  0%| F|  |TAMS 0x000000008b000000, 0x000000008b000000| Untracked 
| 177|0x000000008b100000, 0x000000008b100000, 0x000000008b200000|  0%| F|  |TAMS 0x000000008b100000, 0x000000008b100000| Untracked 
| 178|0x000000008b200000, 0x000000008b200000, 0x000000008b300000|  0%| F|  |TAMS 0x000000008b200000, 0x000000008b200000| Untracked 
| 179|0x000000008b300000, 0x000000008b300000, 0x000000008b400000|  0%| F|  |TAMS 0x000000008b300000, 0x000000008b300000| Untracked 
| 180|0x000000008b400000, 0x000000008b400000, 0x000000008b500000|  0%| F|  |TAMS 0x000000008b400000, 0x000000008b400000| Untracked 
| 181|0x000000008b500000, 0x000000008b500000, 0x000000008b600000|  0%| F|  |TAMS 0x000000008b500000, 0x000000008b500000| Untracked 
| 182|0x000000008b600000, 0x000000008b600000, 0x000000008b700000|  0%| F|  |TAMS 0x000000008b600000, 0x000000008b600000| Untracked 
| 183|0x000000008b700000, 0x000000008b700000, 0x000000008b800000|  0%| F|  |TAMS 0x000000008b700000, 0x000000008b700000| Untracked 
| 184|0x000000008b800000, 0x000000008b800000, 0x000000008b900000|  0%| F|  |TAMS 0x000000008b800000, 0x000000008b800000| Untracked 
| 185|0x000000008b900000, 0x000000008b900000, 0x000000008ba00000|  0%| F|  |TAMS 0x000000008b900000, 0x000000008b900000| Untracked 
| 186|0x000000008ba00000, 0x000000008ba00000, 0x000000008bb00000|  0%| F|  |TAMS 0x000000008ba00000, 0x000000008ba00000| Untracked 
| 187|0x000000008bb00000, 0x000000008bb00000, 0x000000008bc00000|  0%| F|  |TAMS 0x000000008bb00000, 0x000000008bb00000| Untracked 
| 188|0x000000008bc00000, 0x000000008bc00000, 0x000000008bd00000|  0%| F|  |TAMS 0x000000008bc00000, 0x000000008bc00000| Untracked 
| 189|0x000000008bd00000, 0x000000008bd00000, 0x000000008be00000|  0%| F|  |TAMS 0x000000008bd00000, 0x000000008bd00000| Untracked 
| 190|0x000000008be00000, 0x000000008be00000, 0x000000008bf00000|  0%| F|  |TAMS 0x000000008be00000, 0x000000008be00000| Untracked 
| 191|0x000000008bf00000, 0x000000008bf00000, 0x000000008c000000|  0%| F|  |TAMS 0x000000008bf00000, 0x000000008bf00000| Untracked 
| 192|0x000000008c000000, 0x000000008c000000, 0x000000008c100000|  0%| F|  |TAMS 0x000000008c000000, 0x000000008c000000| Untracked 
| 193|0x000000008c100000, 0x000000008c100000, 0x000000008c200000|  0%| F|  |TAMS 0x000000008c100000, 0x000000008c100000| Untracked 
| 194|0x000000008c200000, 0x000000008c200000, 0x000000008c300000|  0%| F|  |TAMS 0x000000008c200000, 0x000000008c200000| Untracked 
| 195|0x000000008c300000, 0x000000008c3ab568, 0x000000008c400000| 66%| E|  |TAMS 0x000000008c300000, 0x000000008c300000| Complete 
| 196|0x000000008c400000, 0x000000008c500000, 0x000000008c500000|100%| E|CS|TAMS 0x000000008c400000, 0x000000008c400000| Complete 
| 197|0x000000008c500000, 0x000000008c600000, 0x000000008c600000|100%| E|CS|TAMS 0x000000008c500000, 0x000000008c500000| Complete 
| 198|0x000000008c600000, 0x000000008c700000, 0x000000008c700000|100%| E|CS|TAMS 0x000000008c600000, 0x000000008c600000| Complete 
| 199|0x000000008c700000, 0x000000008c800000, 0x000000008c800000|100%| E|CS|TAMS 0x000000008c700000, 0x000000008c700000| Complete 
| 200|0x000000008c800000, 0x000000008c900000, 0x000000008c900000|100%| E|CS|TAMS 0x000000008c800000, 0x000000008c800000| Complete 
| 201|0x000000008c900000, 0x000000008ca00000, 0x000000008ca00000|100%| E|CS|TAMS 0x000000008c900000, 0x000000008c900000| Complete 
| 202|0x000000008ca00000, 0x000000008cb00000, 0x000000008cb00000|100%| E|CS|TAMS 0x000000008ca00000, 0x000000008ca00000| Complete 
| 203|0x000000008cb00000, 0x000000008cc00000, 0x000000008cc00000|100%| E|CS|TAMS 0x000000008cb00000, 0x000000008cb00000| Complete 
| 204|0x000000008cc00000, 0x000000008cd00000, 0x000000008cd00000|100%| E|CS|TAMS 0x000000008cc00000, 0x000000008cc00000| Complete 
| 205|0x000000008cd00000, 0x000000008ce00000, 0x000000008ce00000|100%| E|CS|TAMS 0x000000008cd00000, 0x000000008cd00000| Complete 

Card table byte_map: [0x0000013172780000,0x0000013172b80000] _byte_map_base: 0x0000013172380000

Marking Bits (Prev, Next): (CMBitMap*) 0x000001315f59b630, (CMBitMap*) 0x000001315f59b5f8
 Prev Bits: [0x0000013174f80000, 0x0000013176f80000)
 Next Bits: [0x0000013172f80000, 0x0000013174f80000)

Polling page: 0x000001315d570000

Metaspace:

Usage:
  Non-class:    108.06 MB capacity,   105.06 MB ( 97%) used,     2.49 MB (  2%) free+waste,   527.25 KB ( <1%) overhead. 
      Class:     16.63 MB capacity,    15.01 MB ( 90%) used,     1.39 MB (  8%) free+waste,   233.31 KB (  1%) overhead. 
       Both:    124.69 MB capacity,   120.08 MB ( 96%) used,     3.87 MB (  3%) free+waste,   760.56 KB ( <1%) overhead. 

Virtual space:
  Non-class space:      110.00 MB reserved,     108.20 MB ( 98%) committed 
      Class space:        1.00 GB reserved,      16.75 MB (  2%) committed 
             Both:        1.11 GB reserved,     124.95 MB ( 11%) committed 

Chunk freelists:
   Non-Class:  11.00 KB
       Class:  0 bytes
        Both:  11.00 KB

MaxMetaspaceSize: 17179869184.00 GB
CompressedClassSpaceSize: 1.00 GB

CodeHeap 'non-profiled nmethods': size=120000Kb used=16369Kb max_used=16781Kb free=103630Kb
 bounds [0x000001316ab20000, 0x000001316bb90000, 0x0000013172050000]
CodeHeap 'profiled nmethods': size=120000Kb used=53026Kb max_used=55298Kb free=66973Kb
 bounds [0x00000131635f0000, 0x0000013166c10000, 0x000001316ab20000]
CodeHeap 'non-nmethods': size=5760Kb used=2377Kb max_used=2440Kb free=3382Kb
 bounds [0x0000013163050000, 0x00000131632c0000, 0x00000131635f0000]
 total_blobs=24391 nmethods=23387 adapters=913
 compilation: enabled
              stopped_count=0, restarted_count=0
 full_count=0

Compilation events (20 events):
Event: 4503.898 Thread 0x00000131799e6800 nmethod 27177 0x000001316ae49d10 code [0x000001316ae49ec0, 0x000001316ae49f78]
Event: 4503.898 Thread 0x00000131799e1800 27178   !   4       org.gradle.internal.event.DefaultListenerManager::getBroadcasterInternal (155 bytes)
Event: 4503.950 Thread 0x00000131799e6800 27179       3       org.gradle.internal.io.RandomAccessFileOutputStream::<init> (10 bytes)
Event: 4503.950 Thread 0x00000131799e6800 nmethod 27179 0x000001316374ab10 code [0x000001316374acc0, 0x000001316374aed8]
Event: 4503.980 Thread 0x00000131799e6800 27180       1       org.gradle.api.internal.artifacts.ivyservice.modulecache.FileStoreAndIndexProvider::getExternalResourceFileStore (5 bytes)
Event: 4503.980 Thread 0x00000131799e6800 nmethod 27180 0x000001316ae6c890 code [0x000001316ae6ca40, 0x000001316ae6caf8]
Event: 4504.009 Thread 0x00000131799e6800 27182       1       org.gradle.api.internal.project.DefaultProject::getClassLoaderScope (5 bytes)
Event: 4504.009 Thread 0x00000131799e6800 nmethod 27182 0x000001316ae6c590 code [0x000001316ae6c740, 0x000001316ae6c7f8]
Event: 4504.017 Thread 0x00000131799e6800 27183       3       org.gradle.model.internal.registry.DefaultModelRegistry$ModelGoal::<init> (5 bytes)
Event: 4504.017 Thread 0x00000131799e6800 nmethod 27183 0x00000131637a0890 code [0x00000131637a0a60, 0x00000131637a0c98]
Event: 4504.018 Thread 0x00000131799e6800 27184       3       org.gradle.model.internal.registry.DefaultModelRegistry$ModelGoal::<init> (12 bytes)
Event: 4504.018 Thread 0x00000131799e6800 nmethod 27184 0x00000131636b7e10 code [0x00000131636b7fc0, 0x00000131636b8178]
Event: 4504.026 Thread 0x00000131799e6800 27186       3       groovy.lang.Closure::rehydrate (30 bytes)
Event: 4504.027 Thread 0x00000131799e6800 nmethod 27186 0x00000131637a0190 code [0x00000131637a0360, 0x00000131637a0728]
Event: 4504.027 Thread 0x00000131799e6800 27187       3       org.gradle.util.ClosureBackedAction::<init> (20 bytes)
Event: 4504.027 Thread 0x00000131799e6800 nmethod 27187 0x00000131636d8890 code [0x00000131636d8a40, 0x00000131636d8bf8]
Event: 4504.034 Thread 0x00000131799e6800 27188       1       org.gradle.invocation.DefaultGradle::getParent (5 bytes)
Event: 4504.034 Thread 0x00000131799e6800 nmethod 27188 0x000001316ae6c290 code [0x000001316ae6c440, 0x000001316ae6c4f8]
Event: 4504.043 Thread 0x00000131799e6800 27189       3       org.gradle.api.internal.attributes.AttributeDesugaring::<init> (17 bytes)
Event: 4504.046 Thread 0x00000131799e6800 nmethod 27189 0x000001316379f890 code [0x000001316379fa80, 0x000001316379ffb8]

GC Heap History (20 events):
Event: 4250.665 GC heap before
{Heap before GC invocations=176 (full 0):
 garbage-first heap   total 210944K, used 141950K [0x0000000080000000, 0x0000000100000000)
  region size 1024K, 44 young (45056K), 2 survivors (2048K)
 Metaspace       used 122549K, capacity 127307K, committed 127564K, reserved 1159168K
  class space    used 15359K, capacity 17007K, committed 17024K, reserved 1048576K
}
Event: 4250.677 GC heap after
{Heap after GC invocations=177 (full 0):
 garbage-first heap   total 210944K, used 101422K [0x0000000080000000, 0x0000000100000000)
  region size 1024K, 2 young (2048K), 2 survivors (2048K)
 Metaspace       used 122549K, capacity 127307K, committed 127564K, reserved 1159168K
  class space    used 15359K, capacity 17007K, committed 17024K, reserved 1048576K
}
Event: 4315.583 GC heap before
{Heap before GC invocations=178 (full 0):
 garbage-first heap   total 210944K, used 173102K [0x0000000080000000, 0x0000000100000000)
  region size 1024K, 61 young (62464K), 2 survivors (2048K)
 Metaspace       used 122697K, capacity 127454K, committed 127564K, reserved 1159168K
  class space    used 15368K, capacity 17022K, committed 17024K, reserved 1048576K
}
Event: 4315.634 GC heap after
{Heap after GC invocations=179 (full 0):
 garbage-first heap   total 210944K, used 106783K [0x0000000080000000, 0x0000000100000000)
  region size 1024K, 7 young (7168K), 7 survivors (7168K)
 Metaspace       used 122697K, capacity 127454K, committed 127564K, reserved 1159168K
  class space    used 15368K, capacity 17022K, committed 17024K, reserved 1048576K
}
Event: 4315.663 GC heap before
{Heap before GC invocations=179 (full 0):
 garbage-first heap   total 210944K, used 108831K [0x0000000080000000, 0x0000000100000000)
  region size 1024K, 10 young (10240K), 7 survivors (7168K)
 Metaspace       used 122702K, capacity 127454K, committed 127564K, reserved 1159168K
  class space    used 15368K, capacity 17022K, committed 17024K, reserved 1048576K
}
Event: 4315.820 GC heap after
{Heap after GC invocations=180 (full 0):
 garbage-first heap   total 210944K, used 101200K [0x0000000080000000, 0x0000000100000000)
  region size 1024K, 1 young (1024K), 1 survivors (1024K)
 Metaspace       used 122702K, capacity 127454K, committed 127564K, reserved 1159168K
  class space    used 15368K, capacity 17022K, committed 17024K, reserved 1048576K
}
Event: 4316.375 GC heap before
{Heap before GC invocations=180 (full 0):
 garbage-first heap   total 210944K, used 130896K [0x0000000080000000, 0x0000000100000000)
  region size 1024K, 31 young (31744K), 1 survivors (1024K)
 Metaspace       used 122801K, capacity 127550K, committed 127692K, reserved 1159168K
  class space    used 15371K, capacity 17027K, committed 17152K, reserved 1048576K
}
Event: 4316.386 GC heap after
{Heap after GC invocations=181 (full 0):
 garbage-first heap   total 210944K, used 101118K [0x0000000080000000, 0x0000000100000000)
  region size 1024K, 1 young (1024K), 1 survivors (1024K)
 Metaspace       used 122801K, capacity 127550K, committed 127692K, reserved 1159168K
  class space    used 15371K, capacity 17027K, committed 17152K, reserved 1048576K
}
Event: 4458.481 GC heap before
{Heap before GC invocations=182 (full 0):
 garbage-first heap   total 210944K, used 176894K [0x0000000080000000, 0x0000000100000000)
  region size 1024K, 62 young (63488K), 1 survivors (1024K)
 Metaspace       used 122907K, capacity 127615K, committed 127948K, reserved 1161216K
  class space    used 15371K, capacity 17027K, committed 17152K, reserved 1048576K
}
Event: 4458.597 GC heap after
{Heap after GC invocations=183 (full 0):
 garbage-first heap   total 210944K, used 118220K [0x0000000080000000, 0x0000000100000000)
  region size 1024K, 8 young (8192K), 8 survivors (8192K)
 Metaspace       used 122907K, capacity 127615K, committed 127948K, reserved 1161216K
  class space    used 15371K, capacity 17027K, committed 17152K, reserved 1048576K
}
Event: 4458.632 GC heap before
{Heap before GC invocations=183 (full 0):
 garbage-first heap   total 210944K, used 120268K [0x0000000080000000, 0x0000000100000000)
  region size 1024K, 10 young (10240K), 8 survivors (8192K)
 Metaspace       used 122907K, capacity 127615K, committed 127948K, reserved 1161216K
  class space    used 15371K, capacity 17027K, committed 17152K, reserved 1048576K
}
Event: 4458.791 GC heap after
{Heap after GC invocations=184 (full 0):
 garbage-first heap   total 210944K, used 114688K [0x0000000080000000, 0x0000000100000000)
  region size 1024K, 1 young (1024K), 1 survivors (1024K)
 Metaspace       used 122907K, capacity 127615K, committed 127948K, reserved 1161216K
  class space    used 15371K, capacity 17027K, committed 17152K, reserved 1048576K
}
Event: 4458.903 GC heap before
{Heap before GC invocations=184 (full 0):
 garbage-first heap   total 210944K, used 124928K [0x0000000080000000, 0x0000000100000000)
  region size 1024K, 13 young (13312K), 1 survivors (1024K)
 Metaspace       used 122912K, capacity 127615K, committed 127948K, reserved 1161216K
  class space    used 15371K, capacity 17027K, committed 17152K, reserved 1048576K
}
Event: 4458.920 GC heap after
{Heap after GC invocations=185 (full 0):
 garbage-first heap   total 210944K, used 120832K [0x0000000080000000, 0x0000000100000000)
  region size 1024K, 6 young (6144K), 6 survivors (6144K)
 Metaspace       used 122912K, capacity 127615K, committed 127948K, reserved 1161216K
  class space    used 15371K, capacity 17027K, committed 17152K, reserved 1048576K
}
Event: 4463.440 GC heap before
{Heap before GC invocations=186 (full 0):
 garbage-first heap   total 210944K, used 177152K [0x0000000080000000, 0x0000000100000000)
  region size 1024K, 47 young (48128K), 6 survivors (6144K)
 Metaspace       used 122943K, capacity 127685K, committed 127948K, reserved 1161216K
  class space    used 15372K, capacity 17028K, committed 17152K, reserved 1048576K
}
Event: 4463.505 GC heap after
{Heap after GC invocations=187 (full 0):
 garbage-first heap   total 210944K, used 126275K [0x0000000080000000, 0x0000000100000000)
  region size 1024K, 6 young (6144K), 6 survivors (6144K)
 Metaspace       used 122943K, capacity 127685K, committed 127948K, reserved 1161216K
  class space    used 15372K, capacity 17028K, committed 17152K, reserved 1048576K
}
Event: 4463.520 GC heap before
{Heap before GC invocations=187 (full 0):
 garbage-first heap   total 210944K, used 129347K [0x0000000080000000, 0x0000000100000000)
  region size 1024K, 10 young (10240K), 6 survivors (6144K)
 Metaspace       used 122943K, capacity 127685K, committed 127948K, reserved 1161216K
  class space    used 15372K, capacity 17028K, committed 17152K, reserved 1048576K
}
Event: 4463.578 GC heap after
{Heap after GC invocations=188 (full 0):
 garbage-first heap   total 210944K, used 116352K [0x0000000080000000, 0x0000000100000000)
  region size 1024K, 1 young (1024K), 1 survivors (1024K)
 Metaspace       used 122943K, capacity 127685K, committed 127948K, reserved 1161216K
  class space    used 15372K, capacity 17028K, committed 17152K, reserved 1048576K
}
Event: 4471.934 GC heap before
{Heap before GC invocations=188 (full 0):
 garbage-first heap   total 210944K, used 145024K [0x0000000080000000, 0x0000000100000000)
  region size 1024K, 31 young (31744K), 1 survivors (1024K)
 Metaspace       used 122946K, capacity 127685K, committed 127948K, reserved 1161216K
  class space    used 15372K, capacity 17028K, committed 17152K, reserved 1048576K
}
Event: 4471.945 GC heap after
{Heap after GC invocations=189 (full 0):
 garbage-first heap   total 210944K, used 116869K [0x0000000080000000, 0x0000000100000000)
  region size 1024K, 2 young (2048K), 2 survivors (2048K)
 Metaspace       used 122946K, capacity 127685K, committed 127948K, reserved 1161216K
  class space    used 15372K, capacity 17028K, committed 17152K, reserved 1048576K
}

Deoptimization events (20 events):
Event: 4458.816 Thread 0x000001310224d800 DEOPT PACKING pc=0x0000013166363222 sp=0x00000021674faf80
Event: 4458.817 Thread 0x000001310224d800 DEOPT UNPACKING pc=0x00000131630776ce sp=0x00000021674fa4d0 mode 0
Event: 4459.321 Thread 0x0000013102252800 DEOPT PACKING pc=0x000001316ba5ceac sp=0x0000002167dfc740
Event: 4459.321 Thread 0x0000013102252800 DEOPT UNPACKING pc=0x00000131630776ce sp=0x0000002167dfbaf0 mode 0
Event: 4463.236 Thread 0x0000013102ea3000 DEOPT PACKING pc=0x00000131663aeaaa sp=0x00000021682fcd00
Event: 4463.237 Thread 0x0000013102ea3000 DEOPT UNPACKING pc=0x00000131630776ce sp=0x00000021682fc3b0 mode 0
Event: 4463.363 Thread 0x0000013102ea3000 DEOPT PACKING pc=0x0000013164079e9b sp=0x00000021682fd620
Event: 4463.364 Thread 0x0000013102ea3000 DEOPT UNPACKING pc=0x00000131630776ce sp=0x00000021682fcc30 mode 0
Event: 4494.475 Thread 0x0000013102ea1800 Uncommon trap: trap_request=0xffffff4d fr.pc=0x000001316b9f2c08 relative=0x0000000000000748
Event: 4494.476 Thread 0x0000013102ea1800 Uncommon trap: reason=unstable_if action=reinterpret pc=0x000001316b9f2c08 method=java.text.DecimalFormat.format(JLjava/lang/StringBuffer;Ljava/text/Format$FieldDelegate;)Ljava/lang/StringBuffer; @ 136 c2
Event: 4494.476 Thread 0x0000013102ea1800 DEOPT PACKING pc=0x000001316b9f2c08 sp=0x0000002167afe800
Event: 4494.476 Thread 0x0000013102ea1800 DEOPT UNPACKING pc=0x00000131630778af sp=0x0000002167afe798 mode 2
Event: 4494.477 Thread 0x0000013102ea1800 Uncommon trap: trap_request=0xffffff4d fr.pc=0x000001316b76a1d8 relative=0x00000000000003b8
Event: 4494.477 Thread 0x0000013102ea1800 Uncommon trap: reason=unstable_if action=reinterpret pc=0x000001316b76a1d8 method=java.text.DigitList.set(ZJI)V @ 8 c2
Event: 4494.477 Thread 0x0000013102ea1800 DEOPT PACKING pc=0x000001316b76a1d8 sp=0x0000002167afe730
Event: 4494.477 Thread 0x0000013102ea1800 DEOPT UNPACKING pc=0x00000131630778af sp=0x0000002167afe6f0 mode 2
Event: 4494.477 Thread 0x0000013102ea1800 Uncommon trap: trap_request=0xffffff4d fr.pc=0x000001316b7773a8 relative=0x0000000000001d08
Event: 4494.477 Thread 0x0000013102ea1800 Uncommon trap: reason=unstable_if action=reinterpret pc=0x000001316b7773a8 method=java.text.DigitList.isZero()Z @ 7 c2
Event: 4494.477 Thread 0x0000013102ea1800 DEOPT PACKING pc=0x000001316b7773a8 sp=0x0000002167afe6b0
Event: 4494.478 Thread 0x0000013102ea1800 DEOPT UNPACKING pc=0x00000131630778af sp=0x0000002167afe5c0 mode 2

Classes redefined (0 events):
No events

Internal exceptions (20 events):
Event: 4308.948 Thread 0x0000013102ea7000 Exception <a 'sun/nio/fs/WindowsException'{0x000000008b7e3fc0}> (0x000000008b7e3fc0) thrown at [./src/hotspot/share/prims/jni.cpp, line 615]
Event: 4309.632 Thread 0x0000013102ea7000 Exception <a 'sun/nio/fs/WindowsException'{0x000000008aed7460}> (0x000000008aed7460) thrown at [./src/hotspot/share/prims/jni.cpp, line 615]
Event: 4309.651 Thread 0x0000013102ea7000 Exception <a 'sun/nio/fs/WindowsException'{0x000000008ad728c0}> (0x000000008ad728c0) thrown at [./src/hotspot/share/prims/jni.cpp, line 615]
Event: 4309.652 Thread 0x0000013102ea7000 Exception <a 'sun/nio/fs/WindowsException'{0x000000008ad73990}> (0x000000008ad73990) thrown at [./src/hotspot/share/prims/jni.cpp, line 615]
Event: 4309.652 Thread 0x0000013102ea7000 Exception <a 'sun/nio/fs/WindowsException'{0x000000008ad74ab0}> (0x000000008ad74ab0) thrown at [./src/hotspot/share/prims/jni.cpp, line 615]
Event: 4309.652 Thread 0x0000013102ea7000 Exception <a 'sun/nio/fs/WindowsException'{0x000000008ad75bd0}> (0x000000008ad75bd0) thrown at [./src/hotspot/share/prims/jni.cpp, line 615]
Event: 4310.161 Thread 0x0000013102eae800 Exception <a 'java/lang/InterruptedException'{0x00000000896ed750}> (0x00000000896ed750) thrown at [./src/hotspot/share/runtime/objectMonitor.cpp, line 1635]
Event: 4315.869 Thread 0x000001317c8a2000 Exception <a 'sun/nio/fs/WindowsException'{0x000000008cbadb30}> (0x000000008cbadb30) thrown at [./src/hotspot/share/prims/jni.cpp, line 615]
Event: 4316.122 Thread 0x000001317c8a2000 Exception <a 'sun/nio/fs/WindowsException'{0x000000008c076ff0}> (0x000000008c076ff0) thrown at [./src/hotspot/share/prims/jni.cpp, line 615]
Event: 4316.179 Thread 0x000001317c89f000 Exception <a 'sun/nio/fs/WindowsException'{0x000000008c954388}> (0x000000008c954388) thrown at [./src/hotspot/share/prims/jni.cpp, line 615]
Event: 4316.192 Thread 0x000001317c89f000 Exception <a 'sun/nio/fs/WindowsException'{0x000000008bec5528}> (0x000000008bec5528) thrown at [./src/hotspot/share/prims/jni.cpp, line 615]
Event: 4456.961 Thread 0x000001317c8a3000 Exception <a 'sun/nio/fs/WindowsException'{0x000000008b5ae248}> (0x000000008b5ae248) thrown at [./src/hotspot/share/prims/jni.cpp, line 615]
Event: 4457.467 Thread 0x000001317c8a3000 Exception <a 'sun/nio/fs/WindowsException'{0x000000008ab75468}> (0x000000008ab75468) thrown at [./src/hotspot/share/prims/jni.cpp, line 615]
Event: 4457.515 Thread 0x000001317c8a3000 Exception <a 'sun/nio/fs/WindowsException'{0x000000008aa15298}> (0x000000008aa15298) thrown at [./src/hotspot/share/prims/jni.cpp, line 615]
Event: 4457.515 Thread 0x000001317c8a3000 Exception <a 'sun/nio/fs/WindowsException'{0x000000008aa16258}> (0x000000008aa16258) thrown at [./src/hotspot/share/prims/jni.cpp, line 615]
Event: 4457.515 Thread 0x000001317c8a3000 Exception <a 'sun/nio/fs/WindowsException'{0x000000008aa17268}> (0x000000008aa17268) thrown at [./src/hotspot/share/prims/jni.cpp, line 615]
Event: 4457.515 Thread 0x000001317c8a3000 Exception <a 'sun/nio/fs/WindowsException'{0x000000008aa184b8}> (0x000000008aa184b8) thrown at [./src/hotspot/share/prims/jni.cpp, line 615]
Event: 4463.375 Thread 0x0000013102ea3000 Exception <a 'sun/nio/fs/WindowsException'{0x000000008a66fa40}> (0x000000008a66fa40) thrown at [./src/hotspot/share/prims/jni.cpp, line 615]
Event: 4463.375 Thread 0x0000013102ea3000 Exception <a 'sun/nio/fs/WindowsException'{0x000000008a66fb28}> (0x000000008a66fb28) thrown at [./src/hotspot/share/prims/jni.cpp, line 615]
Event: 4464.459 Thread 0x0000013102eaa800 Exception <a 'java/lang/InterruptedException'{0x000000008c352ff0}> (0x000000008c352ff0) thrown at [./src/hotspot/share/runtime/objectMonitor.cpp, line 1635]

Events (20 events):
Event: 4472.392 Executing VM operation: RevokeBias
Event: 4472.393 Executing VM operation: RevokeBias done
Event: 4472.393 Executing VM operation: RevokeBias
Event: 4472.394 Executing VM operation: RevokeBias done
Event: 4472.394 Thread 0x000001317c8a2000 Thread exited: 0x000001317c8a2000
Event: 4494.444 Executing VM operation: RevokeBias
Event: 4494.444 Executing VM operation: RevokeBias done
Event: 4494.478 Executing VM operation: RevokeBias
Event: 4494.478 Executing VM operation: RevokeBias done
Event: 4503.821 Thread 0x000001317c9c5000 Thread added: 0x000001317c9c5000
Event: 4503.844 Thread 0x000001317c9c5800 Thread added: 0x000001317c9c5800
Event: 4503.853 Thread 0x000001317c9c2800 Thread added: 0x000001317c9c2800
Event: 4503.856 Thread 0x000001317c9ce000 Thread added: 0x000001317c9ce000
Event: 4503.857 Thread 0x000001310224b000 Thread added: 0x000001310224b000
Event: 4503.895 Thread 0x0000013102249800 Thread added: 0x0000013102249800
Event: 4503.921 Thread 0x0000013102246000 Thread added: 0x0000013102246000
Event: 4503.934 Thread 0x000001310224c000 Thread added: 0x000001310224c000
Event: 4503.948 Thread 0x000001310224c800 Thread added: 0x000001310224c800
Event: 4503.996 Thread 0x0000013102247000 Thread added: 0x0000013102247000
Event: 4504.037 Thread 0x000001310224d800 Thread added: 0x000001310224d800


Dynamic libraries:
0x00007ff6370a0000 - 0x00007ff6370aa000 	C:\Program Files\Android\Android Studio\jre\bin\java.exe
0x00007ffcb7ab0000 - 0x00007ffcb7ca5000 	C:\WINDOWS\SYSTEM32\ntdll.dll
0x00007ffcb5bb0000 - 0x00007ffcb5c6d000 	C:\WINDOWS\System32\KERNEL32.DLL
0x00007ffcb5730000 - 0x00007ffcb59f9000 	C:\WINDOWS\System32\KERNELBASE.dll
0x00007ffcb5540000 - 0x00007ffcb5640000 	C:\WINDOWS\System32\ucrtbase.dll
0x00007ffcb13a0000 - 0x00007ffcb13b7000 	C:\Program Files\Android\Android Studio\jre\bin\VCRUNTIME140.dll
0x00007ffcb2970000 - 0x00007ffcb2989000 	C:\Program Files\Android\Android Studio\jre\bin\jli.dll
0x00007ffcb5d10000 - 0x00007ffcb5eb0000 	C:\WINDOWS\System32\USER32.dll
0x00007ffca4430000 - 0x00007ffca46ca000 	C:\WINDOWS\WinSxS\amd64_microsoft.windows.common-controls_6595b64144ccf1df_6.0.19041.1110_none_60b5254171f9507e\COMCTL32.dll
0x00007ffcb5a00000 - 0x00007ffcb5a22000 	C:\WINDOWS\System32\win32u.dll
0x00007ffcb6880000 - 0x00007ffcb68aa000 	C:\WINDOWS\System32\GDI32.dll
0x00007ffcb5b10000 - 0x00007ffcb5bae000 	C:\WINDOWS\System32\msvcrt.dll
0x00007ffcb5390000 - 0x00007ffcb549b000 	C:\WINDOWS\System32\gdi32full.dll
0x00007ffcb54a0000 - 0x00007ffcb553d000 	C:\WINDOWS\System32\msvcp_win.dll
0x00007ffcb5f10000 - 0x00007ffcb5f40000 	C:\WINDOWS\System32\IMM32.DLL
0x00007ffca0e10000 - 0x00007ffca0ead000 	C:\Program Files\Android\Android Studio\jre\bin\msvcp140.dll
0x00007ffc67240000 - 0x00007ffc67d0f000 	C:\Program Files\Android\Android Studio\jre\bin\server\jvm.dll
0x00007ffcb6d50000 - 0x00007ffcb6dfc000 	C:\WINDOWS\System32\ADVAPI32.dll
0x00007ffcb5c70000 - 0x00007ffcb5d0b000 	C:\WINDOWS\System32\sechost.dll
0x00007ffcb7550000 - 0x00007ffcb767a000 	C:\WINDOWS\System32\RPCRT4.dll
0x00007ffcb6b00000 - 0x00007ffcb6b08000 	C:\WINDOWS\System32\PSAPI.DLL
0x00007ffcae780000 - 0x00007ffcae78a000 	C:\WINDOWS\SYSTEM32\VERSION.dll
0x00007ffcaba90000 - 0x00007ffcabab7000 	C:\WINDOWS\SYSTEM32\WINMM.dll
0x00007ffcb2810000 - 0x00007ffcb2819000 	C:\WINDOWS\SYSTEM32\WSOCK32.dll
0x00007ffcb6800000 - 0x00007ffcb686b000 	C:\WINDOWS\System32\ws2_32.DLL
0x00007ffcb30f0000 - 0x00007ffcb3102000 	C:\WINDOWS\SYSTEM32\kernel.appcore.dll
0x00007ffcafa70000 - 0x00007ffcafa81000 	C:\Program Files\Android\Android Studio\jre\bin\verify.dll
0x00007ffcad680000 - 0x00007ffcad864000 	C:\WINDOWS\SYSTEM32\DBGHELP.DLL
0x00007ffca3c20000 - 0x00007ffca3c4c000 	C:\WINDOWS\SYSTEM32\dbgcore.DLL
0x00007ffcb56a0000 - 0x00007ffcb5723000 	C:\WINDOWS\System32\bcryptPrimitives.dll
0x00007ffcae5d0000 - 0x00007ffcae5f9000 	C:\Program Files\Android\Android Studio\jre\bin\java.dll
0x00007ffcb0c90000 - 0x00007ffcb0c9b000 	C:\Program Files\Android\Android Studio\jre\bin\jimage.dll
0x00007ffcafa50000 - 0x00007ffcafa68000 	C:\Program Files\Android\Android Studio\jre\bin\zip.dll
0x00007ffcb60c0000 - 0x00007ffcb67ff000 	C:\WINDOWS\System32\SHELL32.dll
0x00007ffcb32f0000 - 0x00007ffcb3a80000 	C:\WINDOWS\SYSTEM32\windows.storage.dll
0x00007ffcb7710000 - 0x00007ffcb7a65000 	C:\WINDOWS\System32\combase.dll
0x00007ffcb4b70000 - 0x00007ffcb4b9c000 	C:\WINDOWS\SYSTEM32\Wldp.dll
0x00007ffcb6010000 - 0x00007ffcb60be000 	C:\WINDOWS\System32\SHCORE.dll
0x00007ffcb5eb0000 - 0x00007ffcb5f05000 	C:\WINDOWS\System32\shlwapi.dll
0x00007ffcb5120000 - 0x00007ffcb513f000 	C:\WINDOWS\SYSTEM32\profapi.dll
0x00007ffcaeec0000 - 0x00007ffcaeeda000 	C:\Program Files\Android\Android Studio\jre\bin\net.dll
0x00007ffca8d70000 - 0x00007ffca8e78000 	C:\WINDOWS\SYSTEM32\WINHTTP.dll
0x00007ffcb48d0000 - 0x00007ffcb493a000 	C:\WINDOWS\system32\mswsock.dll
0x00007ffcae520000 - 0x00007ffcae534000 	C:\Program Files\Android\Android Studio\jre\bin\nio.dll
0x00007ffca2fe0000 - 0x00007ffca3007000 	C:\Users\rasim\.gradle\native\8bec1ad78214c89d9ad589b4d07fe93259594b29d510b10fafb7a158f7737e5d\windows-amd64\native-platform.dll
0x00007ffc6d7d0000 - 0x00007ffc6d90d000 	C:\Users\rasim\.gradle\native\53dbd7edfb1c66fb8903c78663c9afc45aea4f116125fa6feffd364cf09443e8\windows-amd64\native-platform-file-events.dll
0x00007ffcb0c60000 - 0x00007ffcb0c6a000 	C:\Program Files\Android\Android Studio\jre\bin\management.dll
0x00007ffcb0380000 - 0x00007ffcb038c000 	C:\Program Files\Android\Android Studio\jre\bin\management_ext.dll
0x00007ffcb4ad0000 - 0x00007ffcb4ae8000 	C:\WINDOWS\SYSTEM32\CRYPTSP.dll
0x00007ffcb4250000 - 0x00007ffcb4284000 	C:\WINDOWS\system32\rsaenh.dll
0x00007ffcb5ae0000 - 0x00007ffcb5b07000 	C:\WINDOWS\System32\bcrypt.dll
0x00007ffcb50a0000 - 0x00007ffcb50ce000 	C:\WINDOWS\SYSTEM32\USERENV.dll
0x00007ffcb4ac0000 - 0x00007ffcb4acc000 	C:\WINDOWS\SYSTEM32\CRYPTBASE.dll
0x00007ffcb45c0000 - 0x00007ffcb45fb000 	C:\WINDOWS\SYSTEM32\IPHLPAPI.DLL
0x00007ffcb6870000 - 0x00007ffcb6878000 	C:\WINDOWS\System32\NSI.dll
0x00007ffcad4e0000 - 0x00007ffcad4f7000 	C:\WINDOWS\SYSTEM32\dhcpcsvc6.DLL
0x00007ffcae7b0000 - 0x00007ffcae7cd000 	C:\WINDOWS\SYSTEM32\dhcpcsvc.DLL
0x00007ffcb4600000 - 0x00007ffcb46cc000 	C:\WINDOWS\SYSTEM32\DNSAPI.dll
0x00007ffcb0180000 - 0x00007ffcb019e000 	C:\Users\rasim\AppData\Local\Temp\native-platform926354282865519416dir\native-platform.dll
0x00007ffcb1390000 - 0x00007ffcb1398000 	C:\Program Files\Android\Android Studio\jre\bin\rmi.dll
0x00007ffca5a60000 - 0x00007ffca5a87000 	C:\Program Files\Android\Android Studio\jre\bin\sunec.dll

dbghelp: loaded successfully - version: 4.0.5 - missing functions: none
symbol engine: initialized successfully - sym options: 0x614 - pdb path: .;C:\Program Files\Android\Android Studio\jre\bin;C:\WINDOWS\SYSTEM32;C:\WINDOWS\WinSxS\amd64_microsoft.windows.common-controls_6595b64144ccf1df_6.0.19041.1110_none_60b5254171f9507e;C:\Program Files\Android\Android Studio\jre\bin\server;C:\Users\rasim\.gradle\native\8bec1ad78214c89d9ad589b4d07fe93259594b29d510b10fafb7a158f7737e5d\windows-amd64;C:\Users\rasim\.gradle\native\53dbd7edfb1c66fb8903c78663c9afc45aea4f116125fa6feffd364cf09443e8\windows-amd64;C:\Users\rasim\AppData\Local\Temp\native-platform926354282865519416dir

VM Arguments:
jvm_args: --add-opens=java.base/java.util=ALL-UNNAMED --add-opens=java.base/java.lang=ALL-UNNAMED --add-opens=java.base/java.lang.invoke=ALL-UNNAMED --add-opens=java.base/java.util=ALL-UNNAMED --add-opens=java.prefs/java.util.prefs=ALL-UNNAMED --add-opens=java.prefs/java.util.prefs=ALL-UNNAMED --add-opens=java.base/java.nio.charset=ALL-UNNAMED --add-opens=java.base/java.net=ALL-UNNAMED --add-opens=java.base/java.util.concurrent.atomic=ALL-UNNAMED -Xmx2048m -Dfile.encoding=UTF-8 -Duser.country=TR -Duser.language=tr -Duser.variant 
java_command: org.gradle.launcher.daemon.bootstrap.GradleDaemon 7.0.2
java_class_path (initial): C:\Users\rasim\.gradle\wrapper\dists\gradle-7.0.2-bin\857tjihv64xamwrf0h14cai3r\gradle-7.0.2\lib\gradle-launcher-7.0.2.jar
Launcher Type: SUN_STANDARD

[Global flags]
     intx CICompilerCount                          = 4                                         {product} {ergonomic}
     uint ConcGCThreads                            = 2                                         {product} {ergonomic}
     uint G1ConcRefinementThreads                  = 8                                         {product} {ergonomic}
   size_t G1HeapRegionSize                         = 1048576                                   {product} {ergonomic}
    uintx GCDrainStackTargetSize                   = 64                                        {product} {ergonomic}
   size_t InitialHeapSize                          = 100663296                                 {product} {ergonomic}
   size_t MarkStackSize                            = 4194304                                   {product} {ergonomic}
   size_t MaxHeapSize                              = 2147483648                                {product} {command line}
   size_t MaxNewSize                               = 1287651328                                {product} {ergonomic}
   size_t MinHeapDeltaBytes                        = 1048576                                   {product} {ergonomic}
    uintx NonNMethodCodeHeapSize                   = 5836300                                {pd product} {ergonomic}
    uintx NonProfiledCodeHeapSize                  = 122910970                              {pd product} {ergonomic}
    uintx ProfiledCodeHeapSize                     = 122910970                              {pd product} {ergonomic}
    uintx ReservedCodeCacheSize                    = 251658240                              {pd product} {ergonomic}
     bool SegmentedCodeCache                       = true                                      {product} {ergonomic}
     bool UseCompressedClassPointers               = true                                 {lp64_product} {ergonomic}
     bool UseCompressedOops                        = true                                 {lp64_product} {ergonomic}
     bool UseG1GC                                  = true                                      {product} {ergonomic}
     bool UseLargePagesIndividualAllocation        = false                                  {pd product} {ergonomic}

Logging:
Log output configuration:
 #0: stdout all=warning uptime,level,tags
 #1: stderr all=off uptime,level,tags

Environment Variables:
PATH=C:\Program Files (x86)\Common Files\Oracle\Java\javapath;C:\Program Files (x86)\Qualcomm\QDART\\bin;C:\WINDOWS\system32;C:\WINDOWS;C:\WINDOWS\System32\Wbem;C:\WINDOWS\System32\WindowsPowerShell\v1.0\;C:\WINDOWS\System32\OpenSSH\;C:\Program Files (x86)\AMD\ATI.ACE\Core-Static;C:\Program Files\Git\cmd;C:\Program Files\PuTTY\;C:\Users\rasim\AppData\Local\Microsoft\WindowsApps;C:\Program Files\JetBrains\PyCharm 2020.2.1\bin;C:\Program Files\JetBrains\CLion 2020.3.2\bin;C:\Users\rasim\AppData\Local\GitHubDesktop\bin
USERNAME=rasim
OS=Windows_NT
PROCESSOR_IDENTIFIER=AMD64 Family 23 Model 24 Stepping 1, AuthenticAMD



---------------  S Y S T E M  ---------------

OS: Windows 10 , 64 bit Build 19041 (10.0.19041.1151)
OS uptime: 16 days 21:05 hours

CPU:total 8 (initial active 8) (8 cores per cpu, 2 threads per core) family 23 model 24 stepping 1 microcode 0x0, cmov, cx8, fxsr, mmx, sse, sse2, sse3, ssse3, sse4.1, sse4.2, popcnt, avx, avx2, aes, clmul, mmxext, 3dnowpref, lzcnt, sse4a, ht, tsc, tscinvbit, tscinv, bmi1, bmi2, adx, s

Memory: 4k page, system-wide physical 6091M (240M free)
TotalPageFile size 24523M (AvailPageFile size 6M)
current process WorkingSet (physical memory assigned to process): 320M, peak: 424M
current process commit charge ("private bytes"): 585M, peak: 598M

vm_info: OpenJDK 64-Bit Server VM (11.0.10+0-b96-7249189) for windows-amd64 JRE (11.0.10+0-b96-7249189), built on Mar 31 2021 21:44:00 by "builder" with MS VC++ 14.0 (VS2015)

END.
